[2022-12-12T05:37:45.419+0000] {processor.py:153} INFO - Started process (PID=98) to work on /home/airflow/.local/lib/python3.7/site-packages/airflow/example_dags/example_short_circuit_decorator.py
[2022-12-12T05:37:45.443+0000] {processor.py:743} INFO - Processing file /home/airflow/.local/lib/python3.7/site-packages/airflow/example_dags/example_short_circuit_decorator.py for tasks to queue
[2022-12-12T05:37:45.464+0000] {logging_mixin.py:137} INFO - [2022-12-12T05:37:45.463+0000] {dagbag.py:538} INFO - Filling up the DagBag from /home/airflow/.local/lib/python3.7/site-packages/airflow/example_dags/example_short_circuit_decorator.py
[2022-12-12T05:37:46.866+0000] {processor.py:753} INFO - DAG(s) dict_keys(['example_short_circuit_decorator']) retrieved from /home/airflow/.local/lib/python3.7/site-packages/airflow/example_dags/example_short_circuit_decorator.py
[2022-12-12T05:37:47.788+0000] {logging_mixin.py:137} INFO - [2022-12-12T05:37:47.788+0000] {dag.py:2676} INFO - Sync 1 DAGs
[2022-12-12T05:37:48.137+0000] {logging_mixin.py:137} INFO - [2022-12-12T05:37:48.136+0000] {dag.py:3427} INFO - Setting next_dagrun for example_short_circuit_decorator to 2022-12-11T05:37:48.135684+00:00, run_after=2022-12-12T05:37:48.135684+00:00
[2022-12-12T05:37:48.548+0000] {processor.py:175} INFO - Processing /home/airflow/.local/lib/python3.7/site-packages/airflow/example_dags/example_short_circuit_decorator.py took 3.298 seconds
[2022-12-12T05:39:08.885+0000] {processor.py:153} INFO - Started process (PID=191) to work on /home/airflow/.local/lib/python3.7/site-packages/airflow/example_dags/example_short_circuit_decorator.py
[2022-12-12T05:39:08.893+0000] {processor.py:743} INFO - Processing file /home/airflow/.local/lib/python3.7/site-packages/airflow/example_dags/example_short_circuit_decorator.py for tasks to queue
[2022-12-12T05:39:08.913+0000] {logging_mixin.py:137} INFO - [2022-12-12T05:39:08.913+0000] {dagbag.py:538} INFO - Filling up the DagBag from /home/airflow/.local/lib/python3.7/site-packages/airflow/example_dags/example_short_circuit_decorator.py
[2022-12-12T05:39:09.338+0000] {processor.py:753} INFO - DAG(s) dict_keys(['example_short_circuit_decorator']) retrieved from /home/airflow/.local/lib/python3.7/site-packages/airflow/example_dags/example_short_circuit_decorator.py
[2022-12-12T05:39:10.199+0000] {logging_mixin.py:137} INFO - [2022-12-12T05:39:10.199+0000] {dag.py:2676} INFO - Sync 1 DAGs
[2022-12-12T05:39:10.613+0000] {logging_mixin.py:137} INFO - [2022-12-12T05:39:10.612+0000] {dag.py:3427} INFO - Setting next_dagrun for example_short_circuit_decorator to 2022-12-11T05:39:10.612361+00:00, run_after=2022-12-12T05:39:10.612361+00:00
[2022-12-12T05:39:11.118+0000] {processor.py:175} INFO - Processing /home/airflow/.local/lib/python3.7/site-packages/airflow/example_dags/example_short_circuit_decorator.py took 2.305 seconds
[2022-12-12T05:39:41.666+0000] {processor.py:153} INFO - Started process (PID=247) to work on /home/airflow/.local/lib/python3.7/site-packages/airflow/example_dags/example_short_circuit_decorator.py
[2022-12-12T05:39:41.673+0000] {processor.py:743} INFO - Processing file /home/airflow/.local/lib/python3.7/site-packages/airflow/example_dags/example_short_circuit_decorator.py for tasks to queue
[2022-12-12T05:39:41.680+0000] {logging_mixin.py:137} INFO - [2022-12-12T05:39:41.680+0000] {dagbag.py:538} INFO - Filling up the DagBag from /home/airflow/.local/lib/python3.7/site-packages/airflow/example_dags/example_short_circuit_decorator.py
[2022-12-12T05:39:41.815+0000] {processor.py:753} INFO - DAG(s) dict_keys(['example_short_circuit_decorator']) retrieved from /home/airflow/.local/lib/python3.7/site-packages/airflow/example_dags/example_short_circuit_decorator.py
[2022-12-12T05:39:42.057+0000] {logging_mixin.py:137} INFO - [2022-12-12T05:39:42.056+0000] {dag.py:2676} INFO - Sync 1 DAGs
[2022-12-12T05:39:42.134+0000] {logging_mixin.py:137} INFO - [2022-12-12T05:39:42.134+0000] {dag.py:3427} INFO - Setting next_dagrun for example_short_circuit_decorator to 2022-12-11T05:39:42.133931+00:00, run_after=2022-12-12T05:39:42.133931+00:00
[2022-12-12T05:39:42.236+0000] {processor.py:175} INFO - Processing /home/airflow/.local/lib/python3.7/site-packages/airflow/example_dags/example_short_circuit_decorator.py took 0.582 seconds
[2022-12-12T05:40:12.832+0000] {processor.py:153} INFO - Started process (PID=309) to work on /home/airflow/.local/lib/python3.7/site-packages/airflow/example_dags/example_short_circuit_decorator.py
[2022-12-12T05:40:12.842+0000] {processor.py:743} INFO - Processing file /home/airflow/.local/lib/python3.7/site-packages/airflow/example_dags/example_short_circuit_decorator.py for tasks to queue
[2022-12-12T05:40:12.847+0000] {logging_mixin.py:137} INFO - [2022-12-12T05:40:12.847+0000] {dagbag.py:538} INFO - Filling up the DagBag from /home/airflow/.local/lib/python3.7/site-packages/airflow/example_dags/example_short_circuit_decorator.py
[2022-12-12T05:40:12.963+0000] {processor.py:753} INFO - DAG(s) dict_keys(['example_short_circuit_decorator']) retrieved from /home/airflow/.local/lib/python3.7/site-packages/airflow/example_dags/example_short_circuit_decorator.py
[2022-12-12T05:40:13.118+0000] {logging_mixin.py:137} INFO - [2022-12-12T05:40:13.118+0000] {dag.py:2676} INFO - Sync 1 DAGs
[2022-12-12T05:40:13.285+0000] {logging_mixin.py:137} INFO - [2022-12-12T05:40:13.284+0000] {dag.py:3427} INFO - Setting next_dagrun for example_short_circuit_decorator to 2022-12-11T05:40:13.283408+00:00, run_after=2022-12-12T05:40:13.283408+00:00
[2022-12-12T05:40:13.363+0000] {processor.py:175} INFO - Processing /home/airflow/.local/lib/python3.7/site-packages/airflow/example_dags/example_short_circuit_decorator.py took 0.537 seconds
[2022-12-12T05:40:43.573+0000] {processor.py:153} INFO - Started process (PID=368) to work on /home/airflow/.local/lib/python3.7/site-packages/airflow/example_dags/example_short_circuit_decorator.py
[2022-12-12T05:40:43.580+0000] {processor.py:743} INFO - Processing file /home/airflow/.local/lib/python3.7/site-packages/airflow/example_dags/example_short_circuit_decorator.py for tasks to queue
[2022-12-12T05:40:43.597+0000] {logging_mixin.py:137} INFO - [2022-12-12T05:40:43.597+0000] {dagbag.py:538} INFO - Filling up the DagBag from /home/airflow/.local/lib/python3.7/site-packages/airflow/example_dags/example_short_circuit_decorator.py
[2022-12-12T05:40:43.690+0000] {processor.py:753} INFO - DAG(s) dict_keys(['example_short_circuit_decorator']) retrieved from /home/airflow/.local/lib/python3.7/site-packages/airflow/example_dags/example_short_circuit_decorator.py
[2022-12-12T05:40:43.843+0000] {logging_mixin.py:137} INFO - [2022-12-12T05:40:43.843+0000] {dag.py:2676} INFO - Sync 1 DAGs
[2022-12-12T05:40:43.950+0000] {logging_mixin.py:137} INFO - [2022-12-12T05:40:43.950+0000] {dag.py:3427} INFO - Setting next_dagrun for example_short_circuit_decorator to 2022-12-11T05:40:43.949387+00:00, run_after=2022-12-12T05:40:43.949387+00:00
[2022-12-12T05:40:44.016+0000] {processor.py:175} INFO - Processing /home/airflow/.local/lib/python3.7/site-packages/airflow/example_dags/example_short_circuit_decorator.py took 0.456 seconds
[2022-12-12T05:41:14.711+0000] {processor.py:153} INFO - Started process (PID=422) to work on /home/airflow/.local/lib/python3.7/site-packages/airflow/example_dags/example_short_circuit_decorator.py
[2022-12-12T05:41:14.717+0000] {processor.py:743} INFO - Processing file /home/airflow/.local/lib/python3.7/site-packages/airflow/example_dags/example_short_circuit_decorator.py for tasks to queue
[2022-12-12T05:41:14.722+0000] {logging_mixin.py:137} INFO - [2022-12-12T05:41:14.722+0000] {dagbag.py:538} INFO - Filling up the DagBag from /home/airflow/.local/lib/python3.7/site-packages/airflow/example_dags/example_short_circuit_decorator.py
[2022-12-12T05:41:14.778+0000] {processor.py:753} INFO - DAG(s) dict_keys(['example_short_circuit_decorator']) retrieved from /home/airflow/.local/lib/python3.7/site-packages/airflow/example_dags/example_short_circuit_decorator.py
[2022-12-12T05:41:14.866+0000] {logging_mixin.py:137} INFO - [2022-12-12T05:41:14.866+0000] {dag.py:2676} INFO - Sync 1 DAGs
[2022-12-12T05:41:14.936+0000] {logging_mixin.py:137} INFO - [2022-12-12T05:41:14.936+0000] {dag.py:3427} INFO - Setting next_dagrun for example_short_circuit_decorator to 2022-12-11T05:41:14.936110+00:00, run_after=2022-12-12T05:41:14.936110+00:00
[2022-12-12T05:41:14.981+0000] {processor.py:175} INFO - Processing /home/airflow/.local/lib/python3.7/site-packages/airflow/example_dags/example_short_circuit_decorator.py took 0.285 seconds
[2022-12-12T05:41:45.198+0000] {processor.py:153} INFO - Started process (PID=484) to work on /home/airflow/.local/lib/python3.7/site-packages/airflow/example_dags/example_short_circuit_decorator.py
[2022-12-12T05:41:45.202+0000] {processor.py:743} INFO - Processing file /home/airflow/.local/lib/python3.7/site-packages/airflow/example_dags/example_short_circuit_decorator.py for tasks to queue
[2022-12-12T05:41:45.206+0000] {logging_mixin.py:137} INFO - [2022-12-12T05:41:45.206+0000] {dagbag.py:538} INFO - Filling up the DagBag from /home/airflow/.local/lib/python3.7/site-packages/airflow/example_dags/example_short_circuit_decorator.py
[2022-12-12T05:41:45.272+0000] {processor.py:753} INFO - DAG(s) dict_keys(['example_short_circuit_decorator']) retrieved from /home/airflow/.local/lib/python3.7/site-packages/airflow/example_dags/example_short_circuit_decorator.py
[2022-12-12T05:41:45.388+0000] {logging_mixin.py:137} INFO - [2022-12-12T05:41:45.388+0000] {dag.py:2676} INFO - Sync 1 DAGs
[2022-12-12T05:41:45.470+0000] {logging_mixin.py:137} INFO - [2022-12-12T05:41:45.470+0000] {dag.py:3427} INFO - Setting next_dagrun for example_short_circuit_decorator to 2022-12-11T05:41:45.470396+00:00, run_after=2022-12-12T05:41:45.470396+00:00
[2022-12-12T05:41:45.565+0000] {processor.py:175} INFO - Processing /home/airflow/.local/lib/python3.7/site-packages/airflow/example_dags/example_short_circuit_decorator.py took 0.377 seconds
[2022-12-12T05:42:18.723+0000] {processor.py:153} INFO - Started process (PID=548) to work on /home/airflow/.local/lib/python3.7/site-packages/airflow/example_dags/example_short_circuit_decorator.py
[2022-12-12T05:42:18.734+0000] {processor.py:743} INFO - Processing file /home/airflow/.local/lib/python3.7/site-packages/airflow/example_dags/example_short_circuit_decorator.py for tasks to queue
[2022-12-12T05:42:18.758+0000] {logging_mixin.py:137} INFO - [2022-12-12T05:42:18.758+0000] {dagbag.py:538} INFO - Filling up the DagBag from /home/airflow/.local/lib/python3.7/site-packages/airflow/example_dags/example_short_circuit_decorator.py
[2022-12-12T05:42:18.904+0000] {processor.py:753} INFO - DAG(s) dict_keys(['example_short_circuit_decorator']) retrieved from /home/airflow/.local/lib/python3.7/site-packages/airflow/example_dags/example_short_circuit_decorator.py
[2022-12-12T05:42:19.125+0000] {logging_mixin.py:137} INFO - [2022-12-12T05:42:19.125+0000] {dag.py:2676} INFO - Sync 1 DAGs
[2022-12-12T05:42:19.251+0000] {logging_mixin.py:137} INFO - [2022-12-12T05:42:19.251+0000] {dag.py:3427} INFO - Setting next_dagrun for example_short_circuit_decorator to 2022-12-11T05:42:19.250876+00:00, run_after=2022-12-12T05:42:19.250876+00:00
[2022-12-12T05:42:19.383+0000] {processor.py:175} INFO - Processing /home/airflow/.local/lib/python3.7/site-packages/airflow/example_dags/example_short_circuit_decorator.py took 0.722 seconds
