[2022-12-12T05:37:44.326+0000] {processor.py:153} INFO - Started process (PID=97) to work on /home/airflow/.local/lib/python3.7/site-packages/airflow/example_dags/example_datasets.py
[2022-12-12T05:37:44.336+0000] {processor.py:743} INFO - Processing file /home/airflow/.local/lib/python3.7/site-packages/airflow/example_dags/example_datasets.py for tasks to queue
[2022-12-12T05:37:44.344+0000] {logging_mixin.py:137} INFO - [2022-12-12T05:37:44.344+0000] {dagbag.py:538} INFO - Filling up the DagBag from /home/airflow/.local/lib/python3.7/site-packages/airflow/example_dags/example_datasets.py
[2022-12-12T05:37:44.578+0000] {processor.py:753} INFO - DAG(s) dict_keys(['dataset_produces_1', 'dataset_consumes_1_and_2', 'dataset_produces_2', 'dataset_consumes_1', 'dataset_consumes_unknown_never_scheduled', 'dataset_consumes_1_never_scheduled']) retrieved from /home/airflow/.local/lib/python3.7/site-packages/airflow/example_dags/example_datasets.py
[2022-12-12T05:37:47.428+0000] {logging_mixin.py:137} INFO - [2022-12-12T05:37:47.426+0000] {dag.py:2676} INFO - Sync 6 DAGs
[2022-12-12T05:37:47.854+0000] {logging_mixin.py:137} INFO - [2022-12-12T05:37:47.854+0000] {dag.py:3427} INFO - Setting next_dagrun for dataset_consumes_1 to None, run_after=None
[2022-12-12T05:37:47.906+0000] {logging_mixin.py:137} INFO - [2022-12-12T05:37:47.906+0000] {dag.py:3427} INFO - Setting next_dagrun for dataset_consumes_1_and_2 to None, run_after=None
[2022-12-12T05:37:47.932+0000] {logging_mixin.py:137} INFO - [2022-12-12T05:37:47.931+0000] {dag.py:3427} INFO - Setting next_dagrun for dataset_consumes_1_never_scheduled to None, run_after=None
[2022-12-12T05:37:47.956+0000] {logging_mixin.py:137} INFO - [2022-12-12T05:37:47.956+0000] {dag.py:3427} INFO - Setting next_dagrun for dataset_consumes_unknown_never_scheduled to None, run_after=None
[2022-12-12T05:37:47.986+0000] {logging_mixin.py:137} INFO - [2022-12-12T05:37:47.986+0000] {dag.py:3427} INFO - Setting next_dagrun for dataset_produces_1 to 2022-12-11T00:00:00+00:00, run_after=2022-12-12T00:00:00+00:00
[2022-12-12T05:37:48.033+0000] {logging_mixin.py:137} INFO - [2022-12-12T05:37:48.033+0000] {dag.py:3427} INFO - Setting next_dagrun for dataset_produces_2 to None, run_after=None
[2022-12-12T05:37:49.317+0000] {processor.py:175} INFO - Processing /home/airflow/.local/lib/python3.7/site-packages/airflow/example_dags/example_datasets.py took 5.075 seconds
[2022-12-12T05:39:08.665+0000] {processor.py:153} INFO - Started process (PID=190) to work on /home/airflow/.local/lib/python3.7/site-packages/airflow/example_dags/example_datasets.py
[2022-12-12T05:39:08.670+0000] {processor.py:743} INFO - Processing file /home/airflow/.local/lib/python3.7/site-packages/airflow/example_dags/example_datasets.py for tasks to queue
[2022-12-12T05:39:08.675+0000] {logging_mixin.py:137} INFO - [2022-12-12T05:39:08.675+0000] {dagbag.py:538} INFO - Filling up the DagBag from /home/airflow/.local/lib/python3.7/site-packages/airflow/example_dags/example_datasets.py
[2022-12-12T05:39:08.851+0000] {processor.py:753} INFO - DAG(s) dict_keys(['dataset_consumes_unknown_never_scheduled', 'dataset_produces_1', 'dataset_consumes_1_never_scheduled', 'dataset_consumes_1', 'dataset_produces_2', 'dataset_consumes_1_and_2']) retrieved from /home/airflow/.local/lib/python3.7/site-packages/airflow/example_dags/example_datasets.py
[2022-12-12T05:39:09.889+0000] {logging_mixin.py:137} INFO - [2022-12-12T05:39:09.889+0000] {dag.py:2676} INFO - Sync 6 DAGs
[2022-12-12T05:39:10.433+0000] {logging_mixin.py:137} INFO - [2022-12-12T05:39:10.433+0000] {dag.py:3427} INFO - Setting next_dagrun for dataset_consumes_1 to None, run_after=None
[2022-12-12T05:39:10.477+0000] {logging_mixin.py:137} INFO - [2022-12-12T05:39:10.477+0000] {dag.py:3427} INFO - Setting next_dagrun for dataset_consumes_1_and_2 to None, run_after=None
[2022-12-12T05:39:10.518+0000] {logging_mixin.py:137} INFO - [2022-12-12T05:39:10.517+0000] {dag.py:3427} INFO - Setting next_dagrun for dataset_consumes_1_never_scheduled to None, run_after=None
[2022-12-12T05:39:10.548+0000] {logging_mixin.py:137} INFO - [2022-12-12T05:39:10.548+0000] {dag.py:3427} INFO - Setting next_dagrun for dataset_consumes_unknown_never_scheduled to None, run_after=None
[2022-12-12T05:39:10.565+0000] {logging_mixin.py:137} INFO - [2022-12-12T05:39:10.565+0000] {dag.py:3427} INFO - Setting next_dagrun for dataset_produces_1 to 2022-12-11T00:00:00+00:00, run_after=2022-12-12T00:00:00+00:00
[2022-12-12T05:39:10.660+0000] {logging_mixin.py:137} INFO - [2022-12-12T05:39:10.659+0000] {dag.py:3427} INFO - Setting next_dagrun for dataset_produces_2 to None, run_after=None
[2022-12-12T05:39:11.292+0000] {processor.py:175} INFO - Processing /home/airflow/.local/lib/python3.7/site-packages/airflow/example_dags/example_datasets.py took 2.653 seconds
[2022-12-12T05:39:41.730+0000] {processor.py:153} INFO - Started process (PID=246) to work on /home/airflow/.local/lib/python3.7/site-packages/airflow/example_dags/example_datasets.py
[2022-12-12T05:39:41.743+0000] {processor.py:743} INFO - Processing file /home/airflow/.local/lib/python3.7/site-packages/airflow/example_dags/example_datasets.py for tasks to queue
[2022-12-12T05:39:41.752+0000] {logging_mixin.py:137} INFO - [2022-12-12T05:39:41.748+0000] {dagbag.py:538} INFO - Filling up the DagBag from /home/airflow/.local/lib/python3.7/site-packages/airflow/example_dags/example_datasets.py
[2022-12-12T05:39:41.824+0000] {processor.py:753} INFO - DAG(s) dict_keys(['dataset_consumes_1_never_scheduled', 'dataset_consumes_1_and_2', 'dataset_produces_2', 'dataset_produces_1', 'dataset_consumes_1', 'dataset_consumes_unknown_never_scheduled']) retrieved from /home/airflow/.local/lib/python3.7/site-packages/airflow/example_dags/example_datasets.py
[2022-12-12T05:39:42.113+0000] {logging_mixin.py:137} INFO - [2022-12-12T05:39:42.113+0000] {dag.py:2676} INFO - Sync 6 DAGs
[2022-12-12T05:39:42.257+0000] {logging_mixin.py:137} INFO - [2022-12-12T05:39:42.255+0000] {dag.py:3427} INFO - Setting next_dagrun for dataset_consumes_1 to None, run_after=None
[2022-12-12T05:39:42.279+0000] {logging_mixin.py:137} INFO - [2022-12-12T05:39:42.279+0000] {dag.py:3427} INFO - Setting next_dagrun for dataset_consumes_1_and_2 to None, run_after=None
[2022-12-12T05:39:42.286+0000] {logging_mixin.py:137} INFO - [2022-12-12T05:39:42.286+0000] {dag.py:3427} INFO - Setting next_dagrun for dataset_consumes_1_never_scheduled to None, run_after=None
[2022-12-12T05:39:42.296+0000] {logging_mixin.py:137} INFO - [2022-12-12T05:39:42.296+0000] {dag.py:3427} INFO - Setting next_dagrun for dataset_consumes_unknown_never_scheduled to None, run_after=None
[2022-12-12T05:39:42.310+0000] {logging_mixin.py:137} INFO - [2022-12-12T05:39:42.309+0000] {dag.py:3427} INFO - Setting next_dagrun for dataset_produces_1 to 2022-12-11T00:00:00+00:00, run_after=2022-12-12T00:00:00+00:00
[2022-12-12T05:39:42.318+0000] {logging_mixin.py:137} INFO - [2022-12-12T05:39:42.318+0000] {dag.py:3427} INFO - Setting next_dagrun for dataset_produces_2 to None, run_after=None
[2022-12-12T05:39:42.394+0000] {processor.py:175} INFO - Processing /home/airflow/.local/lib/python3.7/site-packages/airflow/example_dags/example_datasets.py took 0.724 seconds
[2022-12-12T05:40:12.823+0000] {processor.py:153} INFO - Started process (PID=308) to work on /home/airflow/.local/lib/python3.7/site-packages/airflow/example_dags/example_datasets.py
[2022-12-12T05:40:12.837+0000] {processor.py:743} INFO - Processing file /home/airflow/.local/lib/python3.7/site-packages/airflow/example_dags/example_datasets.py for tasks to queue
[2022-12-12T05:40:12.855+0000] {logging_mixin.py:137} INFO - [2022-12-12T05:40:12.854+0000] {dagbag.py:538} INFO - Filling up the DagBag from /home/airflow/.local/lib/python3.7/site-packages/airflow/example_dags/example_datasets.py
[2022-12-12T05:40:12.949+0000] {processor.py:753} INFO - DAG(s) dict_keys(['dataset_consumes_1', 'dataset_consumes_unknown_never_scheduled', 'dataset_produces_1', 'dataset_consumes_1_and_2', 'dataset_consumes_1_never_scheduled', 'dataset_produces_2']) retrieved from /home/airflow/.local/lib/python3.7/site-packages/airflow/example_dags/example_datasets.py
[2022-12-12T05:40:13.212+0000] {logging_mixin.py:137} INFO - [2022-12-12T05:40:13.212+0000] {dag.py:2676} INFO - Sync 6 DAGs
[2022-12-12T05:40:13.342+0000] {logging_mixin.py:137} INFO - [2022-12-12T05:40:13.342+0000] {dag.py:3427} INFO - Setting next_dagrun for dataset_consumes_1 to None, run_after=None
[2022-12-12T05:40:13.362+0000] {logging_mixin.py:137} INFO - [2022-12-12T05:40:13.362+0000] {dag.py:3427} INFO - Setting next_dagrun for dataset_consumes_1_and_2 to None, run_after=None
[2022-12-12T05:40:13.382+0000] {logging_mixin.py:137} INFO - [2022-12-12T05:40:13.382+0000] {dag.py:3427} INFO - Setting next_dagrun for dataset_consumes_1_never_scheduled to None, run_after=None
[2022-12-12T05:40:13.390+0000] {logging_mixin.py:137} INFO - [2022-12-12T05:40:13.390+0000] {dag.py:3427} INFO - Setting next_dagrun for dataset_consumes_unknown_never_scheduled to None, run_after=None
[2022-12-12T05:40:13.404+0000] {logging_mixin.py:137} INFO - [2022-12-12T05:40:13.403+0000] {dag.py:3427} INFO - Setting next_dagrun for dataset_produces_1 to 2022-12-11T00:00:00+00:00, run_after=2022-12-12T00:00:00+00:00
[2022-12-12T05:40:13.451+0000] {logging_mixin.py:137} INFO - [2022-12-12T05:40:13.451+0000] {dag.py:3427} INFO - Setting next_dagrun for dataset_produces_2 to None, run_after=None
[2022-12-12T05:40:13.573+0000] {processor.py:175} INFO - Processing /home/airflow/.local/lib/python3.7/site-packages/airflow/example_dags/example_datasets.py took 0.787 seconds
[2022-12-12T05:40:44.324+0000] {processor.py:153} INFO - Started process (PID=369) to work on /home/airflow/.local/lib/python3.7/site-packages/airflow/example_dags/example_datasets.py
[2022-12-12T05:40:44.328+0000] {processor.py:743} INFO - Processing file /home/airflow/.local/lib/python3.7/site-packages/airflow/example_dags/example_datasets.py for tasks to queue
[2022-12-12T05:40:44.389+0000] {logging_mixin.py:137} INFO - [2022-12-12T05:40:44.388+0000] {dagbag.py:538} INFO - Filling up the DagBag from /home/airflow/.local/lib/python3.7/site-packages/airflow/example_dags/example_datasets.py
[2022-12-12T05:40:44.470+0000] {processor.py:753} INFO - DAG(s) dict_keys(['dataset_produces_1', 'dataset_consumes_1', 'dataset_produces_2', 'dataset_consumes_1_and_2', 'dataset_consumes_unknown_never_scheduled', 'dataset_consumes_1_never_scheduled']) retrieved from /home/airflow/.local/lib/python3.7/site-packages/airflow/example_dags/example_datasets.py
[2022-12-12T05:40:44.757+0000] {logging_mixin.py:137} INFO - [2022-12-12T05:40:44.757+0000] {dag.py:2676} INFO - Sync 6 DAGs
[2022-12-12T05:40:44.910+0000] {logging_mixin.py:137} INFO - [2022-12-12T05:40:44.910+0000] {dag.py:3427} INFO - Setting next_dagrun for dataset_consumes_1 to None, run_after=None
[2022-12-12T05:40:44.932+0000] {logging_mixin.py:137} INFO - [2022-12-12T05:40:44.932+0000] {dag.py:3427} INFO - Setting next_dagrun for dataset_consumes_1_and_2 to None, run_after=None
[2022-12-12T05:40:44.952+0000] {logging_mixin.py:137} INFO - [2022-12-12T05:40:44.951+0000] {dag.py:3427} INFO - Setting next_dagrun for dataset_consumes_1_never_scheduled to None, run_after=None
[2022-12-12T05:40:45.004+0000] {logging_mixin.py:137} INFO - [2022-12-12T05:40:45.003+0000] {dag.py:3427} INFO - Setting next_dagrun for dataset_consumes_unknown_never_scheduled to None, run_after=None
[2022-12-12T05:40:45.081+0000] {logging_mixin.py:137} INFO - [2022-12-12T05:40:45.081+0000] {dag.py:3427} INFO - Setting next_dagrun for dataset_produces_1 to 2022-12-11T00:00:00+00:00, run_after=2022-12-12T00:00:00+00:00
[2022-12-12T05:40:45.098+0000] {logging_mixin.py:137} INFO - [2022-12-12T05:40:45.098+0000] {dag.py:3427} INFO - Setting next_dagrun for dataset_produces_2 to None, run_after=None
[2022-12-12T05:40:45.352+0000] {processor.py:175} INFO - Processing /home/airflow/.local/lib/python3.7/site-packages/airflow/example_dags/example_datasets.py took 1.182 seconds
[2022-12-12T05:41:15.837+0000] {processor.py:153} INFO - Started process (PID=430) to work on /home/airflow/.local/lib/python3.7/site-packages/airflow/example_dags/example_datasets.py
[2022-12-12T05:41:15.858+0000] {processor.py:743} INFO - Processing file /home/airflow/.local/lib/python3.7/site-packages/airflow/example_dags/example_datasets.py for tasks to queue
[2022-12-12T05:41:15.868+0000] {logging_mixin.py:137} INFO - [2022-12-12T05:41:15.868+0000] {dagbag.py:538} INFO - Filling up the DagBag from /home/airflow/.local/lib/python3.7/site-packages/airflow/example_dags/example_datasets.py
[2022-12-12T05:41:15.911+0000] {processor.py:753} INFO - DAG(s) dict_keys(['dataset_produces_1', 'dataset_consumes_1_and_2', 'dataset_consumes_1_never_scheduled', 'dataset_produces_2', 'dataset_consumes_unknown_never_scheduled', 'dataset_consumes_1']) retrieved from /home/airflow/.local/lib/python3.7/site-packages/airflow/example_dags/example_datasets.py
[2022-12-12T05:41:16.167+0000] {logging_mixin.py:137} INFO - [2022-12-12T05:41:16.167+0000] {dag.py:2676} INFO - Sync 6 DAGs
[2022-12-12T05:41:16.228+0000] {logging_mixin.py:137} INFO - [2022-12-12T05:41:16.228+0000] {dag.py:3427} INFO - Setting next_dagrun for dataset_consumes_1 to None, run_after=None
[2022-12-12T05:41:16.240+0000] {logging_mixin.py:137} INFO - [2022-12-12T05:41:16.240+0000] {dag.py:3427} INFO - Setting next_dagrun for dataset_consumes_1_and_2 to None, run_after=None
[2022-12-12T05:41:16.246+0000] {logging_mixin.py:137} INFO - [2022-12-12T05:41:16.246+0000] {dag.py:3427} INFO - Setting next_dagrun for dataset_consumes_1_never_scheduled to None, run_after=None
[2022-12-12T05:41:16.254+0000] {logging_mixin.py:137} INFO - [2022-12-12T05:41:16.253+0000] {dag.py:3427} INFO - Setting next_dagrun for dataset_consumes_unknown_never_scheduled to None, run_after=None
[2022-12-12T05:41:16.263+0000] {logging_mixin.py:137} INFO - [2022-12-12T05:41:16.263+0000] {dag.py:3427} INFO - Setting next_dagrun for dataset_produces_1 to 2022-12-11T00:00:00+00:00, run_after=2022-12-12T00:00:00+00:00
[2022-12-12T05:41:16.278+0000] {logging_mixin.py:137} INFO - [2022-12-12T05:41:16.278+0000] {dag.py:3427} INFO - Setting next_dagrun for dataset_produces_2 to None, run_after=None
[2022-12-12T05:41:16.354+0000] {processor.py:175} INFO - Processing /home/airflow/.local/lib/python3.7/site-packages/airflow/example_dags/example_datasets.py took 0.525 seconds
[2022-12-12T05:41:46.739+0000] {processor.py:153} INFO - Started process (PID=485) to work on /home/airflow/.local/lib/python3.7/site-packages/airflow/example_dags/example_datasets.py
[2022-12-12T05:41:46.745+0000] {processor.py:743} INFO - Processing file /home/airflow/.local/lib/python3.7/site-packages/airflow/example_dags/example_datasets.py for tasks to queue
[2022-12-12T05:41:46.749+0000] {logging_mixin.py:137} INFO - [2022-12-12T05:41:46.749+0000] {dagbag.py:538} INFO - Filling up the DagBag from /home/airflow/.local/lib/python3.7/site-packages/airflow/example_dags/example_datasets.py
[2022-12-12T05:41:46.828+0000] {processor.py:753} INFO - DAG(s) dict_keys(['dataset_consumes_1_never_scheduled', 'dataset_produces_2', 'dataset_consumes_unknown_never_scheduled', 'dataset_consumes_1', 'dataset_produces_1', 'dataset_consumes_1_and_2']) retrieved from /home/airflow/.local/lib/python3.7/site-packages/airflow/example_dags/example_datasets.py
[2022-12-12T05:41:46.998+0000] {logging_mixin.py:137} INFO - [2022-12-12T05:41:46.998+0000] {dag.py:2676} INFO - Sync 6 DAGs
[2022-12-12T05:41:47.072+0000] {logging_mixin.py:137} INFO - [2022-12-12T05:41:47.072+0000] {dag.py:3427} INFO - Setting next_dagrun for dataset_consumes_1 to None, run_after=None
[2022-12-12T05:41:47.089+0000] {logging_mixin.py:137} INFO - [2022-12-12T05:41:47.089+0000] {dag.py:3427} INFO - Setting next_dagrun for dataset_consumes_1_and_2 to None, run_after=None
[2022-12-12T05:41:47.102+0000] {logging_mixin.py:137} INFO - [2022-12-12T05:41:47.101+0000] {dag.py:3427} INFO - Setting next_dagrun for dataset_consumes_1_never_scheduled to None, run_after=None
[2022-12-12T05:41:47.112+0000] {logging_mixin.py:137} INFO - [2022-12-12T05:41:47.112+0000] {dag.py:3427} INFO - Setting next_dagrun for dataset_consumes_unknown_never_scheduled to None, run_after=None
[2022-12-12T05:41:47.128+0000] {logging_mixin.py:137} INFO - [2022-12-12T05:41:47.128+0000] {dag.py:3427} INFO - Setting next_dagrun for dataset_produces_1 to 2022-12-11T00:00:00+00:00, run_after=2022-12-12T00:00:00+00:00
[2022-12-12T05:41:47.145+0000] {logging_mixin.py:137} INFO - [2022-12-12T05:41:47.144+0000] {dag.py:3427} INFO - Setting next_dagrun for dataset_produces_2 to None, run_after=None
[2022-12-12T05:41:47.430+0000] {processor.py:175} INFO - Processing /home/airflow/.local/lib/python3.7/site-packages/airflow/example_dags/example_datasets.py took 0.705 seconds
[2022-12-12T05:42:17.909+0000] {processor.py:153} INFO - Started process (PID=547) to work on /home/airflow/.local/lib/python3.7/site-packages/airflow/example_dags/example_datasets.py
[2022-12-12T05:42:17.916+0000] {processor.py:743} INFO - Processing file /home/airflow/.local/lib/python3.7/site-packages/airflow/example_dags/example_datasets.py for tasks to queue
[2022-12-12T05:42:17.923+0000] {logging_mixin.py:137} INFO - [2022-12-12T05:42:17.923+0000] {dagbag.py:538} INFO - Filling up the DagBag from /home/airflow/.local/lib/python3.7/site-packages/airflow/example_dags/example_datasets.py
[2022-12-12T05:42:18.124+0000] {processor.py:753} INFO - DAG(s) dict_keys(['dataset_consumes_1', 'dataset_produces_2', 'dataset_consumes_unknown_never_scheduled', 'dataset_consumes_1_never_scheduled', 'dataset_produces_1', 'dataset_consumes_1_and_2']) retrieved from /home/airflow/.local/lib/python3.7/site-packages/airflow/example_dags/example_datasets.py
[2022-12-12T05:42:18.380+0000] {logging_mixin.py:137} INFO - [2022-12-12T05:42:18.380+0000] {dag.py:2676} INFO - Sync 6 DAGs
[2022-12-12T05:42:18.488+0000] {logging_mixin.py:137} INFO - [2022-12-12T05:42:18.487+0000] {dag.py:3427} INFO - Setting next_dagrun for dataset_consumes_1 to None, run_after=None
[2022-12-12T05:42:18.530+0000] {logging_mixin.py:137} INFO - [2022-12-12T05:42:18.529+0000] {dag.py:3427} INFO - Setting next_dagrun for dataset_consumes_1_and_2 to None, run_after=None
[2022-12-12T05:42:18.549+0000] {logging_mixin.py:137} INFO - [2022-12-12T05:42:18.548+0000] {dag.py:3427} INFO - Setting next_dagrun for dataset_consumes_1_never_scheduled to None, run_after=None
[2022-12-12T05:42:18.572+0000] {logging_mixin.py:137} INFO - [2022-12-12T05:42:18.572+0000] {dag.py:3427} INFO - Setting next_dagrun for dataset_consumes_unknown_never_scheduled to None, run_after=None
[2022-12-12T05:42:18.589+0000] {logging_mixin.py:137} INFO - [2022-12-12T05:42:18.589+0000] {dag.py:3427} INFO - Setting next_dagrun for dataset_produces_1 to 2022-12-11T00:00:00+00:00, run_after=2022-12-12T00:00:00+00:00
[2022-12-12T05:42:18.622+0000] {logging_mixin.py:137} INFO - [2022-12-12T05:42:18.620+0000] {dag.py:3427} INFO - Setting next_dagrun for dataset_produces_2 to None, run_after=None
[2022-12-12T05:42:18.888+0000] {processor.py:175} INFO - Processing /home/airflow/.local/lib/python3.7/site-packages/airflow/example_dags/example_datasets.py took 1.006 seconds
