[2022-12-12T05:38:00.929+0000] {processor.py:153} INFO - Started process (PID=117) to work on /home/airflow/.local/lib/python3.7/site-packages/airflow/example_dags/example_task_group_decorator.py
[2022-12-12T05:38:00.961+0000] {processor.py:743} INFO - Processing file /home/airflow/.local/lib/python3.7/site-packages/airflow/example_dags/example_task_group_decorator.py for tasks to queue
[2022-12-12T05:38:00.966+0000] {logging_mixin.py:137} INFO - [2022-12-12T05:38:00.966+0000] {dagbag.py:538} INFO - Filling up the DagBag from /home/airflow/.local/lib/python3.7/site-packages/airflow/example_dags/example_task_group_decorator.py
[2022-12-12T05:38:02.494+0000] {processor.py:753} INFO - DAG(s) dict_keys(['example_task_group_decorator']) retrieved from /home/airflow/.local/lib/python3.7/site-packages/airflow/example_dags/example_task_group_decorator.py
[2022-12-12T05:38:04.332+0000] {logging_mixin.py:137} INFO - [2022-12-12T05:38:04.331+0000] {dag.py:2676} INFO - Sync 1 DAGs
[2022-12-12T05:38:06.040+0000] {logging_mixin.py:137} INFO - [2022-12-12T05:38:05.991+0000] {dag.py:3427} INFO - Setting next_dagrun for example_task_group_decorator to 2022-12-11T05:38:05.941037+00:00, run_after=2022-12-12T05:38:05.941037+00:00
[2022-12-12T05:38:07.471+0000] {processor.py:175} INFO - Processing /home/airflow/.local/lib/python3.7/site-packages/airflow/example_dags/example_task_group_decorator.py took 6.563 seconds
[2022-12-12T05:39:17.865+0000] {processor.py:153} INFO - Started process (PID=206) to work on /home/airflow/.local/lib/python3.7/site-packages/airflow/example_dags/example_task_group_decorator.py
[2022-12-12T05:39:17.871+0000] {processor.py:743} INFO - Processing file /home/airflow/.local/lib/python3.7/site-packages/airflow/example_dags/example_task_group_decorator.py for tasks to queue
[2022-12-12T05:39:17.877+0000] {logging_mixin.py:137} INFO - [2022-12-12T05:39:17.876+0000] {dagbag.py:538} INFO - Filling up the DagBag from /home/airflow/.local/lib/python3.7/site-packages/airflow/example_dags/example_task_group_decorator.py
[2022-12-12T05:39:18.062+0000] {processor.py:753} INFO - DAG(s) dict_keys(['example_task_group_decorator']) retrieved from /home/airflow/.local/lib/python3.7/site-packages/airflow/example_dags/example_task_group_decorator.py
[2022-12-12T05:39:18.333+0000] {logging_mixin.py:137} INFO - [2022-12-12T05:39:18.333+0000] {dag.py:2676} INFO - Sync 1 DAGs
[2022-12-12T05:39:18.443+0000] {logging_mixin.py:137} INFO - [2022-12-12T05:39:18.442+0000] {dag.py:3427} INFO - Setting next_dagrun for example_task_group_decorator to 2022-12-11T05:39:18.442218+00:00, run_after=2022-12-12T05:39:18.442218+00:00
[2022-12-12T05:39:18.499+0000] {processor.py:175} INFO - Processing /home/airflow/.local/lib/python3.7/site-packages/airflow/example_dags/example_task_group_decorator.py took 0.648 seconds
[2022-12-12T05:39:50.712+0000] {processor.py:153} INFO - Started process (PID=266) to work on /home/airflow/.local/lib/python3.7/site-packages/airflow/example_dags/example_task_group_decorator.py
[2022-12-12T05:39:50.722+0000] {processor.py:743} INFO - Processing file /home/airflow/.local/lib/python3.7/site-packages/airflow/example_dags/example_task_group_decorator.py for tasks to queue
[2022-12-12T05:39:50.737+0000] {logging_mixin.py:137} INFO - [2022-12-12T05:39:50.736+0000] {dagbag.py:538} INFO - Filling up the DagBag from /home/airflow/.local/lib/python3.7/site-packages/airflow/example_dags/example_task_group_decorator.py
[2022-12-12T05:39:50.889+0000] {processor.py:753} INFO - DAG(s) dict_keys(['example_task_group_decorator']) retrieved from /home/airflow/.local/lib/python3.7/site-packages/airflow/example_dags/example_task_group_decorator.py
[2022-12-12T05:39:51.111+0000] {logging_mixin.py:137} INFO - [2022-12-12T05:39:51.111+0000] {dag.py:2676} INFO - Sync 1 DAGs
[2022-12-12T05:39:51.203+0000] {logging_mixin.py:137} INFO - [2022-12-12T05:39:51.202+0000] {dag.py:3427} INFO - Setting next_dagrun for example_task_group_decorator to 2022-12-11T05:39:51.202439+00:00, run_after=2022-12-12T05:39:51.202439+00:00
[2022-12-12T05:39:51.281+0000] {processor.py:175} INFO - Processing /home/airflow/.local/lib/python3.7/site-packages/airflow/example_dags/example_task_group_decorator.py took 0.589 seconds
[2022-12-12T05:40:21.869+0000] {processor.py:153} INFO - Started process (PID=319) to work on /home/airflow/.local/lib/python3.7/site-packages/airflow/example_dags/example_task_group_decorator.py
[2022-12-12T05:40:21.883+0000] {processor.py:743} INFO - Processing file /home/airflow/.local/lib/python3.7/site-packages/airflow/example_dags/example_task_group_decorator.py for tasks to queue
[2022-12-12T05:40:21.888+0000] {logging_mixin.py:137} INFO - [2022-12-12T05:40:21.887+0000] {dagbag.py:538} INFO - Filling up the DagBag from /home/airflow/.local/lib/python3.7/site-packages/airflow/example_dags/example_task_group_decorator.py
[2022-12-12T05:40:21.980+0000] {processor.py:753} INFO - DAG(s) dict_keys(['example_task_group_decorator']) retrieved from /home/airflow/.local/lib/python3.7/site-packages/airflow/example_dags/example_task_group_decorator.py
[2022-12-12T05:40:22.111+0000] {logging_mixin.py:137} INFO - [2022-12-12T05:40:22.110+0000] {dag.py:2676} INFO - Sync 1 DAGs
[2022-12-12T05:40:22.181+0000] {logging_mixin.py:137} INFO - [2022-12-12T05:40:22.180+0000] {dag.py:3427} INFO - Setting next_dagrun for example_task_group_decorator to 2022-12-11T05:40:22.180438+00:00, run_after=2022-12-12T05:40:22.180438+00:00
[2022-12-12T05:40:22.243+0000] {processor.py:175} INFO - Processing /home/airflow/.local/lib/python3.7/site-packages/airflow/example_dags/example_task_group_decorator.py took 0.382 seconds
[2022-12-12T05:40:52.889+0000] {processor.py:153} INFO - Started process (PID=382) to work on /home/airflow/.local/lib/python3.7/site-packages/airflow/example_dags/example_task_group_decorator.py
[2022-12-12T05:40:52.893+0000] {processor.py:743} INFO - Processing file /home/airflow/.local/lib/python3.7/site-packages/airflow/example_dags/example_task_group_decorator.py for tasks to queue
[2022-12-12T05:40:52.898+0000] {logging_mixin.py:137} INFO - [2022-12-12T05:40:52.897+0000] {dagbag.py:538} INFO - Filling up the DagBag from /home/airflow/.local/lib/python3.7/site-packages/airflow/example_dags/example_task_group_decorator.py
[2022-12-12T05:40:53.034+0000] {processor.py:753} INFO - DAG(s) dict_keys(['example_task_group_decorator']) retrieved from /home/airflow/.local/lib/python3.7/site-packages/airflow/example_dags/example_task_group_decorator.py
[2022-12-12T05:40:53.169+0000] {logging_mixin.py:137} INFO - [2022-12-12T05:40:53.163+0000] {dag.py:2676} INFO - Sync 1 DAGs
[2022-12-12T05:40:53.292+0000] {logging_mixin.py:137} INFO - [2022-12-12T05:40:53.292+0000] {dag.py:3427} INFO - Setting next_dagrun for example_task_group_decorator to 2022-12-11T05:40:53.291353+00:00, run_after=2022-12-12T05:40:53.291353+00:00
[2022-12-12T05:40:53.389+0000] {processor.py:175} INFO - Processing /home/airflow/.local/lib/python3.7/site-packages/airflow/example_dags/example_task_group_decorator.py took 0.508 seconds
[2022-12-12T05:41:23.530+0000] {processor.py:153} INFO - Started process (PID=445) to work on /home/airflow/.local/lib/python3.7/site-packages/airflow/example_dags/example_task_group_decorator.py
[2022-12-12T05:41:23.535+0000] {processor.py:743} INFO - Processing file /home/airflow/.local/lib/python3.7/site-packages/airflow/example_dags/example_task_group_decorator.py for tasks to queue
[2022-12-12T05:41:23.539+0000] {logging_mixin.py:137} INFO - [2022-12-12T05:41:23.539+0000] {dagbag.py:538} INFO - Filling up the DagBag from /home/airflow/.local/lib/python3.7/site-packages/airflow/example_dags/example_task_group_decorator.py
[2022-12-12T05:41:23.627+0000] {processor.py:753} INFO - DAG(s) dict_keys(['example_task_group_decorator']) retrieved from /home/airflow/.local/lib/python3.7/site-packages/airflow/example_dags/example_task_group_decorator.py
[2022-12-12T05:41:23.738+0000] {logging_mixin.py:137} INFO - [2022-12-12T05:41:23.738+0000] {dag.py:2676} INFO - Sync 1 DAGs
[2022-12-12T05:41:23.809+0000] {logging_mixin.py:137} INFO - [2022-12-12T05:41:23.809+0000] {dag.py:3427} INFO - Setting next_dagrun for example_task_group_decorator to 2022-12-11T05:41:23.809104+00:00, run_after=2022-12-12T05:41:23.809104+00:00
[2022-12-12T05:41:23.900+0000] {processor.py:175} INFO - Processing /home/airflow/.local/lib/python3.7/site-packages/airflow/example_dags/example_task_group_decorator.py took 0.395 seconds
[2022-12-12T05:41:54.787+0000] {processor.py:153} INFO - Started process (PID=507) to work on /home/airflow/.local/lib/python3.7/site-packages/airflow/example_dags/example_task_group_decorator.py
[2022-12-12T05:41:54.791+0000] {processor.py:743} INFO - Processing file /home/airflow/.local/lib/python3.7/site-packages/airflow/example_dags/example_task_group_decorator.py for tasks to queue
[2022-12-12T05:41:54.795+0000] {logging_mixin.py:137} INFO - [2022-12-12T05:41:54.794+0000] {dagbag.py:538} INFO - Filling up the DagBag from /home/airflow/.local/lib/python3.7/site-packages/airflow/example_dags/example_task_group_decorator.py
[2022-12-12T05:41:54.874+0000] {processor.py:753} INFO - DAG(s) dict_keys(['example_task_group_decorator']) retrieved from /home/airflow/.local/lib/python3.7/site-packages/airflow/example_dags/example_task_group_decorator.py
[2022-12-12T05:41:54.976+0000] {logging_mixin.py:137} INFO - [2022-12-12T05:41:54.976+0000] {dag.py:2676} INFO - Sync 1 DAGs
[2022-12-12T05:41:55.048+0000] {logging_mixin.py:137} INFO - [2022-12-12T05:41:55.048+0000] {dag.py:3427} INFO - Setting next_dagrun for example_task_group_decorator to 2022-12-11T05:41:55.047838+00:00, run_after=2022-12-12T05:41:55.047838+00:00
[2022-12-12T05:41:55.137+0000] {processor.py:175} INFO - Processing /home/airflow/.local/lib/python3.7/site-packages/airflow/example_dags/example_task_group_decorator.py took 0.362 seconds
[2022-12-12T05:42:26.227+0000] {processor.py:153} INFO - Started process (PID=567) to work on /home/airflow/.local/lib/python3.7/site-packages/airflow/example_dags/example_task_group_decorator.py
[2022-12-12T05:42:26.238+0000] {processor.py:743} INFO - Processing file /home/airflow/.local/lib/python3.7/site-packages/airflow/example_dags/example_task_group_decorator.py for tasks to queue
[2022-12-12T05:42:26.251+0000] {logging_mixin.py:137} INFO - [2022-12-12T05:42:26.251+0000] {dagbag.py:538} INFO - Filling up the DagBag from /home/airflow/.local/lib/python3.7/site-packages/airflow/example_dags/example_task_group_decorator.py
[2022-12-12T05:42:26.336+0000] {processor.py:753} INFO - DAG(s) dict_keys(['example_task_group_decorator']) retrieved from /home/airflow/.local/lib/python3.7/site-packages/airflow/example_dags/example_task_group_decorator.py
[2022-12-12T05:42:26.445+0000] {logging_mixin.py:137} INFO - [2022-12-12T05:42:26.445+0000] {dag.py:2676} INFO - Sync 1 DAGs
[2022-12-12T05:42:26.604+0000] {logging_mixin.py:137} INFO - [2022-12-12T05:42:26.604+0000] {dag.py:3427} INFO - Setting next_dagrun for example_task_group_decorator to 2022-12-11T05:42:26.604107+00:00, run_after=2022-12-12T05:42:26.604107+00:00
[2022-12-12T05:42:26.717+0000] {processor.py:175} INFO - Processing /home/airflow/.local/lib/python3.7/site-packages/airflow/example_dags/example_task_group_decorator.py took 0.507 seconds
