[2022-12-12T05:37:55.604+0000] {processor.py:153} INFO - Started process (PID=112) to work on /home/airflow/.local/lib/python3.7/site-packages/airflow/example_dags/example_short_circuit_operator.py
[2022-12-12T05:37:55.614+0000] {processor.py:743} INFO - Processing file /home/airflow/.local/lib/python3.7/site-packages/airflow/example_dags/example_short_circuit_operator.py for tasks to queue
[2022-12-12T05:37:55.621+0000] {logging_mixin.py:137} INFO - [2022-12-12T05:37:55.621+0000] {dagbag.py:538} INFO - Filling up the DagBag from /home/airflow/.local/lib/python3.7/site-packages/airflow/example_dags/example_short_circuit_operator.py
[2022-12-12T05:37:55.827+0000] {processor.py:753} INFO - DAG(s) dict_keys(['example_short_circuit_operator']) retrieved from /home/airflow/.local/lib/python3.7/site-packages/airflow/example_dags/example_short_circuit_operator.py
[2022-12-12T05:37:56.392+0000] {logging_mixin.py:137} INFO - [2022-12-12T05:37:56.391+0000] {dag.py:2676} INFO - Sync 1 DAGs
[2022-12-12T05:37:56.714+0000] {logging_mixin.py:137} INFO - [2022-12-12T05:37:56.713+0000] {dag.py:3427} INFO - Setting next_dagrun for example_short_circuit_operator to 2022-12-11T05:37:56.713013+00:00, run_after=2022-12-12T05:37:56.713013+00:00
[2022-12-12T05:37:56.859+0000] {processor.py:175} INFO - Processing /home/airflow/.local/lib/python3.7/site-packages/airflow/example_dags/example_short_circuit_operator.py took 1.292 seconds
[2022-12-12T05:39:15.551+0000] {processor.py:153} INFO - Started process (PID=198) to work on /home/airflow/.local/lib/python3.7/site-packages/airflow/example_dags/example_short_circuit_operator.py
[2022-12-12T05:39:15.558+0000] {processor.py:743} INFO - Processing file /home/airflow/.local/lib/python3.7/site-packages/airflow/example_dags/example_short_circuit_operator.py for tasks to queue
[2022-12-12T05:39:15.565+0000] {logging_mixin.py:137} INFO - [2022-12-12T05:39:15.565+0000] {dagbag.py:538} INFO - Filling up the DagBag from /home/airflow/.local/lib/python3.7/site-packages/airflow/example_dags/example_short_circuit_operator.py
[2022-12-12T05:39:15.658+0000] {processor.py:753} INFO - DAG(s) dict_keys(['example_short_circuit_operator']) retrieved from /home/airflow/.local/lib/python3.7/site-packages/airflow/example_dags/example_short_circuit_operator.py
[2022-12-12T05:39:15.823+0000] {logging_mixin.py:137} INFO - [2022-12-12T05:39:15.823+0000] {dag.py:2676} INFO - Sync 1 DAGs
[2022-12-12T05:39:15.919+0000] {logging_mixin.py:137} INFO - [2022-12-12T05:39:15.918+0000] {dag.py:3427} INFO - Setting next_dagrun for example_short_circuit_operator to 2022-12-11T05:39:15.918375+00:00, run_after=2022-12-12T05:39:15.918375+00:00
[2022-12-12T05:39:16.011+0000] {processor.py:175} INFO - Processing /home/airflow/.local/lib/python3.7/site-packages/airflow/example_dags/example_short_circuit_operator.py took 0.472 seconds
[2022-12-12T05:39:46.236+0000] {processor.py:153} INFO - Started process (PID=259) to work on /home/airflow/.local/lib/python3.7/site-packages/airflow/example_dags/example_short_circuit_operator.py
[2022-12-12T05:39:46.253+0000] {processor.py:743} INFO - Processing file /home/airflow/.local/lib/python3.7/site-packages/airflow/example_dags/example_short_circuit_operator.py for tasks to queue
[2022-12-12T05:39:46.268+0000] {logging_mixin.py:137} INFO - [2022-12-12T05:39:46.268+0000] {dagbag.py:538} INFO - Filling up the DagBag from /home/airflow/.local/lib/python3.7/site-packages/airflow/example_dags/example_short_circuit_operator.py
[2022-12-12T05:39:46.358+0000] {processor.py:753} INFO - DAG(s) dict_keys(['example_short_circuit_operator']) retrieved from /home/airflow/.local/lib/python3.7/site-packages/airflow/example_dags/example_short_circuit_operator.py
[2022-12-12T05:39:46.595+0000] {logging_mixin.py:137} INFO - [2022-12-12T05:39:46.594+0000] {dag.py:2676} INFO - Sync 1 DAGs
[2022-12-12T05:39:48.558+0000] {logging_mixin.py:137} INFO - [2022-12-12T05:39:48.557+0000] {dag.py:3427} INFO - Setting next_dagrun for example_short_circuit_operator to 2022-12-11T05:39:48.553312+00:00, run_after=2022-12-12T05:39:48.553312+00:00
[2022-12-12T05:39:48.882+0000] {processor.py:175} INFO - Processing /home/airflow/.local/lib/python3.7/site-packages/airflow/example_dags/example_short_circuit_operator.py took 2.658 seconds
[2022-12-12T05:40:19.270+0000] {processor.py:153} INFO - Started process (PID=314) to work on /home/airflow/.local/lib/python3.7/site-packages/airflow/example_dags/example_short_circuit_operator.py
[2022-12-12T05:40:19.283+0000] {processor.py:743} INFO - Processing file /home/airflow/.local/lib/python3.7/site-packages/airflow/example_dags/example_short_circuit_operator.py for tasks to queue
[2022-12-12T05:40:19.288+0000] {logging_mixin.py:137} INFO - [2022-12-12T05:40:19.288+0000] {dagbag.py:538} INFO - Filling up the DagBag from /home/airflow/.local/lib/python3.7/site-packages/airflow/example_dags/example_short_circuit_operator.py
[2022-12-12T05:40:19.339+0000] {processor.py:753} INFO - DAG(s) dict_keys(['example_short_circuit_operator']) retrieved from /home/airflow/.local/lib/python3.7/site-packages/airflow/example_dags/example_short_circuit_operator.py
[2022-12-12T05:40:19.492+0000] {logging_mixin.py:137} INFO - [2022-12-12T05:40:19.492+0000] {dag.py:2676} INFO - Sync 1 DAGs
[2022-12-12T05:40:19.597+0000] {logging_mixin.py:137} INFO - [2022-12-12T05:40:19.597+0000] {dag.py:3427} INFO - Setting next_dagrun for example_short_circuit_operator to 2022-12-11T05:40:19.596447+00:00, run_after=2022-12-12T05:40:19.596447+00:00
[2022-12-12T05:40:19.699+0000] {processor.py:175} INFO - Processing /home/airflow/.local/lib/python3.7/site-packages/airflow/example_dags/example_short_circuit_operator.py took 0.437 seconds
[2022-12-12T05:40:50.207+0000] {processor.py:153} INFO - Started process (PID=377) to work on /home/airflow/.local/lib/python3.7/site-packages/airflow/example_dags/example_short_circuit_operator.py
[2022-12-12T05:40:50.211+0000] {processor.py:743} INFO - Processing file /home/airflow/.local/lib/python3.7/site-packages/airflow/example_dags/example_short_circuit_operator.py for tasks to queue
[2022-12-12T05:40:50.232+0000] {logging_mixin.py:137} INFO - [2022-12-12T05:40:50.232+0000] {dagbag.py:538} INFO - Filling up the DagBag from /home/airflow/.local/lib/python3.7/site-packages/airflow/example_dags/example_short_circuit_operator.py
[2022-12-12T05:40:50.298+0000] {processor.py:753} INFO - DAG(s) dict_keys(['example_short_circuit_operator']) retrieved from /home/airflow/.local/lib/python3.7/site-packages/airflow/example_dags/example_short_circuit_operator.py
[2022-12-12T05:40:50.439+0000] {logging_mixin.py:137} INFO - [2022-12-12T05:40:50.439+0000] {dag.py:2676} INFO - Sync 1 DAGs
[2022-12-12T05:40:50.589+0000] {logging_mixin.py:137} INFO - [2022-12-12T05:40:50.589+0000] {dag.py:3427} INFO - Setting next_dagrun for example_short_circuit_operator to 2022-12-11T05:40:50.589112+00:00, run_after=2022-12-12T05:40:50.589112+00:00
[2022-12-12T05:40:50.682+0000] {processor.py:175} INFO - Processing /home/airflow/.local/lib/python3.7/site-packages/airflow/example_dags/example_short_circuit_operator.py took 0.484 seconds
[2022-12-12T05:41:21.392+0000] {processor.py:153} INFO - Started process (PID=440) to work on /home/airflow/.local/lib/python3.7/site-packages/airflow/example_dags/example_short_circuit_operator.py
[2022-12-12T05:41:21.401+0000] {processor.py:743} INFO - Processing file /home/airflow/.local/lib/python3.7/site-packages/airflow/example_dags/example_short_circuit_operator.py for tasks to queue
[2022-12-12T05:41:21.407+0000] {logging_mixin.py:137} INFO - [2022-12-12T05:41:21.407+0000] {dagbag.py:538} INFO - Filling up the DagBag from /home/airflow/.local/lib/python3.7/site-packages/airflow/example_dags/example_short_circuit_operator.py
[2022-12-12T05:41:21.450+0000] {processor.py:753} INFO - DAG(s) dict_keys(['example_short_circuit_operator']) retrieved from /home/airflow/.local/lib/python3.7/site-packages/airflow/example_dags/example_short_circuit_operator.py
[2022-12-12T05:41:21.547+0000] {logging_mixin.py:137} INFO - [2022-12-12T05:41:21.547+0000] {dag.py:2676} INFO - Sync 1 DAGs
[2022-12-12T05:41:21.614+0000] {logging_mixin.py:137} INFO - [2022-12-12T05:41:21.614+0000] {dag.py:3427} INFO - Setting next_dagrun for example_short_circuit_operator to 2022-12-11T05:41:21.613929+00:00, run_after=2022-12-12T05:41:21.613929+00:00
[2022-12-12T05:41:21.669+0000] {processor.py:175} INFO - Processing /home/airflow/.local/lib/python3.7/site-packages/airflow/example_dags/example_short_circuit_operator.py took 0.289 seconds
[2022-12-12T05:41:52.531+0000] {processor.py:153} INFO - Started process (PID=502) to work on /home/airflow/.local/lib/python3.7/site-packages/airflow/example_dags/example_short_circuit_operator.py
[2022-12-12T05:41:52.538+0000] {processor.py:743} INFO - Processing file /home/airflow/.local/lib/python3.7/site-packages/airflow/example_dags/example_short_circuit_operator.py for tasks to queue
[2022-12-12T05:41:52.546+0000] {logging_mixin.py:137} INFO - [2022-12-12T05:41:52.545+0000] {dagbag.py:538} INFO - Filling up the DagBag from /home/airflow/.local/lib/python3.7/site-packages/airflow/example_dags/example_short_circuit_operator.py
[2022-12-12T05:41:52.670+0000] {processor.py:753} INFO - DAG(s) dict_keys(['example_short_circuit_operator']) retrieved from /home/airflow/.local/lib/python3.7/site-packages/airflow/example_dags/example_short_circuit_operator.py
[2022-12-12T05:41:52.933+0000] {logging_mixin.py:137} INFO - [2022-12-12T05:41:52.932+0000] {dag.py:2676} INFO - Sync 1 DAGs
[2022-12-12T05:41:53.064+0000] {logging_mixin.py:137} INFO - [2022-12-12T05:41:53.064+0000] {dag.py:3427} INFO - Setting next_dagrun for example_short_circuit_operator to 2022-12-11T05:41:53.063628+00:00, run_after=2022-12-12T05:41:53.063628+00:00
[2022-12-12T05:41:53.329+0000] {processor.py:175} INFO - Processing /home/airflow/.local/lib/python3.7/site-packages/airflow/example_dags/example_short_circuit_operator.py took 0.860 seconds
[2022-12-12T05:42:24.262+0000] {processor.py:153} INFO - Started process (PID=553) to work on /home/airflow/.local/lib/python3.7/site-packages/airflow/example_dags/example_short_circuit_operator.py
[2022-12-12T05:42:24.269+0000] {processor.py:743} INFO - Processing file /home/airflow/.local/lib/python3.7/site-packages/airflow/example_dags/example_short_circuit_operator.py for tasks to queue
[2022-12-12T05:42:24.276+0000] {logging_mixin.py:137} INFO - [2022-12-12T05:42:24.276+0000] {dagbag.py:538} INFO - Filling up the DagBag from /home/airflow/.local/lib/python3.7/site-packages/airflow/example_dags/example_short_circuit_operator.py
[2022-12-12T05:42:24.326+0000] {processor.py:753} INFO - DAG(s) dict_keys(['example_short_circuit_operator']) retrieved from /home/airflow/.local/lib/python3.7/site-packages/airflow/example_dags/example_short_circuit_operator.py
[2022-12-12T05:42:24.437+0000] {logging_mixin.py:137} INFO - [2022-12-12T05:42:24.436+0000] {dag.py:2676} INFO - Sync 1 DAGs
[2022-12-12T05:42:24.518+0000] {logging_mixin.py:137} INFO - [2022-12-12T05:42:24.517+0000] {dag.py:3427} INFO - Setting next_dagrun for example_short_circuit_operator to 2022-12-11T05:42:24.517333+00:00, run_after=2022-12-12T05:42:24.517333+00:00
[2022-12-12T05:42:24.607+0000] {processor.py:175} INFO - Processing /home/airflow/.local/lib/python3.7/site-packages/airflow/example_dags/example_short_circuit_operator.py took 0.351 seconds
