[2022-12-12T05:37:53.822+0000] {processor.py:153} INFO - Started process (PID=111) to work on /home/airflow/.local/lib/python3.7/site-packages/airflow/example_dags/example_trigger_controller_dag.py
[2022-12-12T05:37:53.833+0000] {processor.py:743} INFO - Processing file /home/airflow/.local/lib/python3.7/site-packages/airflow/example_dags/example_trigger_controller_dag.py for tasks to queue
[2022-12-12T05:37:53.840+0000] {logging_mixin.py:137} INFO - [2022-12-12T05:37:53.840+0000] {dagbag.py:538} INFO - Filling up the DagBag from /home/airflow/.local/lib/python3.7/site-packages/airflow/example_dags/example_trigger_controller_dag.py
[2022-12-12T05:37:54.097+0000] {processor.py:753} INFO - DAG(s) dict_keys(['example_trigger_controller_dag']) retrieved from /home/airflow/.local/lib/python3.7/site-packages/airflow/example_dags/example_trigger_controller_dag.py
[2022-12-12T05:37:55.206+0000] {logging_mixin.py:137} INFO - [2022-12-12T05:37:55.205+0000] {dag.py:2676} INFO - Sync 1 DAGs
[2022-12-12T05:37:55.721+0000] {logging_mixin.py:137} INFO - [2022-12-12T05:37:55.720+0000] {dag.py:3427} INFO - Setting next_dagrun for example_trigger_controller_dag to 2021-01-01T00:00:00+00:00, run_after=2021-01-01T00:00:00+00:00
[2022-12-12T05:37:55.935+0000] {processor.py:175} INFO - Processing /home/airflow/.local/lib/python3.7/site-packages/airflow/example_dags/example_trigger_controller_dag.py took 2.188 seconds
[2022-12-12T05:39:14.400+0000] {processor.py:153} INFO - Started process (PID=197) to work on /home/airflow/.local/lib/python3.7/site-packages/airflow/example_dags/example_trigger_controller_dag.py
[2022-12-12T05:39:14.405+0000] {processor.py:743} INFO - Processing file /home/airflow/.local/lib/python3.7/site-packages/airflow/example_dags/example_trigger_controller_dag.py for tasks to queue
[2022-12-12T05:39:14.409+0000] {logging_mixin.py:137} INFO - [2022-12-12T05:39:14.408+0000] {dagbag.py:538} INFO - Filling up the DagBag from /home/airflow/.local/lib/python3.7/site-packages/airflow/example_dags/example_trigger_controller_dag.py
[2022-12-12T05:39:14.473+0000] {processor.py:753} INFO - DAG(s) dict_keys(['example_trigger_controller_dag']) retrieved from /home/airflow/.local/lib/python3.7/site-packages/airflow/example_dags/example_trigger_controller_dag.py
[2022-12-12T05:39:14.785+0000] {logging_mixin.py:137} INFO - [2022-12-12T05:39:14.777+0000] {dag.py:2676} INFO - Sync 1 DAGs
[2022-12-12T05:39:15.203+0000] {logging_mixin.py:137} INFO - [2022-12-12T05:39:15.203+0000] {dag.py:3427} INFO - Setting next_dagrun for example_trigger_controller_dag to 2021-01-01T00:00:00+00:00, run_after=2021-01-01T00:00:00+00:00
[2022-12-12T05:39:15.342+0000] {processor.py:175} INFO - Processing /home/airflow/.local/lib/python3.7/site-packages/airflow/example_dags/example_trigger_controller_dag.py took 0.965 seconds
[2022-12-12T05:39:45.639+0000] {processor.py:153} INFO - Started process (PID=258) to work on /home/airflow/.local/lib/python3.7/site-packages/airflow/example_dags/example_trigger_controller_dag.py
[2022-12-12T05:39:45.654+0000] {processor.py:743} INFO - Processing file /home/airflow/.local/lib/python3.7/site-packages/airflow/example_dags/example_trigger_controller_dag.py for tasks to queue
[2022-12-12T05:39:45.662+0000] {logging_mixin.py:137} INFO - [2022-12-12T05:39:45.662+0000] {dagbag.py:538} INFO - Filling up the DagBag from /home/airflow/.local/lib/python3.7/site-packages/airflow/example_dags/example_trigger_controller_dag.py
[2022-12-12T05:39:45.750+0000] {processor.py:753} INFO - DAG(s) dict_keys(['example_trigger_controller_dag']) retrieved from /home/airflow/.local/lib/python3.7/site-packages/airflow/example_dags/example_trigger_controller_dag.py
[2022-12-12T05:39:46.100+0000] {logging_mixin.py:137} INFO - [2022-12-12T05:39:46.100+0000] {dag.py:2676} INFO - Sync 1 DAGs
[2022-12-12T05:39:46.205+0000] {logging_mixin.py:137} INFO - [2022-12-12T05:39:46.205+0000] {dag.py:3427} INFO - Setting next_dagrun for example_trigger_controller_dag to 2021-01-01T00:00:00+00:00, run_after=2021-01-01T00:00:00+00:00
[2022-12-12T05:39:46.284+0000] {processor.py:175} INFO - Processing /home/airflow/.local/lib/python3.7/site-packages/airflow/example_dags/example_trigger_controller_dag.py took 0.651 seconds
[2022-12-12T05:40:16.811+0000] {processor.py:153} INFO - Started process (PID=313) to work on /home/airflow/.local/lib/python3.7/site-packages/airflow/example_dags/example_trigger_controller_dag.py
[2022-12-12T05:40:16.816+0000] {processor.py:743} INFO - Processing file /home/airflow/.local/lib/python3.7/site-packages/airflow/example_dags/example_trigger_controller_dag.py for tasks to queue
[2022-12-12T05:40:16.832+0000] {logging_mixin.py:137} INFO - [2022-12-12T05:40:16.831+0000] {dagbag.py:538} INFO - Filling up the DagBag from /home/airflow/.local/lib/python3.7/site-packages/airflow/example_dags/example_trigger_controller_dag.py
[2022-12-12T05:40:16.885+0000] {processor.py:753} INFO - DAG(s) dict_keys(['example_trigger_controller_dag']) retrieved from /home/airflow/.local/lib/python3.7/site-packages/airflow/example_dags/example_trigger_controller_dag.py
[2022-12-12T05:40:17.034+0000] {logging_mixin.py:137} INFO - [2022-12-12T05:40:17.033+0000] {dag.py:2676} INFO - Sync 1 DAGs
[2022-12-12T05:40:17.094+0000] {logging_mixin.py:137} INFO - [2022-12-12T05:40:17.093+0000] {dag.py:3427} INFO - Setting next_dagrun for example_trigger_controller_dag to 2021-01-01T00:00:00+00:00, run_after=2021-01-01T00:00:00+00:00
[2022-12-12T05:40:17.159+0000] {processor.py:175} INFO - Processing /home/airflow/.local/lib/python3.7/site-packages/airflow/example_dags/example_trigger_controller_dag.py took 0.355 seconds
[2022-12-12T05:40:47.796+0000] {processor.py:153} INFO - Started process (PID=376) to work on /home/airflow/.local/lib/python3.7/site-packages/airflow/example_dags/example_trigger_controller_dag.py
[2022-12-12T05:40:47.806+0000] {processor.py:743} INFO - Processing file /home/airflow/.local/lib/python3.7/site-packages/airflow/example_dags/example_trigger_controller_dag.py for tasks to queue
[2022-12-12T05:40:47.835+0000] {logging_mixin.py:137} INFO - [2022-12-12T05:40:47.835+0000] {dagbag.py:538} INFO - Filling up the DagBag from /home/airflow/.local/lib/python3.7/site-packages/airflow/example_dags/example_trigger_controller_dag.py
[2022-12-12T05:40:47.895+0000] {processor.py:753} INFO - DAG(s) dict_keys(['example_trigger_controller_dag']) retrieved from /home/airflow/.local/lib/python3.7/site-packages/airflow/example_dags/example_trigger_controller_dag.py
[2022-12-12T05:40:48.121+0000] {logging_mixin.py:137} INFO - [2022-12-12T05:40:48.121+0000] {dag.py:2676} INFO - Sync 1 DAGs
[2022-12-12T05:40:48.219+0000] {logging_mixin.py:137} INFO - [2022-12-12T05:40:48.218+0000] {dag.py:3427} INFO - Setting next_dagrun for example_trigger_controller_dag to 2021-01-01T00:00:00+00:00, run_after=2021-01-01T00:00:00+00:00
[2022-12-12T05:40:48.265+0000] {processor.py:175} INFO - Processing /home/airflow/.local/lib/python3.7/site-packages/airflow/example_dags/example_trigger_controller_dag.py took 0.483 seconds
[2022-12-12T05:41:18.571+0000] {processor.py:153} INFO - Started process (PID=439) to work on /home/airflow/.local/lib/python3.7/site-packages/airflow/example_dags/example_trigger_controller_dag.py
[2022-12-12T05:41:18.582+0000] {processor.py:743} INFO - Processing file /home/airflow/.local/lib/python3.7/site-packages/airflow/example_dags/example_trigger_controller_dag.py for tasks to queue
[2022-12-12T05:41:18.598+0000] {logging_mixin.py:137} INFO - [2022-12-12T05:41:18.598+0000] {dagbag.py:538} INFO - Filling up the DagBag from /home/airflow/.local/lib/python3.7/site-packages/airflow/example_dags/example_trigger_controller_dag.py
[2022-12-12T05:41:18.700+0000] {processor.py:753} INFO - DAG(s) dict_keys(['example_trigger_controller_dag']) retrieved from /home/airflow/.local/lib/python3.7/site-packages/airflow/example_dags/example_trigger_controller_dag.py
[2022-12-12T05:41:19.097+0000] {logging_mixin.py:137} INFO - [2022-12-12T05:41:19.086+0000] {dag.py:2676} INFO - Sync 1 DAGs
[2022-12-12T05:41:19.233+0000] {logging_mixin.py:137} INFO - [2022-12-12T05:41:19.233+0000] {dag.py:3427} INFO - Setting next_dagrun for example_trigger_controller_dag to 2021-01-01T00:00:00+00:00, run_after=2021-01-01T00:00:00+00:00
[2022-12-12T05:41:19.344+0000] {processor.py:175} INFO - Processing /home/airflow/.local/lib/python3.7/site-packages/airflow/example_dags/example_trigger_controller_dag.py took 0.782 seconds
[2022-12-12T05:41:49.999+0000] {processor.py:153} INFO - Started process (PID=498) to work on /home/airflow/.local/lib/python3.7/site-packages/airflow/example_dags/example_trigger_controller_dag.py
[2022-12-12T05:41:50.007+0000] {processor.py:743} INFO - Processing file /home/airflow/.local/lib/python3.7/site-packages/airflow/example_dags/example_trigger_controller_dag.py for tasks to queue
[2022-12-12T05:41:50.013+0000] {logging_mixin.py:137} INFO - [2022-12-12T05:41:50.012+0000] {dagbag.py:538} INFO - Filling up the DagBag from /home/airflow/.local/lib/python3.7/site-packages/airflow/example_dags/example_trigger_controller_dag.py
[2022-12-12T05:41:50.089+0000] {processor.py:753} INFO - DAG(s) dict_keys(['example_trigger_controller_dag']) retrieved from /home/airflow/.local/lib/python3.7/site-packages/airflow/example_dags/example_trigger_controller_dag.py
[2022-12-12T05:41:50.181+0000] {logging_mixin.py:137} INFO - [2022-12-12T05:41:50.181+0000] {dag.py:2676} INFO - Sync 1 DAGs
[2022-12-12T05:41:50.238+0000] {logging_mixin.py:137} INFO - [2022-12-12T05:41:50.238+0000] {dag.py:3427} INFO - Setting next_dagrun for example_trigger_controller_dag to 2021-01-01T00:00:00+00:00, run_after=2021-01-01T00:00:00+00:00
[2022-12-12T05:41:50.336+0000] {processor.py:175} INFO - Processing /home/airflow/.local/lib/python3.7/site-packages/airflow/example_dags/example_trigger_controller_dag.py took 0.364 seconds
[2022-12-12T05:42:20.668+0000] {processor.py:153} INFO - Started process (PID=552) to work on /home/airflow/.local/lib/python3.7/site-packages/airflow/example_dags/example_trigger_controller_dag.py
[2022-12-12T05:42:20.720+0000] {processor.py:743} INFO - Processing file /home/airflow/.local/lib/python3.7/site-packages/airflow/example_dags/example_trigger_controller_dag.py for tasks to queue
[2022-12-12T05:42:20.735+0000] {logging_mixin.py:137} INFO - [2022-12-12T05:42:20.735+0000] {dagbag.py:538} INFO - Filling up the DagBag from /home/airflow/.local/lib/python3.7/site-packages/airflow/example_dags/example_trigger_controller_dag.py
[2022-12-12T05:42:20.811+0000] {processor.py:753} INFO - DAG(s) dict_keys(['example_trigger_controller_dag']) retrieved from /home/airflow/.local/lib/python3.7/site-packages/airflow/example_dags/example_trigger_controller_dag.py
[2022-12-12T05:42:20.924+0000] {logging_mixin.py:137} INFO - [2022-12-12T05:42:20.923+0000] {dag.py:2676} INFO - Sync 1 DAGs
[2022-12-12T05:42:21.047+0000] {logging_mixin.py:137} INFO - [2022-12-12T05:42:21.047+0000] {dag.py:3427} INFO - Setting next_dagrun for example_trigger_controller_dag to 2021-01-01T00:00:00+00:00, run_after=2021-01-01T00:00:00+00:00
[2022-12-12T05:42:21.153+0000] {processor.py:175} INFO - Processing /home/airflow/.local/lib/python3.7/site-packages/airflow/example_dags/example_trigger_controller_dag.py took 0.519 seconds
