[2022-12-12T05:37:50.084+0000] {processor.py:153} INFO - Started process (PID=107) to work on /home/airflow/.local/lib/python3.7/site-packages/airflow/example_dags/example_latest_only_with_trigger.py
[2022-12-12T05:37:50.117+0000] {processor.py:743} INFO - Processing file /home/airflow/.local/lib/python3.7/site-packages/airflow/example_dags/example_latest_only_with_trigger.py for tasks to queue
[2022-12-12T05:37:50.124+0000] {logging_mixin.py:137} INFO - [2022-12-12T05:37:50.124+0000] {dagbag.py:538} INFO - Filling up the DagBag from /home/airflow/.local/lib/python3.7/site-packages/airflow/example_dags/example_latest_only_with_trigger.py
[2022-12-12T05:37:50.549+0000] {processor.py:753} INFO - DAG(s) dict_keys(['latest_only_with_trigger']) retrieved from /home/airflow/.local/lib/python3.7/site-packages/airflow/example_dags/example_latest_only_with_trigger.py
[2022-12-12T05:37:52.067+0000] {logging_mixin.py:137} INFO - [2022-12-12T05:37:52.067+0000] {dag.py:2676} INFO - Sync 1 DAGs
[2022-12-12T05:37:53.096+0000] {logging_mixin.py:137} INFO - [2022-12-12T05:37:53.084+0000] {dag.py:3427} INFO - Setting next_dagrun for latest_only_with_trigger to 2022-12-12T01:37:53.082442+00:00, run_after=2022-12-12T05:37:53.082442+00:00
[2022-12-12T05:37:53.461+0000] {processor.py:175} INFO - Processing /home/airflow/.local/lib/python3.7/site-packages/airflow/example_dags/example_latest_only_with_trigger.py took 3.513 seconds
[2022-12-12T05:39:11.954+0000] {processor.py:153} INFO - Started process (PID=195) to work on /home/airflow/.local/lib/python3.7/site-packages/airflow/example_dags/example_latest_only_with_trigger.py
[2022-12-12T05:39:11.980+0000] {processor.py:743} INFO - Processing file /home/airflow/.local/lib/python3.7/site-packages/airflow/example_dags/example_latest_only_with_trigger.py for tasks to queue
[2022-12-12T05:39:11.985+0000] {logging_mixin.py:137} INFO - [2022-12-12T05:39:11.985+0000] {dagbag.py:538} INFO - Filling up the DagBag from /home/airflow/.local/lib/python3.7/site-packages/airflow/example_dags/example_latest_only_with_trigger.py
[2022-12-12T05:39:12.087+0000] {processor.py:753} INFO - DAG(s) dict_keys(['latest_only_with_trigger']) retrieved from /home/airflow/.local/lib/python3.7/site-packages/airflow/example_dags/example_latest_only_with_trigger.py
[2022-12-12T05:39:13.225+0000] {logging_mixin.py:137} INFO - [2022-12-12T05:39:13.224+0000] {dag.py:2676} INFO - Sync 1 DAGs
[2022-12-12T05:39:13.404+0000] {logging_mixin.py:137} INFO - [2022-12-12T05:39:13.404+0000] {dag.py:3427} INFO - Setting next_dagrun for latest_only_with_trigger to 2022-12-12T01:39:13.403729+00:00, run_after=2022-12-12T05:39:13.403729+00:00
[2022-12-12T05:39:13.624+0000] {processor.py:175} INFO - Processing /home/airflow/.local/lib/python3.7/site-packages/airflow/example_dags/example_latest_only_with_trigger.py took 1.650 seconds
[2022-12-12T05:39:44.450+0000] {processor.py:153} INFO - Started process (PID=249) to work on /home/airflow/.local/lib/python3.7/site-packages/airflow/example_dags/example_latest_only_with_trigger.py
[2022-12-12T05:39:44.455+0000] {processor.py:743} INFO - Processing file /home/airflow/.local/lib/python3.7/site-packages/airflow/example_dags/example_latest_only_with_trigger.py for tasks to queue
[2022-12-12T05:39:44.480+0000] {logging_mixin.py:137} INFO - [2022-12-12T05:39:44.480+0000] {dagbag.py:538} INFO - Filling up the DagBag from /home/airflow/.local/lib/python3.7/site-packages/airflow/example_dags/example_latest_only_with_trigger.py
[2022-12-12T05:39:44.912+0000] {processor.py:753} INFO - DAG(s) dict_keys(['latest_only_with_trigger']) retrieved from /home/airflow/.local/lib/python3.7/site-packages/airflow/example_dags/example_latest_only_with_trigger.py
[2022-12-12T05:39:45.059+0000] {logging_mixin.py:137} INFO - [2022-12-12T05:39:45.056+0000] {dag.py:2676} INFO - Sync 1 DAGs
[2022-12-12T05:39:45.178+0000] {logging_mixin.py:137} INFO - [2022-12-12T05:39:45.176+0000] {dag.py:3427} INFO - Setting next_dagrun for latest_only_with_trigger to 2022-12-12T01:39:45.176057+00:00, run_after=2022-12-12T05:39:45.176057+00:00
[2022-12-12T05:39:45.265+0000] {processor.py:175} INFO - Processing /home/airflow/.local/lib/python3.7/site-packages/airflow/example_dags/example_latest_only_with_trigger.py took 0.845 seconds
[2022-12-12T05:40:15.538+0000] {processor.py:153} INFO - Started process (PID=310) to work on /home/airflow/.local/lib/python3.7/site-packages/airflow/example_dags/example_latest_only_with_trigger.py
[2022-12-12T05:40:15.550+0000] {processor.py:743} INFO - Processing file /home/airflow/.local/lib/python3.7/site-packages/airflow/example_dags/example_latest_only_with_trigger.py for tasks to queue
[2022-12-12T05:40:15.556+0000] {logging_mixin.py:137} INFO - [2022-12-12T05:40:15.555+0000] {dagbag.py:538} INFO - Filling up the DagBag from /home/airflow/.local/lib/python3.7/site-packages/airflow/example_dags/example_latest_only_with_trigger.py
[2022-12-12T05:40:15.621+0000] {processor.py:753} INFO - DAG(s) dict_keys(['latest_only_with_trigger']) retrieved from /home/airflow/.local/lib/python3.7/site-packages/airflow/example_dags/example_latest_only_with_trigger.py
[2022-12-12T05:40:15.738+0000] {logging_mixin.py:137} INFO - [2022-12-12T05:40:15.738+0000] {dag.py:2676} INFO - Sync 1 DAGs
[2022-12-12T05:40:15.831+0000] {logging_mixin.py:137} INFO - [2022-12-12T05:40:15.830+0000] {dag.py:3427} INFO - Setting next_dagrun for latest_only_with_trigger to 2022-12-12T01:40:15.829499+00:00, run_after=2022-12-12T05:40:15.829499+00:00
[2022-12-12T05:40:15.906+0000] {processor.py:175} INFO - Processing /home/airflow/.local/lib/python3.7/site-packages/airflow/example_dags/example_latest_only_with_trigger.py took 0.378 seconds
[2022-12-12T05:40:46.299+0000] {processor.py:153} INFO - Started process (PID=373) to work on /home/airflow/.local/lib/python3.7/site-packages/airflow/example_dags/example_latest_only_with_trigger.py
[2022-12-12T05:40:46.352+0000] {processor.py:743} INFO - Processing file /home/airflow/.local/lib/python3.7/site-packages/airflow/example_dags/example_latest_only_with_trigger.py for tasks to queue
[2022-12-12T05:40:46.358+0000] {logging_mixin.py:137} INFO - [2022-12-12T05:40:46.357+0000] {dagbag.py:538} INFO - Filling up the DagBag from /home/airflow/.local/lib/python3.7/site-packages/airflow/example_dags/example_latest_only_with_trigger.py
[2022-12-12T05:40:46.451+0000] {processor.py:753} INFO - DAG(s) dict_keys(['latest_only_with_trigger']) retrieved from /home/airflow/.local/lib/python3.7/site-packages/airflow/example_dags/example_latest_only_with_trigger.py
[2022-12-12T05:40:46.678+0000] {logging_mixin.py:137} INFO - [2022-12-12T05:40:46.678+0000] {dag.py:2676} INFO - Sync 1 DAGs
[2022-12-12T05:40:46.799+0000] {logging_mixin.py:137} INFO - [2022-12-12T05:40:46.798+0000] {dag.py:3427} INFO - Setting next_dagrun for latest_only_with_trigger to 2022-12-12T01:40:46.797361+00:00, run_after=2022-12-12T05:40:46.797361+00:00
[2022-12-12T05:40:46.855+0000] {processor.py:175} INFO - Processing /home/airflow/.local/lib/python3.7/site-packages/airflow/example_dags/example_latest_only_with_trigger.py took 0.570 seconds
[2022-12-12T05:41:17.519+0000] {processor.py:153} INFO - Started process (PID=436) to work on /home/airflow/.local/lib/python3.7/site-packages/airflow/example_dags/example_latest_only_with_trigger.py
[2022-12-12T05:41:17.528+0000] {processor.py:743} INFO - Processing file /home/airflow/.local/lib/python3.7/site-packages/airflow/example_dags/example_latest_only_with_trigger.py for tasks to queue
[2022-12-12T05:41:17.532+0000] {logging_mixin.py:137} INFO - [2022-12-12T05:41:17.532+0000] {dagbag.py:538} INFO - Filling up the DagBag from /home/airflow/.local/lib/python3.7/site-packages/airflow/example_dags/example_latest_only_with_trigger.py
[2022-12-12T05:41:17.568+0000] {processor.py:753} INFO - DAG(s) dict_keys(['latest_only_with_trigger']) retrieved from /home/airflow/.local/lib/python3.7/site-packages/airflow/example_dags/example_latest_only_with_trigger.py
[2022-12-12T05:41:17.733+0000] {logging_mixin.py:137} INFO - [2022-12-12T05:41:17.733+0000] {dag.py:2676} INFO - Sync 1 DAGs
[2022-12-12T05:41:17.860+0000] {logging_mixin.py:137} INFO - [2022-12-12T05:41:17.859+0000] {dag.py:3427} INFO - Setting next_dagrun for latest_only_with_trigger to 2022-12-12T01:41:17.859299+00:00, run_after=2022-12-12T05:41:17.859299+00:00
[2022-12-12T05:41:17.946+0000] {processor.py:175} INFO - Processing /home/airflow/.local/lib/python3.7/site-packages/airflow/example_dags/example_latest_only_with_trigger.py took 0.443 seconds
[2022-12-12T05:41:48.286+0000] {processor.py:153} INFO - Started process (PID=495) to work on /home/airflow/.local/lib/python3.7/site-packages/airflow/example_dags/example_latest_only_with_trigger.py
[2022-12-12T05:41:48.292+0000] {processor.py:743} INFO - Processing file /home/airflow/.local/lib/python3.7/site-packages/airflow/example_dags/example_latest_only_with_trigger.py for tasks to queue
[2022-12-12T05:41:48.301+0000] {logging_mixin.py:137} INFO - [2022-12-12T05:41:48.301+0000] {dagbag.py:538} INFO - Filling up the DagBag from /home/airflow/.local/lib/python3.7/site-packages/airflow/example_dags/example_latest_only_with_trigger.py
[2022-12-12T05:41:48.345+0000] {processor.py:753} INFO - DAG(s) dict_keys(['latest_only_with_trigger']) retrieved from /home/airflow/.local/lib/python3.7/site-packages/airflow/example_dags/example_latest_only_with_trigger.py
[2022-12-12T05:41:48.530+0000] {logging_mixin.py:137} INFO - [2022-12-12T05:41:48.525+0000] {dag.py:2676} INFO - Sync 1 DAGs
[2022-12-12T05:41:48.656+0000] {logging_mixin.py:137} INFO - [2022-12-12T05:41:48.656+0000] {dag.py:3427} INFO - Setting next_dagrun for latest_only_with_trigger to 2022-12-12T01:41:48.653842+00:00, run_after=2022-12-12T05:41:48.653842+00:00
[2022-12-12T05:41:48.808+0000] {processor.py:175} INFO - Processing /home/airflow/.local/lib/python3.7/site-packages/airflow/example_dags/example_latest_only_with_trigger.py took 0.537 seconds
[2022-12-12T05:42:19.065+0000] {processor.py:153} INFO - Started process (PID=549) to work on /home/airflow/.local/lib/python3.7/site-packages/airflow/example_dags/example_latest_only_with_trigger.py
[2022-12-12T05:42:19.076+0000] {processor.py:743} INFO - Processing file /home/airflow/.local/lib/python3.7/site-packages/airflow/example_dags/example_latest_only_with_trigger.py for tasks to queue
[2022-12-12T05:42:19.081+0000] {logging_mixin.py:137} INFO - [2022-12-12T05:42:19.081+0000] {dagbag.py:538} INFO - Filling up the DagBag from /home/airflow/.local/lib/python3.7/site-packages/airflow/example_dags/example_latest_only_with_trigger.py
[2022-12-12T05:42:19.132+0000] {processor.py:753} INFO - DAG(s) dict_keys(['latest_only_with_trigger']) retrieved from /home/airflow/.local/lib/python3.7/site-packages/airflow/example_dags/example_latest_only_with_trigger.py
[2022-12-12T05:42:19.339+0000] {logging_mixin.py:137} INFO - [2022-12-12T05:42:19.339+0000] {dag.py:2676} INFO - Sync 1 DAGs
[2022-12-12T05:42:19.495+0000] {logging_mixin.py:137} INFO - [2022-12-12T05:42:19.495+0000] {dag.py:3427} INFO - Setting next_dagrun for latest_only_with_trigger to 2022-12-12T01:42:19.495158+00:00, run_after=2022-12-12T05:42:19.495158+00:00
[2022-12-12T05:42:19.600+0000] {processor.py:175} INFO - Processing /home/airflow/.local/lib/python3.7/site-packages/airflow/example_dags/example_latest_only_with_trigger.py took 0.546 seconds
