[2022-12-12T05:37:39.105+0000] {processor.py:153} INFO - Started process (PID=92) to work on /home/airflow/.local/lib/python3.7/site-packages/airflow/example_dags/example_external_task_marker_dag.py
[2022-12-12T05:37:39.166+0000] {processor.py:743} INFO - Processing file /home/airflow/.local/lib/python3.7/site-packages/airflow/example_dags/example_external_task_marker_dag.py for tasks to queue
[2022-12-12T05:37:39.181+0000] {logging_mixin.py:137} INFO - [2022-12-12T05:37:39.181+0000] {dagbag.py:538} INFO - Filling up the DagBag from /home/airflow/.local/lib/python3.7/site-packages/airflow/example_dags/example_external_task_marker_dag.py
[2022-12-12T05:37:39.352+0000] {processor.py:753} INFO - DAG(s) dict_keys(['example_external_task_marker_child', 'example_external_task_marker_parent']) retrieved from /home/airflow/.local/lib/python3.7/site-packages/airflow/example_dags/example_external_task_marker_dag.py
[2022-12-12T05:37:39.583+0000] {logging_mixin.py:137} INFO - [2022-12-12T05:37:39.583+0000] {dag.py:2676} INFO - Sync 2 DAGs
[2022-12-12T05:37:39.698+0000] {logging_mixin.py:137} INFO - [2022-12-12T05:37:39.698+0000] {dag.py:3427} INFO - Setting next_dagrun for example_external_task_marker_child to None, run_after=None
[2022-12-12T05:37:39.736+0000] {logging_mixin.py:137} INFO - [2022-12-12T05:37:39.734+0000] {dag.py:3427} INFO - Setting next_dagrun for example_external_task_marker_parent to None, run_after=None
[2022-12-12T05:37:40.045+0000] {processor.py:175} INFO - Processing /home/airflow/.local/lib/python3.7/site-packages/airflow/example_dags/example_external_task_marker_dag.py took 0.981 seconds
[2022-12-12T05:39:03.341+0000] {processor.py:153} INFO - Started process (PID=175) to work on /home/airflow/.local/lib/python3.7/site-packages/airflow/example_dags/example_external_task_marker_dag.py
[2022-12-12T05:39:03.367+0000] {processor.py:743} INFO - Processing file /home/airflow/.local/lib/python3.7/site-packages/airflow/example_dags/example_external_task_marker_dag.py for tasks to queue
[2022-12-12T05:39:03.437+0000] {logging_mixin.py:137} INFO - [2022-12-12T05:39:03.436+0000] {dagbag.py:538} INFO - Filling up the DagBag from /home/airflow/.local/lib/python3.7/site-packages/airflow/example_dags/example_external_task_marker_dag.py
[2022-12-12T05:39:03.531+0000] {processor.py:753} INFO - DAG(s) dict_keys(['example_external_task_marker_parent', 'example_external_task_marker_child']) retrieved from /home/airflow/.local/lib/python3.7/site-packages/airflow/example_dags/example_external_task_marker_dag.py
[2022-12-12T05:39:03.942+0000] {logging_mixin.py:137} INFO - [2022-12-12T05:39:03.942+0000] {dag.py:2676} INFO - Sync 2 DAGs
[2022-12-12T05:39:04.237+0000] {logging_mixin.py:137} INFO - [2022-12-12T05:39:04.237+0000] {dag.py:3427} INFO - Setting next_dagrun for example_external_task_marker_child to None, run_after=None
[2022-12-12T05:39:04.277+0000] {logging_mixin.py:137} INFO - [2022-12-12T05:39:04.276+0000] {dag.py:3427} INFO - Setting next_dagrun for example_external_task_marker_parent to None, run_after=None
[2022-12-12T05:39:04.516+0000] {processor.py:175} INFO - Processing /home/airflow/.local/lib/python3.7/site-packages/airflow/example_dags/example_external_task_marker_dag.py took 1.198 seconds
[2022-12-12T05:39:35.435+0000] {processor.py:153} INFO - Started process (PID=241) to work on /home/airflow/.local/lib/python3.7/site-packages/airflow/example_dags/example_external_task_marker_dag.py
[2022-12-12T05:39:35.440+0000] {processor.py:743} INFO - Processing file /home/airflow/.local/lib/python3.7/site-packages/airflow/example_dags/example_external_task_marker_dag.py for tasks to queue
[2022-12-12T05:39:35.444+0000] {logging_mixin.py:137} INFO - [2022-12-12T05:39:35.444+0000] {dagbag.py:538} INFO - Filling up the DagBag from /home/airflow/.local/lib/python3.7/site-packages/airflow/example_dags/example_external_task_marker_dag.py
[2022-12-12T05:39:35.488+0000] {processor.py:753} INFO - DAG(s) dict_keys(['example_external_task_marker_child', 'example_external_task_marker_parent']) retrieved from /home/airflow/.local/lib/python3.7/site-packages/airflow/example_dags/example_external_task_marker_dag.py
[2022-12-12T05:39:35.590+0000] {logging_mixin.py:137} INFO - [2022-12-12T05:39:35.590+0000] {dag.py:2676} INFO - Sync 2 DAGs
[2022-12-12T05:39:35.654+0000] {logging_mixin.py:137} INFO - [2022-12-12T05:39:35.653+0000] {dag.py:3427} INFO - Setting next_dagrun for example_external_task_marker_child to None, run_after=None
[2022-12-12T05:39:35.669+0000] {logging_mixin.py:137} INFO - [2022-12-12T05:39:35.669+0000] {dag.py:3427} INFO - Setting next_dagrun for example_external_task_marker_parent to None, run_after=None
[2022-12-12T05:39:35.716+0000] {processor.py:175} INFO - Processing /home/airflow/.local/lib/python3.7/site-packages/airflow/example_dags/example_external_task_marker_dag.py took 0.291 seconds
[2022-12-12T05:40:07.620+0000] {processor.py:153} INFO - Started process (PID=298) to work on /home/airflow/.local/lib/python3.7/site-packages/airflow/example_dags/example_external_task_marker_dag.py
[2022-12-12T05:40:07.624+0000] {processor.py:743} INFO - Processing file /home/airflow/.local/lib/python3.7/site-packages/airflow/example_dags/example_external_task_marker_dag.py for tasks to queue
[2022-12-12T05:40:07.631+0000] {logging_mixin.py:137} INFO - [2022-12-12T05:40:07.631+0000] {dagbag.py:538} INFO - Filling up the DagBag from /home/airflow/.local/lib/python3.7/site-packages/airflow/example_dags/example_external_task_marker_dag.py
[2022-12-12T05:40:07.732+0000] {processor.py:753} INFO - DAG(s) dict_keys(['example_external_task_marker_parent', 'example_external_task_marker_child']) retrieved from /home/airflow/.local/lib/python3.7/site-packages/airflow/example_dags/example_external_task_marker_dag.py
[2022-12-12T05:40:07.973+0000] {logging_mixin.py:137} INFO - [2022-12-12T05:40:07.973+0000] {dag.py:2676} INFO - Sync 2 DAGs
[2022-12-12T05:40:08.086+0000] {logging_mixin.py:137} INFO - [2022-12-12T05:40:08.086+0000] {dag.py:3427} INFO - Setting next_dagrun for example_external_task_marker_child to None, run_after=None
[2022-12-12T05:40:08.110+0000] {logging_mixin.py:137} INFO - [2022-12-12T05:40:08.110+0000] {dag.py:3427} INFO - Setting next_dagrun for example_external_task_marker_parent to None, run_after=None
[2022-12-12T05:40:08.223+0000] {processor.py:175} INFO - Processing /home/airflow/.local/lib/python3.7/site-packages/airflow/example_dags/example_external_task_marker_dag.py took 0.641 seconds
[2022-12-12T05:40:38.944+0000] {processor.py:153} INFO - Started process (PID=354) to work on /home/airflow/.local/lib/python3.7/site-packages/airflow/example_dags/example_external_task_marker_dag.py
[2022-12-12T05:40:38.954+0000] {processor.py:743} INFO - Processing file /home/airflow/.local/lib/python3.7/site-packages/airflow/example_dags/example_external_task_marker_dag.py for tasks to queue
[2022-12-12T05:40:38.971+0000] {logging_mixin.py:137} INFO - [2022-12-12T05:40:38.969+0000] {dagbag.py:538} INFO - Filling up the DagBag from /home/airflow/.local/lib/python3.7/site-packages/airflow/example_dags/example_external_task_marker_dag.py
[2022-12-12T05:40:39.093+0000] {processor.py:753} INFO - DAG(s) dict_keys(['example_external_task_marker_parent', 'example_external_task_marker_child']) retrieved from /home/airflow/.local/lib/python3.7/site-packages/airflow/example_dags/example_external_task_marker_dag.py
[2022-12-12T05:40:39.264+0000] {logging_mixin.py:137} INFO - [2022-12-12T05:40:39.264+0000] {dag.py:2676} INFO - Sync 2 DAGs
[2022-12-12T05:40:39.349+0000] {logging_mixin.py:137} INFO - [2022-12-12T05:40:39.348+0000] {dag.py:3427} INFO - Setting next_dagrun for example_external_task_marker_child to None, run_after=None
[2022-12-12T05:40:39.364+0000] {logging_mixin.py:137} INFO - [2022-12-12T05:40:39.363+0000] {dag.py:3427} INFO - Setting next_dagrun for example_external_task_marker_parent to None, run_after=None
[2022-12-12T05:40:39.438+0000] {processor.py:175} INFO - Processing /home/airflow/.local/lib/python3.7/site-packages/airflow/example_dags/example_external_task_marker_dag.py took 0.519 seconds
[2022-12-12T05:41:09.736+0000] {processor.py:153} INFO - Started process (PID=417) to work on /home/airflow/.local/lib/python3.7/site-packages/airflow/example_dags/example_external_task_marker_dag.py
[2022-12-12T05:41:09.767+0000] {processor.py:743} INFO - Processing file /home/airflow/.local/lib/python3.7/site-packages/airflow/example_dags/example_external_task_marker_dag.py for tasks to queue
[2022-12-12T05:41:09.772+0000] {logging_mixin.py:137} INFO - [2022-12-12T05:41:09.771+0000] {dagbag.py:538} INFO - Filling up the DagBag from /home/airflow/.local/lib/python3.7/site-packages/airflow/example_dags/example_external_task_marker_dag.py
[2022-12-12T05:41:09.811+0000] {processor.py:753} INFO - DAG(s) dict_keys(['example_external_task_marker_parent', 'example_external_task_marker_child']) retrieved from /home/airflow/.local/lib/python3.7/site-packages/airflow/example_dags/example_external_task_marker_dag.py
[2022-12-12T05:41:09.944+0000] {logging_mixin.py:137} INFO - [2022-12-12T05:41:09.944+0000] {dag.py:2676} INFO - Sync 2 DAGs
[2022-12-12T05:41:10.012+0000] {logging_mixin.py:137} INFO - [2022-12-12T05:41:10.012+0000] {dag.py:3427} INFO - Setting next_dagrun for example_external_task_marker_child to None, run_after=None
[2022-12-12T05:41:10.027+0000] {logging_mixin.py:137} INFO - [2022-12-12T05:41:10.026+0000] {dag.py:3427} INFO - Setting next_dagrun for example_external_task_marker_parent to None, run_after=None
[2022-12-12T05:41:10.077+0000] {processor.py:175} INFO - Processing /home/airflow/.local/lib/python3.7/site-packages/airflow/example_dags/example_external_task_marker_dag.py took 0.351 seconds
[2022-12-12T05:41:40.361+0000] {processor.py:153} INFO - Started process (PID=479) to work on /home/airflow/.local/lib/python3.7/site-packages/airflow/example_dags/example_external_task_marker_dag.py
[2022-12-12T05:41:40.483+0000] {processor.py:743} INFO - Processing file /home/airflow/.local/lib/python3.7/site-packages/airflow/example_dags/example_external_task_marker_dag.py for tasks to queue
[2022-12-12T05:41:40.527+0000] {logging_mixin.py:137} INFO - [2022-12-12T05:41:40.526+0000] {dagbag.py:538} INFO - Filling up the DagBag from /home/airflow/.local/lib/python3.7/site-packages/airflow/example_dags/example_external_task_marker_dag.py
[2022-12-12T05:41:40.611+0000] {processor.py:753} INFO - DAG(s) dict_keys(['example_external_task_marker_parent', 'example_external_task_marker_child']) retrieved from /home/airflow/.local/lib/python3.7/site-packages/airflow/example_dags/example_external_task_marker_dag.py
[2022-12-12T05:41:40.806+0000] {logging_mixin.py:137} INFO - [2022-12-12T05:41:40.806+0000] {dag.py:2676} INFO - Sync 2 DAGs
[2022-12-12T05:41:40.913+0000] {logging_mixin.py:137} INFO - [2022-12-12T05:41:40.912+0000] {dag.py:3427} INFO - Setting next_dagrun for example_external_task_marker_child to None, run_after=None
[2022-12-12T05:41:40.933+0000] {logging_mixin.py:137} INFO - [2022-12-12T05:41:40.932+0000] {dag.py:3427} INFO - Setting next_dagrun for example_external_task_marker_parent to None, run_after=None
[2022-12-12T05:41:41.001+0000] {processor.py:175} INFO - Processing /home/airflow/.local/lib/python3.7/site-packages/airflow/example_dags/example_external_task_marker_dag.py took 0.650 seconds
[2022-12-12T05:42:15.655+0000] {processor.py:153} INFO - Started process (PID=542) to work on /home/airflow/.local/lib/python3.7/site-packages/airflow/example_dags/example_external_task_marker_dag.py
[2022-12-12T05:42:15.673+0000] {processor.py:743} INFO - Processing file /home/airflow/.local/lib/python3.7/site-packages/airflow/example_dags/example_external_task_marker_dag.py for tasks to queue
[2022-12-12T05:42:15.683+0000] {logging_mixin.py:137} INFO - [2022-12-12T05:42:15.682+0000] {dagbag.py:538} INFO - Filling up the DagBag from /home/airflow/.local/lib/python3.7/site-packages/airflow/example_dags/example_external_task_marker_dag.py
[2022-12-12T05:42:15.780+0000] {processor.py:753} INFO - DAG(s) dict_keys(['example_external_task_marker_parent', 'example_external_task_marker_child']) retrieved from /home/airflow/.local/lib/python3.7/site-packages/airflow/example_dags/example_external_task_marker_dag.py
[2022-12-12T05:42:15.968+0000] {logging_mixin.py:137} INFO - [2022-12-12T05:42:15.968+0000] {dag.py:2676} INFO - Sync 2 DAGs
[2022-12-12T05:42:16.105+0000] {logging_mixin.py:137} INFO - [2022-12-12T05:42:16.104+0000] {dag.py:3427} INFO - Setting next_dagrun for example_external_task_marker_child to None, run_after=None
[2022-12-12T05:42:16.142+0000] {logging_mixin.py:137} INFO - [2022-12-12T05:42:16.142+0000] {dag.py:3427} INFO - Setting next_dagrun for example_external_task_marker_parent to None, run_after=None
[2022-12-12T05:42:16.386+0000] {processor.py:175} INFO - Processing /home/airflow/.local/lib/python3.7/site-packages/airflow/example_dags/example_external_task_marker_dag.py took 0.769 seconds
