[2022-12-12T05:38:43.554+0000] {processor.py:153} INFO - Started process (PID=149) to work on /home/airflow/.local/lib/python3.7/site-packages/airflow/example_dags/example_xcom.py
[2022-12-12T05:38:43.578+0000] {processor.py:743} INFO - Processing file /home/airflow/.local/lib/python3.7/site-packages/airflow/example_dags/example_xcom.py for tasks to queue
[2022-12-12T05:38:43.740+0000] {logging_mixin.py:137} INFO - [2022-12-12T05:38:43.739+0000] {dagbag.py:538} INFO - Filling up the DagBag from /home/airflow/.local/lib/python3.7/site-packages/airflow/example_dags/example_xcom.py
[2022-12-12T05:38:44.624+0000] {processor.py:753} INFO - DAG(s) dict_keys(['example_xcom']) retrieved from /home/airflow/.local/lib/python3.7/site-packages/airflow/example_dags/example_xcom.py
[2022-12-12T05:38:45.333+0000] {logging_mixin.py:137} INFO - [2022-12-12T05:38:45.333+0000] {dag.py:2676} INFO - Sync 1 DAGs
[2022-12-12T05:38:46.857+0000] {logging_mixin.py:137} INFO - [2022-12-12T05:38:46.857+0000] {dag.py:3427} INFO - Setting next_dagrun for example_xcom to 2021-01-01T00:00:00+00:00, run_after=2021-01-01T00:00:00+00:00
[2022-12-12T05:38:47.186+0000] {processor.py:175} INFO - Processing /home/airflow/.local/lib/python3.7/site-packages/airflow/example_dags/example_xcom.py took 3.741 seconds
[2022-12-12T05:39:20.926+0000] {processor.py:153} INFO - Started process (PID=217) to work on /home/airflow/.local/lib/python3.7/site-packages/airflow/example_dags/example_xcom.py
[2022-12-12T05:39:20.951+0000] {processor.py:743} INFO - Processing file /home/airflow/.local/lib/python3.7/site-packages/airflow/example_dags/example_xcom.py for tasks to queue
[2022-12-12T05:39:20.959+0000] {logging_mixin.py:137} INFO - [2022-12-12T05:39:20.958+0000] {dagbag.py:538} INFO - Filling up the DagBag from /home/airflow/.local/lib/python3.7/site-packages/airflow/example_dags/example_xcom.py
[2022-12-12T05:39:21.062+0000] {processor.py:753} INFO - DAG(s) dict_keys(['example_xcom']) retrieved from /home/airflow/.local/lib/python3.7/site-packages/airflow/example_dags/example_xcom.py
[2022-12-12T05:39:21.171+0000] {logging_mixin.py:137} INFO - [2022-12-12T05:39:21.170+0000] {dag.py:2676} INFO - Sync 1 DAGs
[2022-12-12T05:39:21.246+0000] {logging_mixin.py:137} INFO - [2022-12-12T05:39:21.245+0000] {dag.py:3427} INFO - Setting next_dagrun for example_xcom to 2021-01-01T00:00:00+00:00, run_after=2021-01-01T00:00:00+00:00
[2022-12-12T05:39:21.303+0000] {processor.py:175} INFO - Processing /home/airflow/.local/lib/python3.7/site-packages/airflow/example_dags/example_xcom.py took 0.393 seconds
[2022-12-12T05:39:54.347+0000] {processor.py:153} INFO - Started process (PID=280) to work on /home/airflow/.local/lib/python3.7/site-packages/airflow/example_dags/example_xcom.py
[2022-12-12T05:39:54.355+0000] {processor.py:743} INFO - Processing file /home/airflow/.local/lib/python3.7/site-packages/airflow/example_dags/example_xcom.py for tasks to queue
[2022-12-12T05:39:54.359+0000] {logging_mixin.py:137} INFO - [2022-12-12T05:39:54.359+0000] {dagbag.py:538} INFO - Filling up the DagBag from /home/airflow/.local/lib/python3.7/site-packages/airflow/example_dags/example_xcom.py
[2022-12-12T05:39:54.515+0000] {processor.py:753} INFO - DAG(s) dict_keys(['example_xcom']) retrieved from /home/airflow/.local/lib/python3.7/site-packages/airflow/example_dags/example_xcom.py
[2022-12-12T05:39:54.745+0000] {logging_mixin.py:137} INFO - [2022-12-12T05:39:54.745+0000] {dag.py:2676} INFO - Sync 1 DAGs
[2022-12-12T05:39:55.666+0000] {logging_mixin.py:137} INFO - [2022-12-12T05:39:55.665+0000] {dag.py:3427} INFO - Setting next_dagrun for example_xcom to 2021-01-01T00:00:00+00:00, run_after=2021-01-01T00:00:00+00:00
[2022-12-12T05:39:55.932+0000] {processor.py:175} INFO - Processing /home/airflow/.local/lib/python3.7/site-packages/airflow/example_dags/example_xcom.py took 1.598 seconds
[2022-12-12T05:40:26.281+0000] {processor.py:153} INFO - Started process (PID=339) to work on /home/airflow/.local/lib/python3.7/site-packages/airflow/example_dags/example_xcom.py
[2022-12-12T05:40:26.301+0000] {processor.py:743} INFO - Processing file /home/airflow/.local/lib/python3.7/site-packages/airflow/example_dags/example_xcom.py for tasks to queue
[2022-12-12T05:40:26.311+0000] {logging_mixin.py:137} INFO - [2022-12-12T05:40:26.310+0000] {dagbag.py:538} INFO - Filling up the DagBag from /home/airflow/.local/lib/python3.7/site-packages/airflow/example_dags/example_xcom.py
[2022-12-12T05:40:26.473+0000] {processor.py:753} INFO - DAG(s) dict_keys(['example_xcom']) retrieved from /home/airflow/.local/lib/python3.7/site-packages/airflow/example_dags/example_xcom.py
[2022-12-12T05:40:26.680+0000] {logging_mixin.py:137} INFO - [2022-12-12T05:40:26.680+0000] {dag.py:2676} INFO - Sync 1 DAGs
[2022-12-12T05:40:26.813+0000] {logging_mixin.py:137} INFO - [2022-12-12T05:40:26.813+0000] {dag.py:3427} INFO - Setting next_dagrun for example_xcom to 2021-01-01T00:00:00+00:00, run_after=2021-01-01T00:00:00+00:00
[2022-12-12T05:40:26.907+0000] {processor.py:175} INFO - Processing /home/airflow/.local/lib/python3.7/site-packages/airflow/example_dags/example_xcom.py took 0.658 seconds
[2022-12-12T05:40:57.065+0000] {processor.py:153} INFO - Started process (PID=392) to work on /home/airflow/.local/lib/python3.7/site-packages/airflow/example_dags/example_xcom.py
[2022-12-12T05:40:57.070+0000] {processor.py:743} INFO - Processing file /home/airflow/.local/lib/python3.7/site-packages/airflow/example_dags/example_xcom.py for tasks to queue
[2022-12-12T05:40:57.079+0000] {logging_mixin.py:137} INFO - [2022-12-12T05:40:57.078+0000] {dagbag.py:538} INFO - Filling up the DagBag from /home/airflow/.local/lib/python3.7/site-packages/airflow/example_dags/example_xcom.py
[2022-12-12T05:40:57.133+0000] {processor.py:753} INFO - DAG(s) dict_keys(['example_xcom']) retrieved from /home/airflow/.local/lib/python3.7/site-packages/airflow/example_dags/example_xcom.py
[2022-12-12T05:40:57.219+0000] {logging_mixin.py:137} INFO - [2022-12-12T05:40:57.219+0000] {dag.py:2676} INFO - Sync 1 DAGs
[2022-12-12T05:40:57.271+0000] {logging_mixin.py:137} INFO - [2022-12-12T05:40:57.271+0000] {dag.py:3427} INFO - Setting next_dagrun for example_xcom to 2021-01-01T00:00:00+00:00, run_after=2021-01-01T00:00:00+00:00
[2022-12-12T05:40:57.322+0000] {processor.py:175} INFO - Processing /home/airflow/.local/lib/python3.7/site-packages/airflow/example_dags/example_xcom.py took 0.265 seconds
[2022-12-12T05:41:28.866+0000] {processor.py:153} INFO - Started process (PID=456) to work on /home/airflow/.local/lib/python3.7/site-packages/airflow/example_dags/example_xcom.py
[2022-12-12T05:41:28.898+0000] {processor.py:743} INFO - Processing file /home/airflow/.local/lib/python3.7/site-packages/airflow/example_dags/example_xcom.py for tasks to queue
[2022-12-12T05:41:28.920+0000] {logging_mixin.py:137} INFO - [2022-12-12T05:41:28.903+0000] {dagbag.py:538} INFO - Filling up the DagBag from /home/airflow/.local/lib/python3.7/site-packages/airflow/example_dags/example_xcom.py
[2022-12-12T05:41:29.000+0000] {processor.py:753} INFO - DAG(s) dict_keys(['example_xcom']) retrieved from /home/airflow/.local/lib/python3.7/site-packages/airflow/example_dags/example_xcom.py
[2022-12-12T05:41:29.271+0000] {logging_mixin.py:137} INFO - [2022-12-12T05:41:29.270+0000] {dag.py:2676} INFO - Sync 1 DAGs
[2022-12-12T05:41:29.512+0000] {logging_mixin.py:137} INFO - [2022-12-12T05:41:29.512+0000] {dag.py:3427} INFO - Setting next_dagrun for example_xcom to 2021-01-01T00:00:00+00:00, run_after=2021-01-01T00:00:00+00:00
[2022-12-12T05:41:29.693+0000] {processor.py:175} INFO - Processing /home/airflow/.local/lib/python3.7/site-packages/airflow/example_dags/example_xcom.py took 0.859 seconds
[2022-12-12T05:41:59.820+0000] {processor.py:153} INFO - Started process (PID=518) to work on /home/airflow/.local/lib/python3.7/site-packages/airflow/example_dags/example_xcom.py
[2022-12-12T05:41:59.827+0000] {processor.py:743} INFO - Processing file /home/airflow/.local/lib/python3.7/site-packages/airflow/example_dags/example_xcom.py for tasks to queue
[2022-12-12T05:41:59.830+0000] {logging_mixin.py:137} INFO - [2022-12-12T05:41:59.830+0000] {dagbag.py:538} INFO - Filling up the DagBag from /home/airflow/.local/lib/python3.7/site-packages/airflow/example_dags/example_xcom.py
[2022-12-12T05:41:59.921+0000] {processor.py:753} INFO - DAG(s) dict_keys(['example_xcom']) retrieved from /home/airflow/.local/lib/python3.7/site-packages/airflow/example_dags/example_xcom.py
[2022-12-12T05:42:00.133+0000] {logging_mixin.py:137} INFO - [2022-12-12T05:42:00.132+0000] {dag.py:2676} INFO - Sync 1 DAGs
[2022-12-12T05:42:00.221+0000] {logging_mixin.py:137} INFO - [2022-12-12T05:42:00.219+0000] {dag.py:3427} INFO - Setting next_dagrun for example_xcom to 2021-01-01T00:00:00+00:00, run_after=2021-01-01T00:00:00+00:00
[2022-12-12T05:42:00.270+0000] {processor.py:175} INFO - Processing /home/airflow/.local/lib/python3.7/site-packages/airflow/example_dags/example_xcom.py took 0.469 seconds
[2022-12-12T05:42:30.785+0000] {processor.py:153} INFO - Started process (PID=581) to work on /home/airflow/.local/lib/python3.7/site-packages/airflow/example_dags/example_xcom.py
[2022-12-12T05:42:30.792+0000] {processor.py:743} INFO - Processing file /home/airflow/.local/lib/python3.7/site-packages/airflow/example_dags/example_xcom.py for tasks to queue
[2022-12-12T05:42:30.795+0000] {logging_mixin.py:137} INFO - [2022-12-12T05:42:30.795+0000] {dagbag.py:538} INFO - Filling up the DagBag from /home/airflow/.local/lib/python3.7/site-packages/airflow/example_dags/example_xcom.py
[2022-12-12T05:42:30.907+0000] {processor.py:753} INFO - DAG(s) dict_keys(['example_xcom']) retrieved from /home/airflow/.local/lib/python3.7/site-packages/airflow/example_dags/example_xcom.py
[2022-12-12T05:42:31.017+0000] {logging_mixin.py:137} INFO - [2022-12-12T05:42:31.016+0000] {dag.py:2676} INFO - Sync 1 DAGs
[2022-12-12T05:42:31.069+0000] {logging_mixin.py:137} INFO - [2022-12-12T05:42:31.069+0000] {dag.py:3427} INFO - Setting next_dagrun for example_xcom to 2021-01-01T00:00:00+00:00, run_after=2021-01-01T00:00:00+00:00
[2022-12-12T05:42:31.106+0000] {processor.py:175} INFO - Processing /home/airflow/.local/lib/python3.7/site-packages/airflow/example_dags/example_xcom.py took 0.332 seconds
