[2022-12-12T05:38:07.632+0000] {processor.py:153} INFO - Started process (PID=128) to work on /home/airflow/.local/lib/python3.7/site-packages/airflow/example_dags/example_branch_python_dop_operator_3.py
[2022-12-12T05:38:07.638+0000] {processor.py:743} INFO - Processing file /home/airflow/.local/lib/python3.7/site-packages/airflow/example_dags/example_branch_python_dop_operator_3.py for tasks to queue
[2022-12-12T05:38:07.651+0000] {logging_mixin.py:137} INFO - [2022-12-12T05:38:07.651+0000] {dagbag.py:538} INFO - Filling up the DagBag from /home/airflow/.local/lib/python3.7/site-packages/airflow/example_dags/example_branch_python_dop_operator_3.py
[2022-12-12T05:38:08.306+0000] {processor.py:753} INFO - DAG(s) dict_keys(['example_branch_dop_operator_v3']) retrieved from /home/airflow/.local/lib/python3.7/site-packages/airflow/example_dags/example_branch_python_dop_operator_3.py
[2022-12-12T05:38:10.520+0000] {logging_mixin.py:137} INFO - [2022-12-12T05:38:10.519+0000] {dag.py:2676} INFO - Sync 1 DAGs
[2022-12-12T05:38:13.538+0000] {logging_mixin.py:137} INFO - [2022-12-12T05:38:13.466+0000] {dag.py:3427} INFO - Setting next_dagrun for example_branch_dop_operator_v3 to 2022-12-12T05:37:00+00:00, run_after=2022-12-12T05:38:00+00:00
[2022-12-12T05:38:15.847+0000] {processor.py:175} INFO - Processing /home/airflow/.local/lib/python3.7/site-packages/airflow/example_dags/example_branch_python_dop_operator_3.py took 8.293 seconds
[2022-12-12T05:39:18.615+0000] {processor.py:153} INFO - Started process (PID=208) to work on /home/airflow/.local/lib/python3.7/site-packages/airflow/example_dags/example_branch_python_dop_operator_3.py
[2022-12-12T05:39:18.621+0000] {processor.py:743} INFO - Processing file /home/airflow/.local/lib/python3.7/site-packages/airflow/example_dags/example_branch_python_dop_operator_3.py for tasks to queue
[2022-12-12T05:39:18.630+0000] {logging_mixin.py:137} INFO - [2022-12-12T05:39:18.630+0000] {dagbag.py:538} INFO - Filling up the DagBag from /home/airflow/.local/lib/python3.7/site-packages/airflow/example_dags/example_branch_python_dop_operator_3.py
[2022-12-12T05:39:18.734+0000] {processor.py:753} INFO - DAG(s) dict_keys(['example_branch_dop_operator_v3']) retrieved from /home/airflow/.local/lib/python3.7/site-packages/airflow/example_dags/example_branch_python_dop_operator_3.py
[2022-12-12T05:39:18.852+0000] {logging_mixin.py:137} INFO - [2022-12-12T05:39:18.851+0000] {dag.py:2676} INFO - Sync 1 DAGs
[2022-12-12T05:39:18.934+0000] {logging_mixin.py:137} INFO - [2022-12-12T05:39:18.933+0000] {dag.py:3427} INFO - Setting next_dagrun for example_branch_dop_operator_v3 to 2022-12-12T05:38:00+00:00, run_after=2022-12-12T05:39:00+00:00
[2022-12-12T05:39:18.988+0000] {processor.py:175} INFO - Processing /home/airflow/.local/lib/python3.7/site-packages/airflow/example_dags/example_branch_python_dop_operator_3.py took 0.381 seconds
[2022-12-12T05:39:51.362+0000] {processor.py:153} INFO - Started process (PID=268) to work on /home/airflow/.local/lib/python3.7/site-packages/airflow/example_dags/example_branch_python_dop_operator_3.py
[2022-12-12T05:39:51.367+0000] {processor.py:743} INFO - Processing file /home/airflow/.local/lib/python3.7/site-packages/airflow/example_dags/example_branch_python_dop_operator_3.py for tasks to queue
[2022-12-12T05:39:51.382+0000] {logging_mixin.py:137} INFO - [2022-12-12T05:39:51.382+0000] {dagbag.py:538} INFO - Filling up the DagBag from /home/airflow/.local/lib/python3.7/site-packages/airflow/example_dags/example_branch_python_dop_operator_3.py
[2022-12-12T05:39:51.482+0000] {processor.py:753} INFO - DAG(s) dict_keys(['example_branch_dop_operator_v3']) retrieved from /home/airflow/.local/lib/python3.7/site-packages/airflow/example_dags/example_branch_python_dop_operator_3.py
[2022-12-12T05:39:51.614+0000] {logging_mixin.py:137} INFO - [2022-12-12T05:39:51.613+0000] {dag.py:2676} INFO - Sync 1 DAGs
[2022-12-12T05:39:51.684+0000] {logging_mixin.py:137} INFO - [2022-12-12T05:39:51.684+0000] {dag.py:3427} INFO - Setting next_dagrun for example_branch_dop_operator_v3 to 2022-12-12T05:38:00+00:00, run_after=2022-12-12T05:39:00+00:00
[2022-12-12T05:39:51.729+0000] {processor.py:175} INFO - Processing /home/airflow/.local/lib/python3.7/site-packages/airflow/example_dags/example_branch_python_dop_operator_3.py took 0.375 seconds
[2022-12-12T05:40:22.346+0000] {processor.py:153} INFO - Started process (PID=321) to work on /home/airflow/.local/lib/python3.7/site-packages/airflow/example_dags/example_branch_python_dop_operator_3.py
[2022-12-12T05:40:22.350+0000] {processor.py:743} INFO - Processing file /home/airflow/.local/lib/python3.7/site-packages/airflow/example_dags/example_branch_python_dop_operator_3.py for tasks to queue
[2022-12-12T05:40:22.356+0000] {logging_mixin.py:137} INFO - [2022-12-12T05:40:22.356+0000] {dagbag.py:538} INFO - Filling up the DagBag from /home/airflow/.local/lib/python3.7/site-packages/airflow/example_dags/example_branch_python_dop_operator_3.py
[2022-12-12T05:40:22.430+0000] {processor.py:753} INFO - DAG(s) dict_keys(['example_branch_dop_operator_v3']) retrieved from /home/airflow/.local/lib/python3.7/site-packages/airflow/example_dags/example_branch_python_dop_operator_3.py
[2022-12-12T05:40:22.592+0000] {logging_mixin.py:137} INFO - [2022-12-12T05:40:22.591+0000] {dag.py:2676} INFO - Sync 1 DAGs
[2022-12-12T05:40:22.688+0000] {logging_mixin.py:137} INFO - [2022-12-12T05:40:22.688+0000] {dag.py:3427} INFO - Setting next_dagrun for example_branch_dop_operator_v3 to 2022-12-12T05:39:00+00:00, run_after=2022-12-12T05:40:00+00:00
[2022-12-12T05:40:22.745+0000] {processor.py:175} INFO - Processing /home/airflow/.local/lib/python3.7/site-packages/airflow/example_dags/example_branch_python_dop_operator_3.py took 0.413 seconds
[2022-12-12T05:40:53.520+0000] {processor.py:153} INFO - Started process (PID=384) to work on /home/airflow/.local/lib/python3.7/site-packages/airflow/example_dags/example_branch_python_dop_operator_3.py
[2022-12-12T05:40:53.549+0000] {processor.py:743} INFO - Processing file /home/airflow/.local/lib/python3.7/site-packages/airflow/example_dags/example_branch_python_dop_operator_3.py for tasks to queue
[2022-12-12T05:40:53.552+0000] {logging_mixin.py:137} INFO - [2022-12-12T05:40:53.551+0000] {dagbag.py:538} INFO - Filling up the DagBag from /home/airflow/.local/lib/python3.7/site-packages/airflow/example_dags/example_branch_python_dop_operator_3.py
[2022-12-12T05:40:53.696+0000] {processor.py:753} INFO - DAG(s) dict_keys(['example_branch_dop_operator_v3']) retrieved from /home/airflow/.local/lib/python3.7/site-packages/airflow/example_dags/example_branch_python_dop_operator_3.py
[2022-12-12T05:40:53.832+0000] {logging_mixin.py:137} INFO - [2022-12-12T05:40:53.832+0000] {dag.py:2676} INFO - Sync 1 DAGs
[2022-12-12T05:40:53.938+0000] {logging_mixin.py:137} INFO - [2022-12-12T05:40:53.938+0000] {dag.py:3427} INFO - Setting next_dagrun for example_branch_dop_operator_v3 to 2022-12-12T05:39:00+00:00, run_after=2022-12-12T05:40:00+00:00
[2022-12-12T05:40:54.008+0000] {processor.py:175} INFO - Processing /home/airflow/.local/lib/python3.7/site-packages/airflow/example_dags/example_branch_python_dop_operator_3.py took 0.511 seconds
[2022-12-12T05:41:24.141+0000] {processor.py:153} INFO - Started process (PID=447) to work on /home/airflow/.local/lib/python3.7/site-packages/airflow/example_dags/example_branch_python_dop_operator_3.py
[2022-12-12T05:41:24.171+0000] {processor.py:743} INFO - Processing file /home/airflow/.local/lib/python3.7/site-packages/airflow/example_dags/example_branch_python_dop_operator_3.py for tasks to queue
[2022-12-12T05:41:24.189+0000] {logging_mixin.py:137} INFO - [2022-12-12T05:41:24.189+0000] {dagbag.py:538} INFO - Filling up the DagBag from /home/airflow/.local/lib/python3.7/site-packages/airflow/example_dags/example_branch_python_dop_operator_3.py
[2022-12-12T05:41:24.289+0000] {processor.py:753} INFO - DAG(s) dict_keys(['example_branch_dop_operator_v3']) retrieved from /home/airflow/.local/lib/python3.7/site-packages/airflow/example_dags/example_branch_python_dop_operator_3.py
[2022-12-12T05:41:24.437+0000] {logging_mixin.py:137} INFO - [2022-12-12T05:41:24.437+0000] {dag.py:2676} INFO - Sync 1 DAGs
[2022-12-12T05:41:24.541+0000] {logging_mixin.py:137} INFO - [2022-12-12T05:41:24.541+0000] {dag.py:3427} INFO - Setting next_dagrun for example_branch_dop_operator_v3 to 2022-12-12T05:40:00+00:00, run_after=2022-12-12T05:41:00+00:00
[2022-12-12T05:41:24.599+0000] {processor.py:175} INFO - Processing /home/airflow/.local/lib/python3.7/site-packages/airflow/example_dags/example_branch_python_dop_operator_3.py took 0.464 seconds
[2022-12-12T05:41:55.486+0000] {processor.py:153} INFO - Started process (PID=509) to work on /home/airflow/.local/lib/python3.7/site-packages/airflow/example_dags/example_branch_python_dop_operator_3.py
[2022-12-12T05:41:55.491+0000] {processor.py:743} INFO - Processing file /home/airflow/.local/lib/python3.7/site-packages/airflow/example_dags/example_branch_python_dop_operator_3.py for tasks to queue
[2022-12-12T05:41:55.496+0000] {logging_mixin.py:137} INFO - [2022-12-12T05:41:55.495+0000] {dagbag.py:538} INFO - Filling up the DagBag from /home/airflow/.local/lib/python3.7/site-packages/airflow/example_dags/example_branch_python_dop_operator_3.py
[2022-12-12T05:41:55.562+0000] {processor.py:753} INFO - DAG(s) dict_keys(['example_branch_dop_operator_v3']) retrieved from /home/airflow/.local/lib/python3.7/site-packages/airflow/example_dags/example_branch_python_dop_operator_3.py
[2022-12-12T05:41:55.656+0000] {logging_mixin.py:137} INFO - [2022-12-12T05:41:55.655+0000] {dag.py:2676} INFO - Sync 1 DAGs
[2022-12-12T05:41:55.742+0000] {logging_mixin.py:137} INFO - [2022-12-12T05:41:55.742+0000] {dag.py:3427} INFO - Setting next_dagrun for example_branch_dop_operator_v3 to 2022-12-12T05:40:00+00:00, run_after=2022-12-12T05:41:00+00:00
[2022-12-12T05:41:55.780+0000] {processor.py:175} INFO - Processing /home/airflow/.local/lib/python3.7/site-packages/airflow/example_dags/example_branch_python_dop_operator_3.py took 0.304 seconds
[2022-12-12T05:42:26.967+0000] {processor.py:153} INFO - Started process (PID=569) to work on /home/airflow/.local/lib/python3.7/site-packages/airflow/example_dags/example_branch_python_dop_operator_3.py
[2022-12-12T05:42:26.975+0000] {processor.py:743} INFO - Processing file /home/airflow/.local/lib/python3.7/site-packages/airflow/example_dags/example_branch_python_dop_operator_3.py for tasks to queue
[2022-12-12T05:42:26.984+0000] {logging_mixin.py:137} INFO - [2022-12-12T05:42:26.984+0000] {dagbag.py:538} INFO - Filling up the DagBag from /home/airflow/.local/lib/python3.7/site-packages/airflow/example_dags/example_branch_python_dop_operator_3.py
[2022-12-12T05:42:27.075+0000] {processor.py:753} INFO - DAG(s) dict_keys(['example_branch_dop_operator_v3']) retrieved from /home/airflow/.local/lib/python3.7/site-packages/airflow/example_dags/example_branch_python_dop_operator_3.py
[2022-12-12T05:42:27.235+0000] {logging_mixin.py:137} INFO - [2022-12-12T05:42:27.235+0000] {dag.py:2676} INFO - Sync 1 DAGs
[2022-12-12T05:42:27.380+0000] {logging_mixin.py:137} INFO - [2022-12-12T05:42:27.380+0000] {dag.py:3427} INFO - Setting next_dagrun for example_branch_dop_operator_v3 to 2022-12-12T05:41:00+00:00, run_after=2022-12-12T05:42:00+00:00
[2022-12-12T05:42:27.440+0000] {processor.py:175} INFO - Processing /home/airflow/.local/lib/python3.7/site-packages/airflow/example_dags/example_branch_python_dop_operator_3.py took 0.503 seconds
