[2022-12-12T05:38:01.300+0000] {processor.py:153} INFO - Started process (PID=118) to work on /home/airflow/.local/lib/python3.7/site-packages/airflow/example_dags/example_skip_dag.py
[2022-12-12T05:38:01.304+0000] {processor.py:743} INFO - Processing file /home/airflow/.local/lib/python3.7/site-packages/airflow/example_dags/example_skip_dag.py for tasks to queue
[2022-12-12T05:38:01.308+0000] {logging_mixin.py:137} INFO - [2022-12-12T05:38:01.308+0000] {dagbag.py:538} INFO - Filling up the DagBag from /home/airflow/.local/lib/python3.7/site-packages/airflow/example_dags/example_skip_dag.py
[2022-12-12T05:38:01.378+0000] {processor.py:753} INFO - DAG(s) dict_keys(['example_skip_dag']) retrieved from /home/airflow/.local/lib/python3.7/site-packages/airflow/example_dags/example_skip_dag.py
[2022-12-12T05:38:03.974+0000] {logging_mixin.py:137} INFO - [2022-12-12T05:38:03.974+0000] {dag.py:2676} INFO - Sync 1 DAGs
[2022-12-12T05:38:05.279+0000] {logging_mixin.py:137} INFO - [2022-12-12T05:38:05.248+0000] {dag.py:3427} INFO - Setting next_dagrun for example_skip_dag to 2022-12-11T05:38:05.221707+00:00, run_after=2022-12-12T05:38:05.221707+00:00
[2022-12-12T05:38:06.171+0000] {processor.py:175} INFO - Processing /home/airflow/.local/lib/python3.7/site-packages/airflow/example_dags/example_skip_dag.py took 4.913 seconds
[2022-12-12T05:39:18.086+0000] {processor.py:153} INFO - Started process (PID=207) to work on /home/airflow/.local/lib/python3.7/site-packages/airflow/example_dags/example_skip_dag.py
[2022-12-12T05:39:18.091+0000] {processor.py:743} INFO - Processing file /home/airflow/.local/lib/python3.7/site-packages/airflow/example_dags/example_skip_dag.py for tasks to queue
[2022-12-12T05:39:18.109+0000] {logging_mixin.py:137} INFO - [2022-12-12T05:39:18.109+0000] {dagbag.py:538} INFO - Filling up the DagBag from /home/airflow/.local/lib/python3.7/site-packages/airflow/example_dags/example_skip_dag.py
[2022-12-12T05:39:18.246+0000] {processor.py:753} INFO - DAG(s) dict_keys(['example_skip_dag']) retrieved from /home/airflow/.local/lib/python3.7/site-packages/airflow/example_dags/example_skip_dag.py
[2022-12-12T05:39:18.453+0000] {logging_mixin.py:137} INFO - [2022-12-12T05:39:18.452+0000] {dag.py:2676} INFO - Sync 1 DAGs
[2022-12-12T05:39:18.527+0000] {logging_mixin.py:137} INFO - [2022-12-12T05:39:18.526+0000] {dag.py:3427} INFO - Setting next_dagrun for example_skip_dag to 2022-12-11T05:39:18.526292+00:00, run_after=2022-12-12T05:39:18.526292+00:00
[2022-12-12T05:39:18.658+0000] {processor.py:175} INFO - Processing /home/airflow/.local/lib/python3.7/site-packages/airflow/example_dags/example_skip_dag.py took 0.584 seconds
[2022-12-12T05:39:50.781+0000] {processor.py:153} INFO - Started process (PID=267) to work on /home/airflow/.local/lib/python3.7/site-packages/airflow/example_dags/example_skip_dag.py
[2022-12-12T05:39:50.788+0000] {processor.py:743} INFO - Processing file /home/airflow/.local/lib/python3.7/site-packages/airflow/example_dags/example_skip_dag.py for tasks to queue
[2022-12-12T05:39:50.795+0000] {logging_mixin.py:137} INFO - [2022-12-12T05:39:50.795+0000] {dagbag.py:538} INFO - Filling up the DagBag from /home/airflow/.local/lib/python3.7/site-packages/airflow/example_dags/example_skip_dag.py
[2022-12-12T05:39:50.859+0000] {processor.py:753} INFO - DAG(s) dict_keys(['example_skip_dag']) retrieved from /home/airflow/.local/lib/python3.7/site-packages/airflow/example_dags/example_skip_dag.py
[2022-12-12T05:39:51.118+0000] {logging_mixin.py:137} INFO - [2022-12-12T05:39:51.117+0000] {dag.py:2676} INFO - Sync 1 DAGs
[2022-12-12T05:39:51.214+0000] {logging_mixin.py:137} INFO - [2022-12-12T05:39:51.213+0000] {dag.py:3427} INFO - Setting next_dagrun for example_skip_dag to 2022-12-11T05:39:51.212785+00:00, run_after=2022-12-12T05:39:51.212785+00:00
[2022-12-12T05:39:51.281+0000] {processor.py:175} INFO - Processing /home/airflow/.local/lib/python3.7/site-packages/airflow/example_dags/example_skip_dag.py took 0.508 seconds
[2022-12-12T05:40:22.096+0000] {processor.py:153} INFO - Started process (PID=320) to work on /home/airflow/.local/lib/python3.7/site-packages/airflow/example_dags/example_skip_dag.py
[2022-12-12T05:40:22.107+0000] {processor.py:743} INFO - Processing file /home/airflow/.local/lib/python3.7/site-packages/airflow/example_dags/example_skip_dag.py for tasks to queue
[2022-12-12T05:40:22.112+0000] {logging_mixin.py:137} INFO - [2022-12-12T05:40:22.111+0000] {dagbag.py:538} INFO - Filling up the DagBag from /home/airflow/.local/lib/python3.7/site-packages/airflow/example_dags/example_skip_dag.py
[2022-12-12T05:40:22.157+0000] {processor.py:753} INFO - DAG(s) dict_keys(['example_skip_dag']) retrieved from /home/airflow/.local/lib/python3.7/site-packages/airflow/example_dags/example_skip_dag.py
[2022-12-12T05:40:22.271+0000] {logging_mixin.py:137} INFO - [2022-12-12T05:40:22.270+0000] {dag.py:2676} INFO - Sync 1 DAGs
[2022-12-12T05:40:22.377+0000] {logging_mixin.py:137} INFO - [2022-12-12T05:40:22.377+0000] {dag.py:3427} INFO - Setting next_dagrun for example_skip_dag to 2022-12-11T05:40:22.376880+00:00, run_after=2022-12-12T05:40:22.376880+00:00
[2022-12-12T05:40:22.460+0000] {processor.py:175} INFO - Processing /home/airflow/.local/lib/python3.7/site-packages/airflow/example_dags/example_skip_dag.py took 0.372 seconds
[2022-12-12T05:40:53.152+0000] {processor.py:153} INFO - Started process (PID=383) to work on /home/airflow/.local/lib/python3.7/site-packages/airflow/example_dags/example_skip_dag.py
[2022-12-12T05:40:53.158+0000] {processor.py:743} INFO - Processing file /home/airflow/.local/lib/python3.7/site-packages/airflow/example_dags/example_skip_dag.py for tasks to queue
[2022-12-12T05:40:53.185+0000] {logging_mixin.py:137} INFO - [2022-12-12T05:40:53.184+0000] {dagbag.py:538} INFO - Filling up the DagBag from /home/airflow/.local/lib/python3.7/site-packages/airflow/example_dags/example_skip_dag.py
[2022-12-12T05:40:53.248+0000] {processor.py:753} INFO - DAG(s) dict_keys(['example_skip_dag']) retrieved from /home/airflow/.local/lib/python3.7/site-packages/airflow/example_dags/example_skip_dag.py
[2022-12-12T05:40:53.404+0000] {logging_mixin.py:137} INFO - [2022-12-12T05:40:53.403+0000] {dag.py:2676} INFO - Sync 1 DAGs
[2022-12-12T05:40:53.578+0000] {logging_mixin.py:137} INFO - [2022-12-12T05:40:53.578+0000] {dag.py:3427} INFO - Setting next_dagrun for example_skip_dag to 2022-12-11T05:40:53.577416+00:00, run_after=2022-12-12T05:40:53.577416+00:00
[2022-12-12T05:40:53.702+0000] {processor.py:175} INFO - Processing /home/airflow/.local/lib/python3.7/site-packages/airflow/example_dags/example_skip_dag.py took 0.559 seconds
[2022-12-12T05:41:23.998+0000] {processor.py:153} INFO - Started process (PID=446) to work on /home/airflow/.local/lib/python3.7/site-packages/airflow/example_dags/example_skip_dag.py
[2022-12-12T05:41:24.009+0000] {processor.py:743} INFO - Processing file /home/airflow/.local/lib/python3.7/site-packages/airflow/example_dags/example_skip_dag.py for tasks to queue
[2022-12-12T05:41:24.024+0000] {logging_mixin.py:137} INFO - [2022-12-12T05:41:24.023+0000] {dagbag.py:538} INFO - Filling up the DagBag from /home/airflow/.local/lib/python3.7/site-packages/airflow/example_dags/example_skip_dag.py
[2022-12-12T05:41:24.093+0000] {processor.py:753} INFO - DAG(s) dict_keys(['example_skip_dag']) retrieved from /home/airflow/.local/lib/python3.7/site-packages/airflow/example_dags/example_skip_dag.py
[2022-12-12T05:41:24.293+0000] {logging_mixin.py:137} INFO - [2022-12-12T05:41:24.292+0000] {dag.py:2676} INFO - Sync 1 DAGs
[2022-12-12T05:41:24.400+0000] {logging_mixin.py:137} INFO - [2022-12-12T05:41:24.400+0000] {dag.py:3427} INFO - Setting next_dagrun for example_skip_dag to 2022-12-11T05:41:24.400037+00:00, run_after=2022-12-12T05:41:24.400037+00:00
[2022-12-12T05:41:24.472+0000] {processor.py:175} INFO - Processing /home/airflow/.local/lib/python3.7/site-packages/airflow/example_dags/example_skip_dag.py took 0.492 seconds
[2022-12-12T05:41:55.416+0000] {processor.py:153} INFO - Started process (PID=508) to work on /home/airflow/.local/lib/python3.7/site-packages/airflow/example_dags/example_skip_dag.py
[2022-12-12T05:41:55.428+0000] {processor.py:743} INFO - Processing file /home/airflow/.local/lib/python3.7/site-packages/airflow/example_dags/example_skip_dag.py for tasks to queue
[2022-12-12T05:41:55.431+0000] {logging_mixin.py:137} INFO - [2022-12-12T05:41:55.431+0000] {dagbag.py:538} INFO - Filling up the DagBag from /home/airflow/.local/lib/python3.7/site-packages/airflow/example_dags/example_skip_dag.py
[2022-12-12T05:41:55.472+0000] {processor.py:753} INFO - DAG(s) dict_keys(['example_skip_dag']) retrieved from /home/airflow/.local/lib/python3.7/site-packages/airflow/example_dags/example_skip_dag.py
[2022-12-12T05:41:55.560+0000] {logging_mixin.py:137} INFO - [2022-12-12T05:41:55.560+0000] {dag.py:2676} INFO - Sync 1 DAGs
[2022-12-12T05:41:55.619+0000] {logging_mixin.py:137} INFO - [2022-12-12T05:41:55.618+0000] {dag.py:3427} INFO - Setting next_dagrun for example_skip_dag to 2022-12-11T05:41:55.618285+00:00, run_after=2022-12-12T05:41:55.618285+00:00
[2022-12-12T05:41:55.683+0000] {processor.py:175} INFO - Processing /home/airflow/.local/lib/python3.7/site-packages/airflow/example_dags/example_skip_dag.py took 0.277 seconds
[2022-12-12T05:42:26.824+0000] {processor.py:153} INFO - Started process (PID=568) to work on /home/airflow/.local/lib/python3.7/site-packages/airflow/example_dags/example_skip_dag.py
[2022-12-12T05:42:26.834+0000] {processor.py:743} INFO - Processing file /home/airflow/.local/lib/python3.7/site-packages/airflow/example_dags/example_skip_dag.py for tasks to queue
[2022-12-12T05:42:26.846+0000] {logging_mixin.py:137} INFO - [2022-12-12T05:42:26.846+0000] {dagbag.py:538} INFO - Filling up the DagBag from /home/airflow/.local/lib/python3.7/site-packages/airflow/example_dags/example_skip_dag.py
[2022-12-12T05:42:26.903+0000] {processor.py:753} INFO - DAG(s) dict_keys(['example_skip_dag']) retrieved from /home/airflow/.local/lib/python3.7/site-packages/airflow/example_dags/example_skip_dag.py
[2022-12-12T05:42:27.043+0000] {logging_mixin.py:137} INFO - [2022-12-12T05:42:27.043+0000] {dag.py:2676} INFO - Sync 1 DAGs
[2022-12-12T05:42:27.171+0000] {logging_mixin.py:137} INFO - [2022-12-12T05:42:27.171+0000] {dag.py:3427} INFO - Setting next_dagrun for example_skip_dag to 2022-12-11T05:42:27.170571+00:00, run_after=2022-12-12T05:42:27.170571+00:00
[2022-12-12T05:42:27.242+0000] {processor.py:175} INFO - Processing /home/airflow/.local/lib/python3.7/site-packages/airflow/example_dags/example_skip_dag.py took 0.426 seconds
