[2022-12-12T05:39:00.072+0000] {processor.py:153} INFO - Started process (PID=168) to work on /home/airflow/.local/lib/python3.7/site-packages/airflow/example_dags/example_latest_only.py
[2022-12-12T05:39:00.099+0000] {processor.py:743} INFO - Processing file /home/airflow/.local/lib/python3.7/site-packages/airflow/example_dags/example_latest_only.py for tasks to queue
[2022-12-12T05:39:00.112+0000] {logging_mixin.py:137} INFO - [2022-12-12T05:39:00.111+0000] {dagbag.py:538} INFO - Filling up the DagBag from /home/airflow/.local/lib/python3.7/site-packages/airflow/example_dags/example_latest_only.py
[2022-12-12T05:39:00.530+0000] {processor.py:753} INFO - DAG(s) dict_keys(['latest_only']) retrieved from /home/airflow/.local/lib/python3.7/site-packages/airflow/example_dags/example_latest_only.py
[2022-12-12T05:39:01.278+0000] {logging_mixin.py:137} INFO - [2022-12-12T05:39:01.278+0000] {dag.py:2676} INFO - Sync 1 DAGs
[2022-12-12T05:39:01.698+0000] {logging_mixin.py:137} INFO - [2022-12-12T05:39:01.698+0000] {dag.py:3427} INFO - Setting next_dagrun for latest_only to 2022-12-12T01:39:01.697873+00:00, run_after=2022-12-12T05:39:01.697873+00:00
[2022-12-12T05:39:02.021+0000] {processor.py:175} INFO - Processing /home/airflow/.local/lib/python3.7/site-packages/airflow/example_dags/example_latest_only.py took 1.997 seconds
[2022-12-12T05:39:32.748+0000] {processor.py:153} INFO - Started process (PID=237) to work on /home/airflow/.local/lib/python3.7/site-packages/airflow/example_dags/example_latest_only.py
[2022-12-12T05:39:32.753+0000] {processor.py:743} INFO - Processing file /home/airflow/.local/lib/python3.7/site-packages/airflow/example_dags/example_latest_only.py for tasks to queue
[2022-12-12T05:39:32.760+0000] {logging_mixin.py:137} INFO - [2022-12-12T05:39:32.760+0000] {dagbag.py:538} INFO - Filling up the DagBag from /home/airflow/.local/lib/python3.7/site-packages/airflow/example_dags/example_latest_only.py
[2022-12-12T05:39:32.806+0000] {processor.py:753} INFO - DAG(s) dict_keys(['latest_only']) retrieved from /home/airflow/.local/lib/python3.7/site-packages/airflow/example_dags/example_latest_only.py
[2022-12-12T05:39:32.966+0000] {logging_mixin.py:137} INFO - [2022-12-12T05:39:32.965+0000] {dag.py:2676} INFO - Sync 1 DAGs
[2022-12-12T05:39:33.036+0000] {logging_mixin.py:137} INFO - [2022-12-12T05:39:33.035+0000] {dag.py:3427} INFO - Setting next_dagrun for latest_only to 2022-12-12T01:39:33.035285+00:00, run_after=2022-12-12T05:39:33.035285+00:00
[2022-12-12T05:39:33.109+0000] {processor.py:175} INFO - Processing /home/airflow/.local/lib/python3.7/site-packages/airflow/example_dags/example_latest_only.py took 0.373 seconds
[2022-12-12T05:40:04.131+0000] {processor.py:153} INFO - Started process (PID=288) to work on /home/airflow/.local/lib/python3.7/site-packages/airflow/example_dags/example_latest_only.py
[2022-12-12T05:40:04.149+0000] {processor.py:743} INFO - Processing file /home/airflow/.local/lib/python3.7/site-packages/airflow/example_dags/example_latest_only.py for tasks to queue
[2022-12-12T05:40:04.175+0000] {logging_mixin.py:137} INFO - [2022-12-12T05:40:04.175+0000] {dagbag.py:538} INFO - Filling up the DagBag from /home/airflow/.local/lib/python3.7/site-packages/airflow/example_dags/example_latest_only.py
[2022-12-12T05:40:04.280+0000] {processor.py:753} INFO - DAG(s) dict_keys(['latest_only']) retrieved from /home/airflow/.local/lib/python3.7/site-packages/airflow/example_dags/example_latest_only.py
[2022-12-12T05:40:05.033+0000] {logging_mixin.py:137} INFO - [2022-12-12T05:40:05.029+0000] {dag.py:2676} INFO - Sync 1 DAGs
[2022-12-12T05:40:05.848+0000] {logging_mixin.py:137} INFO - [2022-12-12T05:40:05.848+0000] {dag.py:3427} INFO - Setting next_dagrun for latest_only to 2022-12-12T01:40:05.847205+00:00, run_after=2022-12-12T05:40:05.847205+00:00
[2022-12-12T05:40:06.043+0000] {processor.py:175} INFO - Processing /home/airflow/.local/lib/python3.7/site-packages/airflow/example_dags/example_latest_only.py took 1.944 seconds
[2022-12-12T05:40:36.265+0000] {processor.py:153} INFO - Started process (PID=350) to work on /home/airflow/.local/lib/python3.7/site-packages/airflow/example_dags/example_latest_only.py
[2022-12-12T05:40:36.282+0000] {processor.py:743} INFO - Processing file /home/airflow/.local/lib/python3.7/site-packages/airflow/example_dags/example_latest_only.py for tasks to queue
[2022-12-12T05:40:36.291+0000] {logging_mixin.py:137} INFO - [2022-12-12T05:40:36.290+0000] {dagbag.py:538} INFO - Filling up the DagBag from /home/airflow/.local/lib/python3.7/site-packages/airflow/example_dags/example_latest_only.py
[2022-12-12T05:40:36.326+0000] {processor.py:753} INFO - DAG(s) dict_keys(['latest_only']) retrieved from /home/airflow/.local/lib/python3.7/site-packages/airflow/example_dags/example_latest_only.py
[2022-12-12T05:40:36.431+0000] {logging_mixin.py:137} INFO - [2022-12-12T05:40:36.430+0000] {dag.py:2676} INFO - Sync 1 DAGs
[2022-12-12T05:40:36.520+0000] {logging_mixin.py:137} INFO - [2022-12-12T05:40:36.520+0000] {dag.py:3427} INFO - Setting next_dagrun for latest_only to 2022-12-12T01:40:36.519696+00:00, run_after=2022-12-12T05:40:36.519696+00:00
[2022-12-12T05:40:36.592+0000] {processor.py:175} INFO - Processing /home/airflow/.local/lib/python3.7/site-packages/airflow/example_dags/example_latest_only.py took 0.336 seconds
[2022-12-12T05:41:07.323+0000] {processor.py:153} INFO - Started process (PID=413) to work on /home/airflow/.local/lib/python3.7/site-packages/airflow/example_dags/example_latest_only.py
[2022-12-12T05:41:07.398+0000] {processor.py:743} INFO - Processing file /home/airflow/.local/lib/python3.7/site-packages/airflow/example_dags/example_latest_only.py for tasks to queue
[2022-12-12T05:41:07.418+0000] {logging_mixin.py:137} INFO - [2022-12-12T05:41:07.400+0000] {dagbag.py:538} INFO - Filling up the DagBag from /home/airflow/.local/lib/python3.7/site-packages/airflow/example_dags/example_latest_only.py
[2022-12-12T05:41:07.654+0000] {processor.py:753} INFO - DAG(s) dict_keys(['latest_only']) retrieved from /home/airflow/.local/lib/python3.7/site-packages/airflow/example_dags/example_latest_only.py
[2022-12-12T05:41:08.099+0000] {logging_mixin.py:137} INFO - [2022-12-12T05:41:08.099+0000] {dag.py:2676} INFO - Sync 1 DAGs
[2022-12-12T05:41:08.450+0000] {logging_mixin.py:137} INFO - [2022-12-12T05:41:08.449+0000] {dag.py:3427} INFO - Setting next_dagrun for latest_only to 2022-12-12T01:41:08.445741+00:00, run_after=2022-12-12T05:41:08.445741+00:00
[2022-12-12T05:41:08.786+0000] {processor.py:175} INFO - Processing /home/airflow/.local/lib/python3.7/site-packages/airflow/example_dags/example_latest_only.py took 1.543 seconds
[2022-12-12T05:41:39.499+0000] {processor.py:153} INFO - Started process (PID=475) to work on /home/airflow/.local/lib/python3.7/site-packages/airflow/example_dags/example_latest_only.py
[2022-12-12T05:41:39.541+0000] {processor.py:743} INFO - Processing file /home/airflow/.local/lib/python3.7/site-packages/airflow/example_dags/example_latest_only.py for tasks to queue
[2022-12-12T05:41:39.553+0000] {logging_mixin.py:137} INFO - [2022-12-12T05:41:39.553+0000] {dagbag.py:538} INFO - Filling up the DagBag from /home/airflow/.local/lib/python3.7/site-packages/airflow/example_dags/example_latest_only.py
[2022-12-12T05:41:39.596+0000] {processor.py:753} INFO - DAG(s) dict_keys(['latest_only']) retrieved from /home/airflow/.local/lib/python3.7/site-packages/airflow/example_dags/example_latest_only.py
[2022-12-12T05:41:39.746+0000] {logging_mixin.py:137} INFO - [2022-12-12T05:41:39.746+0000] {dag.py:2676} INFO - Sync 1 DAGs
[2022-12-12T05:41:39.821+0000] {logging_mixin.py:137} INFO - [2022-12-12T05:41:39.821+0000] {dag.py:3427} INFO - Setting next_dagrun for latest_only to 2022-12-12T01:41:39.820907+00:00, run_after=2022-12-12T05:41:39.820907+00:00
[2022-12-12T05:41:39.877+0000] {processor.py:175} INFO - Processing /home/airflow/.local/lib/python3.7/site-packages/airflow/example_dags/example_latest_only.py took 0.387 seconds
[2022-12-12T05:42:14.166+0000] {processor.py:153} INFO - Started process (PID=539) to work on /home/airflow/.local/lib/python3.7/site-packages/airflow/example_dags/example_latest_only.py
[2022-12-12T05:42:14.206+0000] {processor.py:743} INFO - Processing file /home/airflow/.local/lib/python3.7/site-packages/airflow/example_dags/example_latest_only.py for tasks to queue
[2022-12-12T05:42:14.282+0000] {logging_mixin.py:137} INFO - [2022-12-12T05:42:14.282+0000] {dagbag.py:538} INFO - Filling up the DagBag from /home/airflow/.local/lib/python3.7/site-packages/airflow/example_dags/example_latest_only.py
[2022-12-12T05:42:14.458+0000] {processor.py:753} INFO - DAG(s) dict_keys(['latest_only']) retrieved from /home/airflow/.local/lib/python3.7/site-packages/airflow/example_dags/example_latest_only.py
[2022-12-12T05:42:14.737+0000] {logging_mixin.py:137} INFO - [2022-12-12T05:42:14.736+0000] {dag.py:2676} INFO - Sync 1 DAGs
[2022-12-12T05:42:15.090+0000] {logging_mixin.py:137} INFO - [2022-12-12T05:42:15.089+0000] {dag.py:3427} INFO - Setting next_dagrun for latest_only to 2022-12-12T01:42:15.078003+00:00, run_after=2022-12-12T05:42:15.078003+00:00
[2022-12-12T05:42:15.191+0000] {processor.py:175} INFO - Processing /home/airflow/.local/lib/python3.7/site-packages/airflow/example_dags/example_latest_only.py took 1.180 seconds
