[2022-12-12T05:37:58.942+0000] {processor.py:153} INFO - Started process (PID=116) to work on /home/airflow/.local/lib/python3.7/site-packages/airflow/example_dags/example_local_kubernetes_executor.py
[2022-12-12T05:37:59.006+0000] {processor.py:743} INFO - Processing file /home/airflow/.local/lib/python3.7/site-packages/airflow/example_dags/example_local_kubernetes_executor.py for tasks to queue
[2022-12-12T05:37:59.041+0000] {logging_mixin.py:137} INFO - [2022-12-12T05:37:59.040+0000] {dagbag.py:538} INFO - Filling up the DagBag from /home/airflow/.local/lib/python3.7/site-packages/airflow/example_dags/example_local_kubernetes_executor.py
[2022-12-12T05:37:59.671+0000] {processor.py:753} INFO - DAG(s) dict_keys(['example_local_kubernetes_executor']) retrieved from /home/airflow/.local/lib/python3.7/site-packages/airflow/example_dags/example_local_kubernetes_executor.py
[2022-12-12T05:38:00.198+0000] {logging_mixin.py:137} INFO - [2022-12-12T05:38:00.198+0000] {dag.py:2676} INFO - Sync 1 DAGs
[2022-12-12T05:38:00.997+0000] {logging_mixin.py:137} INFO - [2022-12-12T05:38:00.996+0000] {dag.py:3427} INFO - Setting next_dagrun for example_local_kubernetes_executor to None, run_after=None
[2022-12-12T05:38:01.073+0000] {processor.py:175} INFO - Processing /home/airflow/.local/lib/python3.7/site-packages/airflow/example_dags/example_local_kubernetes_executor.py took 2.243 seconds
[2022-12-12T05:39:16.961+0000] {processor.py:153} INFO - Started process (PID=205) to work on /home/airflow/.local/lib/python3.7/site-packages/airflow/example_dags/example_local_kubernetes_executor.py
[2022-12-12T05:39:16.969+0000] {processor.py:743} INFO - Processing file /home/airflow/.local/lib/python3.7/site-packages/airflow/example_dags/example_local_kubernetes_executor.py for tasks to queue
[2022-12-12T05:39:16.975+0000] {logging_mixin.py:137} INFO - [2022-12-12T05:39:16.975+0000] {dagbag.py:538} INFO - Filling up the DagBag from /home/airflow/.local/lib/python3.7/site-packages/airflow/example_dags/example_local_kubernetes_executor.py
[2022-12-12T05:39:17.106+0000] {processor.py:753} INFO - DAG(s) dict_keys(['example_local_kubernetes_executor']) retrieved from /home/airflow/.local/lib/python3.7/site-packages/airflow/example_dags/example_local_kubernetes_executor.py
[2022-12-12T05:39:17.303+0000] {logging_mixin.py:137} INFO - [2022-12-12T05:39:17.303+0000] {dag.py:2676} INFO - Sync 1 DAGs
[2022-12-12T05:39:17.372+0000] {logging_mixin.py:137} INFO - [2022-12-12T05:39:17.372+0000] {dag.py:3427} INFO - Setting next_dagrun for example_local_kubernetes_executor to None, run_after=None
[2022-12-12T05:39:17.580+0000] {processor.py:175} INFO - Processing /home/airflow/.local/lib/python3.7/site-packages/airflow/example_dags/example_local_kubernetes_executor.py took 0.630 seconds
[2022-12-12T05:39:49.965+0000] {processor.py:153} INFO - Started process (PID=265) to work on /home/airflow/.local/lib/python3.7/site-packages/airflow/example_dags/example_local_kubernetes_executor.py
[2022-12-12T05:39:49.970+0000] {processor.py:743} INFO - Processing file /home/airflow/.local/lib/python3.7/site-packages/airflow/example_dags/example_local_kubernetes_executor.py for tasks to queue
[2022-12-12T05:39:49.977+0000] {logging_mixin.py:137} INFO - [2022-12-12T05:39:49.977+0000] {dagbag.py:538} INFO - Filling up the DagBag from /home/airflow/.local/lib/python3.7/site-packages/airflow/example_dags/example_local_kubernetes_executor.py
[2022-12-12T05:39:50.113+0000] {processor.py:753} INFO - DAG(s) dict_keys(['example_local_kubernetes_executor']) retrieved from /home/airflow/.local/lib/python3.7/site-packages/airflow/example_dags/example_local_kubernetes_executor.py
[2022-12-12T05:39:50.397+0000] {logging_mixin.py:137} INFO - [2022-12-12T05:39:50.396+0000] {dag.py:2676} INFO - Sync 1 DAGs
[2022-12-12T05:39:50.492+0000] {logging_mixin.py:137} INFO - [2022-12-12T05:39:50.492+0000] {dag.py:3427} INFO - Setting next_dagrun for example_local_kubernetes_executor to None, run_after=None
[2022-12-12T05:39:50.556+0000] {processor.py:175} INFO - Processing /home/airflow/.local/lib/python3.7/site-packages/airflow/example_dags/example_local_kubernetes_executor.py took 0.649 seconds
[2022-12-12T05:40:21.328+0000] {processor.py:153} INFO - Started process (PID=318) to work on /home/airflow/.local/lib/python3.7/site-packages/airflow/example_dags/example_local_kubernetes_executor.py
[2022-12-12T05:40:21.335+0000] {processor.py:743} INFO - Processing file /home/airflow/.local/lib/python3.7/site-packages/airflow/example_dags/example_local_kubernetes_executor.py for tasks to queue
[2022-12-12T05:40:21.344+0000] {logging_mixin.py:137} INFO - [2022-12-12T05:40:21.343+0000] {dagbag.py:538} INFO - Filling up the DagBag from /home/airflow/.local/lib/python3.7/site-packages/airflow/example_dags/example_local_kubernetes_executor.py
[2022-12-12T05:40:21.453+0000] {processor.py:753} INFO - DAG(s) dict_keys(['example_local_kubernetes_executor']) retrieved from /home/airflow/.local/lib/python3.7/site-packages/airflow/example_dags/example_local_kubernetes_executor.py
[2022-12-12T05:40:21.580+0000] {logging_mixin.py:137} INFO - [2022-12-12T05:40:21.579+0000] {dag.py:2676} INFO - Sync 1 DAGs
[2022-12-12T05:40:21.696+0000] {logging_mixin.py:137} INFO - [2022-12-12T05:40:21.695+0000] {dag.py:3427} INFO - Setting next_dagrun for example_local_kubernetes_executor to None, run_after=None
[2022-12-12T05:40:21.753+0000] {processor.py:175} INFO - Processing /home/airflow/.local/lib/python3.7/site-packages/airflow/example_dags/example_local_kubernetes_executor.py took 0.433 seconds
[2022-12-12T05:40:52.376+0000] {processor.py:153} INFO - Started process (PID=381) to work on /home/airflow/.local/lib/python3.7/site-packages/airflow/example_dags/example_local_kubernetes_executor.py
[2022-12-12T05:40:52.389+0000] {processor.py:743} INFO - Processing file /home/airflow/.local/lib/python3.7/site-packages/airflow/example_dags/example_local_kubernetes_executor.py for tasks to queue
[2022-12-12T05:40:52.393+0000] {logging_mixin.py:137} INFO - [2022-12-12T05:40:52.393+0000] {dagbag.py:538} INFO - Filling up the DagBag from /home/airflow/.local/lib/python3.7/site-packages/airflow/example_dags/example_local_kubernetes_executor.py
[2022-12-12T05:40:52.493+0000] {processor.py:753} INFO - DAG(s) dict_keys(['example_local_kubernetes_executor']) retrieved from /home/airflow/.local/lib/python3.7/site-packages/airflow/example_dags/example_local_kubernetes_executor.py
[2022-12-12T05:40:52.638+0000] {logging_mixin.py:137} INFO - [2022-12-12T05:40:52.638+0000] {dag.py:2676} INFO - Sync 1 DAGs
[2022-12-12T05:40:52.711+0000] {logging_mixin.py:137} INFO - [2022-12-12T05:40:52.711+0000] {dag.py:3427} INFO - Setting next_dagrun for example_local_kubernetes_executor to None, run_after=None
[2022-12-12T05:40:52.782+0000] {processor.py:175} INFO - Processing /home/airflow/.local/lib/python3.7/site-packages/airflow/example_dags/example_local_kubernetes_executor.py took 0.416 seconds
[2022-12-12T05:41:23.107+0000] {processor.py:153} INFO - Started process (PID=443) to work on /home/airflow/.local/lib/python3.7/site-packages/airflow/example_dags/example_local_kubernetes_executor.py
[2022-12-12T05:41:23.111+0000] {processor.py:743} INFO - Processing file /home/airflow/.local/lib/python3.7/site-packages/airflow/example_dags/example_local_kubernetes_executor.py for tasks to queue
[2022-12-12T05:41:23.115+0000] {logging_mixin.py:137} INFO - [2022-12-12T05:41:23.115+0000] {dagbag.py:538} INFO - Filling up the DagBag from /home/airflow/.local/lib/python3.7/site-packages/airflow/example_dags/example_local_kubernetes_executor.py
[2022-12-12T05:41:23.179+0000] {processor.py:753} INFO - DAG(s) dict_keys(['example_local_kubernetes_executor']) retrieved from /home/airflow/.local/lib/python3.7/site-packages/airflow/example_dags/example_local_kubernetes_executor.py
[2022-12-12T05:41:23.273+0000] {logging_mixin.py:137} INFO - [2022-12-12T05:41:23.273+0000] {dag.py:2676} INFO - Sync 1 DAGs
[2022-12-12T05:41:23.335+0000] {logging_mixin.py:137} INFO - [2022-12-12T05:41:23.334+0000] {dag.py:3427} INFO - Setting next_dagrun for example_local_kubernetes_executor to None, run_after=None
[2022-12-12T05:41:23.389+0000] {processor.py:175} INFO - Processing /home/airflow/.local/lib/python3.7/site-packages/airflow/example_dags/example_local_kubernetes_executor.py took 0.289 seconds
[2022-12-12T05:41:54.242+0000] {processor.py:153} INFO - Started process (PID=505) to work on /home/airflow/.local/lib/python3.7/site-packages/airflow/example_dags/example_local_kubernetes_executor.py
[2022-12-12T05:41:54.248+0000] {processor.py:743} INFO - Processing file /home/airflow/.local/lib/python3.7/site-packages/airflow/example_dags/example_local_kubernetes_executor.py for tasks to queue
[2022-12-12T05:41:54.261+0000] {logging_mixin.py:137} INFO - [2022-12-12T05:41:54.259+0000] {dagbag.py:538} INFO - Filling up the DagBag from /home/airflow/.local/lib/python3.7/site-packages/airflow/example_dags/example_local_kubernetes_executor.py
[2022-12-12T05:41:54.366+0000] {processor.py:753} INFO - DAG(s) dict_keys(['example_local_kubernetes_executor']) retrieved from /home/airflow/.local/lib/python3.7/site-packages/airflow/example_dags/example_local_kubernetes_executor.py
[2022-12-12T05:41:54.491+0000] {logging_mixin.py:137} INFO - [2022-12-12T05:41:54.490+0000] {dag.py:2676} INFO - Sync 1 DAGs
[2022-12-12T05:41:54.580+0000] {logging_mixin.py:137} INFO - [2022-12-12T05:41:54.580+0000] {dag.py:3427} INFO - Setting next_dagrun for example_local_kubernetes_executor to None, run_after=None
[2022-12-12T05:41:54.644+0000] {processor.py:175} INFO - Processing /home/airflow/.local/lib/python3.7/site-packages/airflow/example_dags/example_local_kubernetes_executor.py took 0.439 seconds
[2022-12-12T05:42:24.749+0000] {processor.py:153} INFO - Started process (PID=556) to work on /home/airflow/.local/lib/python3.7/site-packages/airflow/example_dags/example_local_kubernetes_executor.py
[2022-12-12T05:42:24.760+0000] {processor.py:743} INFO - Processing file /home/airflow/.local/lib/python3.7/site-packages/airflow/example_dags/example_local_kubernetes_executor.py for tasks to queue
[2022-12-12T05:42:24.766+0000] {logging_mixin.py:137} INFO - [2022-12-12T05:42:24.766+0000] {dagbag.py:538} INFO - Filling up the DagBag from /home/airflow/.local/lib/python3.7/site-packages/airflow/example_dags/example_local_kubernetes_executor.py
[2022-12-12T05:42:24.847+0000] {processor.py:753} INFO - DAG(s) dict_keys(['example_local_kubernetes_executor']) retrieved from /home/airflow/.local/lib/python3.7/site-packages/airflow/example_dags/example_local_kubernetes_executor.py
[2022-12-12T05:42:25.016+0000] {logging_mixin.py:137} INFO - [2022-12-12T05:42:25.015+0000] {dag.py:2676} INFO - Sync 1 DAGs
[2022-12-12T05:42:25.116+0000] {logging_mixin.py:137} INFO - [2022-12-12T05:42:25.116+0000] {dag.py:3427} INFO - Setting next_dagrun for example_local_kubernetes_executor to None, run_after=None
[2022-12-12T05:42:25.159+0000] {processor.py:175} INFO - Processing /home/airflow/.local/lib/python3.7/site-packages/airflow/example_dags/example_local_kubernetes_executor.py took 0.419 seconds
