[2022-12-12T05:38:52.836+0000] {processor.py:153} INFO - Started process (PID=162) to work on /home/airflow/.local/lib/python3.7/site-packages/airflow/example_dags/example_branch_labels.py
[2022-12-12T05:38:52.873+0000] {processor.py:743} INFO - Processing file /home/airflow/.local/lib/python3.7/site-packages/airflow/example_dags/example_branch_labels.py for tasks to queue
[2022-12-12T05:38:52.885+0000] {logging_mixin.py:137} INFO - [2022-12-12T05:38:52.885+0000] {dagbag.py:538} INFO - Filling up the DagBag from /home/airflow/.local/lib/python3.7/site-packages/airflow/example_dags/example_branch_labels.py
[2022-12-12T05:38:53.169+0000] {processor.py:753} INFO - DAG(s) dict_keys(['example_branch_labels']) retrieved from /home/airflow/.local/lib/python3.7/site-packages/airflow/example_dags/example_branch_labels.py
[2022-12-12T05:38:54.097+0000] {logging_mixin.py:137} INFO - [2022-12-12T05:38:54.086+0000] {dag.py:2676} INFO - Sync 1 DAGs
[2022-12-12T05:38:55.168+0000] {logging_mixin.py:137} INFO - [2022-12-12T05:38:55.167+0000] {dag.py:3427} INFO - Setting next_dagrun for example_branch_labels to 2022-12-11T00:00:00+00:00, run_after=2022-12-12T00:00:00+00:00
[2022-12-12T05:38:55.981+0000] {processor.py:175} INFO - Processing /home/airflow/.local/lib/python3.7/site-packages/airflow/example_dags/example_branch_labels.py took 3.177 seconds
[2022-12-12T05:39:26.368+0000] {processor.py:153} INFO - Started process (PID=221) to work on /home/airflow/.local/lib/python3.7/site-packages/airflow/example_dags/example_branch_labels.py
[2022-12-12T05:39:26.373+0000] {processor.py:743} INFO - Processing file /home/airflow/.local/lib/python3.7/site-packages/airflow/example_dags/example_branch_labels.py for tasks to queue
[2022-12-12T05:39:26.377+0000] {logging_mixin.py:137} INFO - [2022-12-12T05:39:26.376+0000] {dagbag.py:538} INFO - Filling up the DagBag from /home/airflow/.local/lib/python3.7/site-packages/airflow/example_dags/example_branch_labels.py
[2022-12-12T05:39:26.444+0000] {processor.py:753} INFO - DAG(s) dict_keys(['example_branch_labels']) retrieved from /home/airflow/.local/lib/python3.7/site-packages/airflow/example_dags/example_branch_labels.py
[2022-12-12T05:39:26.547+0000] {logging_mixin.py:137} INFO - [2022-12-12T05:39:26.547+0000] {dag.py:2676} INFO - Sync 1 DAGs
[2022-12-12T05:39:26.643+0000] {logging_mixin.py:137} INFO - [2022-12-12T05:39:26.643+0000] {dag.py:3427} INFO - Setting next_dagrun for example_branch_labels to 2022-12-11T00:00:00+00:00, run_after=2022-12-12T00:00:00+00:00
[2022-12-12T05:39:26.879+0000] {processor.py:175} INFO - Processing /home/airflow/.local/lib/python3.7/site-packages/airflow/example_dags/example_branch_labels.py took 0.521 seconds
[2022-12-12T05:39:57.585+0000] {processor.py:153} INFO - Started process (PID=284) to work on /home/airflow/.local/lib/python3.7/site-packages/airflow/example_dags/example_branch_labels.py
[2022-12-12T05:39:57.600+0000] {processor.py:743} INFO - Processing file /home/airflow/.local/lib/python3.7/site-packages/airflow/example_dags/example_branch_labels.py for tasks to queue
[2022-12-12T05:39:57.630+0000] {logging_mixin.py:137} INFO - [2022-12-12T05:39:57.626+0000] {dagbag.py:538} INFO - Filling up the DagBag from /home/airflow/.local/lib/python3.7/site-packages/airflow/example_dags/example_branch_labels.py
[2022-12-12T05:39:57.702+0000] {processor.py:753} INFO - DAG(s) dict_keys(['example_branch_labels']) retrieved from /home/airflow/.local/lib/python3.7/site-packages/airflow/example_dags/example_branch_labels.py
[2022-12-12T05:39:57.827+0000] {logging_mixin.py:137} INFO - [2022-12-12T05:39:57.826+0000] {dag.py:2676} INFO - Sync 1 DAGs
[2022-12-12T05:39:57.915+0000] {logging_mixin.py:137} INFO - [2022-12-12T05:39:57.914+0000] {dag.py:3427} INFO - Setting next_dagrun for example_branch_labels to 2022-12-11T00:00:00+00:00, run_after=2022-12-12T00:00:00+00:00
[2022-12-12T05:39:57.972+0000] {processor.py:175} INFO - Processing /home/airflow/.local/lib/python3.7/site-packages/airflow/example_dags/example_branch_labels.py took 0.408 seconds
[2022-12-12T05:40:29.019+0000] {processor.py:153} INFO - Started process (PID=346) to work on /home/airflow/.local/lib/python3.7/site-packages/airflow/example_dags/example_branch_labels.py
[2022-12-12T05:40:29.031+0000] {processor.py:743} INFO - Processing file /home/airflow/.local/lib/python3.7/site-packages/airflow/example_dags/example_branch_labels.py for tasks to queue
[2022-12-12T05:40:29.035+0000] {logging_mixin.py:137} INFO - [2022-12-12T05:40:29.035+0000] {dagbag.py:538} INFO - Filling up the DagBag from /home/airflow/.local/lib/python3.7/site-packages/airflow/example_dags/example_branch_labels.py
[2022-12-12T05:40:29.087+0000] {processor.py:753} INFO - DAG(s) dict_keys(['example_branch_labels']) retrieved from /home/airflow/.local/lib/python3.7/site-packages/airflow/example_dags/example_branch_labels.py
[2022-12-12T05:40:29.241+0000] {logging_mixin.py:137} INFO - [2022-12-12T05:40:29.241+0000] {dag.py:2676} INFO - Sync 1 DAGs
[2022-12-12T05:40:29.319+0000] {logging_mixin.py:137} INFO - [2022-12-12T05:40:29.308+0000] {dag.py:3427} INFO - Setting next_dagrun for example_branch_labels to 2022-12-11T00:00:00+00:00, run_after=2022-12-12T00:00:00+00:00
[2022-12-12T05:40:29.366+0000] {processor.py:175} INFO - Processing /home/airflow/.local/lib/python3.7/site-packages/airflow/example_dags/example_branch_labels.py took 0.358 seconds
[2022-12-12T05:40:59.944+0000] {processor.py:153} INFO - Started process (PID=397) to work on /home/airflow/.local/lib/python3.7/site-packages/airflow/example_dags/example_branch_labels.py
[2022-12-12T05:40:59.948+0000] {processor.py:743} INFO - Processing file /home/airflow/.local/lib/python3.7/site-packages/airflow/example_dags/example_branch_labels.py for tasks to queue
[2022-12-12T05:40:59.957+0000] {logging_mixin.py:137} INFO - [2022-12-12T05:40:59.956+0000] {dagbag.py:538} INFO - Filling up the DagBag from /home/airflow/.local/lib/python3.7/site-packages/airflow/example_dags/example_branch_labels.py
[2022-12-12T05:40:59.996+0000] {processor.py:753} INFO - DAG(s) dict_keys(['example_branch_labels']) retrieved from /home/airflow/.local/lib/python3.7/site-packages/airflow/example_dags/example_branch_labels.py
[2022-12-12T05:41:00.080+0000] {logging_mixin.py:137} INFO - [2022-12-12T05:41:00.080+0000] {dag.py:2676} INFO - Sync 1 DAGs
[2022-12-12T05:41:00.145+0000] {logging_mixin.py:137} INFO - [2022-12-12T05:41:00.144+0000] {dag.py:3427} INFO - Setting next_dagrun for example_branch_labels to 2022-12-11T00:00:00+00:00, run_after=2022-12-12T00:00:00+00:00
[2022-12-12T05:41:00.213+0000] {processor.py:175} INFO - Processing /home/airflow/.local/lib/python3.7/site-packages/airflow/example_dags/example_branch_labels.py took 0.279 seconds
[2022-12-12T05:41:30.773+0000] {processor.py:153} INFO - Started process (PID=460) to work on /home/airflow/.local/lib/python3.7/site-packages/airflow/example_dags/example_branch_labels.py
[2022-12-12T05:41:30.799+0000] {processor.py:743} INFO - Processing file /home/airflow/.local/lib/python3.7/site-packages/airflow/example_dags/example_branch_labels.py for tasks to queue
[2022-12-12T05:41:30.805+0000] {logging_mixin.py:137} INFO - [2022-12-12T05:41:30.804+0000] {dagbag.py:538} INFO - Filling up the DagBag from /home/airflow/.local/lib/python3.7/site-packages/airflow/example_dags/example_branch_labels.py
[2022-12-12T05:41:30.852+0000] {processor.py:753} INFO - DAG(s) dict_keys(['example_branch_labels']) retrieved from /home/airflow/.local/lib/python3.7/site-packages/airflow/example_dags/example_branch_labels.py
[2022-12-12T05:41:31.002+0000] {logging_mixin.py:137} INFO - [2022-12-12T05:41:31.002+0000] {dag.py:2676} INFO - Sync 1 DAGs
[2022-12-12T05:41:31.182+0000] {logging_mixin.py:137} INFO - [2022-12-12T05:41:31.182+0000] {dag.py:3427} INFO - Setting next_dagrun for example_branch_labels to 2022-12-11T00:00:00+00:00, run_after=2022-12-12T00:00:00+00:00
[2022-12-12T05:41:31.249+0000] {processor.py:175} INFO - Processing /home/airflow/.local/lib/python3.7/site-packages/airflow/example_dags/example_branch_labels.py took 0.498 seconds
[2022-12-12T05:42:02.472+0000] {processor.py:153} INFO - Started process (PID=522) to work on /home/airflow/.local/lib/python3.7/site-packages/airflow/example_dags/example_branch_labels.py
[2022-12-12T05:42:02.496+0000] {processor.py:743} INFO - Processing file /home/airflow/.local/lib/python3.7/site-packages/airflow/example_dags/example_branch_labels.py for tasks to queue
[2022-12-12T05:42:02.517+0000] {logging_mixin.py:137} INFO - [2022-12-12T05:42:02.517+0000] {dagbag.py:538} INFO - Filling up the DagBag from /home/airflow/.local/lib/python3.7/site-packages/airflow/example_dags/example_branch_labels.py
[2022-12-12T05:42:02.575+0000] {processor.py:753} INFO - DAG(s) dict_keys(['example_branch_labels']) retrieved from /home/airflow/.local/lib/python3.7/site-packages/airflow/example_dags/example_branch_labels.py
[2022-12-12T05:42:02.691+0000] {logging_mixin.py:137} INFO - [2022-12-12T05:42:02.691+0000] {dag.py:2676} INFO - Sync 1 DAGs
[2022-12-12T05:42:02.825+0000] {logging_mixin.py:137} INFO - [2022-12-12T05:42:02.825+0000] {dag.py:3427} INFO - Setting next_dagrun for example_branch_labels to 2022-12-11T00:00:00+00:00, run_after=2022-12-12T00:00:00+00:00
[2022-12-12T05:42:02.899+0000] {processor.py:175} INFO - Processing /home/airflow/.local/lib/python3.7/site-packages/airflow/example_dags/example_branch_labels.py took 0.440 seconds
[2022-12-12T05:42:33.832+0000] {processor.py:153} INFO - Started process (PID=585) to work on /home/airflow/.local/lib/python3.7/site-packages/airflow/example_dags/example_branch_labels.py
[2022-12-12T05:42:33.840+0000] {processor.py:743} INFO - Processing file /home/airflow/.local/lib/python3.7/site-packages/airflow/example_dags/example_branch_labels.py for tasks to queue
[2022-12-12T05:42:33.846+0000] {logging_mixin.py:137} INFO - [2022-12-12T05:42:33.845+0000] {dagbag.py:538} INFO - Filling up the DagBag from /home/airflow/.local/lib/python3.7/site-packages/airflow/example_dags/example_branch_labels.py
[2022-12-12T05:42:33.906+0000] {processor.py:753} INFO - DAG(s) dict_keys(['example_branch_labels']) retrieved from /home/airflow/.local/lib/python3.7/site-packages/airflow/example_dags/example_branch_labels.py
[2022-12-12T05:42:34.005+0000] {logging_mixin.py:137} INFO - [2022-12-12T05:42:34.004+0000] {dag.py:2676} INFO - Sync 1 DAGs
[2022-12-12T05:42:34.086+0000] {logging_mixin.py:137} INFO - [2022-12-12T05:42:34.086+0000] {dag.py:3427} INFO - Setting next_dagrun for example_branch_labels to 2022-12-11T00:00:00+00:00, run_after=2022-12-12T00:00:00+00:00
[2022-12-12T05:42:34.143+0000] {processor.py:175} INFO - Processing /home/airflow/.local/lib/python3.7/site-packages/airflow/example_dags/example_branch_labels.py took 0.324 seconds
