[2022-12-12T05:38:54.912+0000] {processor.py:153} INFO - Started process (PID=165) to work on /home/airflow/.local/lib/python3.7/site-packages/airflow/example_dags/example_python_operator.py
[2022-12-12T05:38:54.928+0000] {processor.py:743} INFO - Processing file /home/airflow/.local/lib/python3.7/site-packages/airflow/example_dags/example_python_operator.py for tasks to queue
[2022-12-12T05:38:55.028+0000] {logging_mixin.py:137} INFO - [2022-12-12T05:38:55.028+0000] {dagbag.py:538} INFO - Filling up the DagBag from /home/airflow/.local/lib/python3.7/site-packages/airflow/example_dags/example_python_operator.py
[2022-12-12T05:38:55.396+0000] {logging_mixin.py:137} INFO - [2022-12-12T05:38:55.396+0000] {taskmixin.py:205} WARNING - Dependency <Task(_PythonDecoratedOperator): print_the_context>, log_sql_query already registered for DAG: example_python_operator
[2022-12-12T05:38:55.421+0000] {logging_mixin.py:137} INFO - [2022-12-12T05:38:55.421+0000] {taskmixin.py:205} WARNING - Dependency <Task(_PythonDecoratedOperator): log_sql_query>, print_the_context already registered for DAG: example_python_operator
[2022-12-12T05:38:55.466+0000] {logging_mixin.py:137} INFO - [2022-12-12T05:38:55.466+0000] {taskmixin.py:205} WARNING - Dependency <Task(_PythonDecoratedOperator): print_the_context>, log_sql_query already registered for DAG: example_python_operator
[2022-12-12T05:38:55.602+0000] {logging_mixin.py:137} INFO - [2022-12-12T05:38:55.600+0000] {taskmixin.py:205} WARNING - Dependency <Task(_PythonDecoratedOperator): log_sql_query>, print_the_context already registered for DAG: example_python_operator
[2022-12-12T05:38:55.608+0000] {logging_mixin.py:137} INFO - [2022-12-12T05:38:55.608+0000] {taskmixin.py:205} WARNING - Dependency <Task(_PythonDecoratedOperator): print_the_context>, log_sql_query already registered for DAG: example_python_operator
[2022-12-12T05:38:55.624+0000] {logging_mixin.py:137} INFO - [2022-12-12T05:38:55.624+0000] {taskmixin.py:205} WARNING - Dependency <Task(_PythonDecoratedOperator): log_sql_query>, print_the_context already registered for DAG: example_python_operator
[2022-12-12T05:38:55.652+0000] {logging_mixin.py:137} INFO - [2022-12-12T05:38:55.652+0000] {taskmixin.py:205} WARNING - Dependency <Task(_PythonDecoratedOperator): print_the_context>, log_sql_query already registered for DAG: example_python_operator
[2022-12-12T05:38:55.690+0000] {logging_mixin.py:137} INFO - [2022-12-12T05:38:55.689+0000] {taskmixin.py:205} WARNING - Dependency <Task(_PythonDecoratedOperator): log_sql_query>, print_the_context already registered for DAG: example_python_operator
[2022-12-12T05:38:55.863+0000] {processor.py:753} INFO - DAG(s) dict_keys(['example_python_operator']) retrieved from /home/airflow/.local/lib/python3.7/site-packages/airflow/example_dags/example_python_operator.py
[2022-12-12T05:38:59.048+0000] {logging_mixin.py:137} INFO - [2022-12-12T05:38:59.047+0000] {dag.py:2676} INFO - Sync 1 DAGs
[2022-12-12T05:38:59.553+0000] {logging_mixin.py:137} INFO - [2022-12-12T05:38:59.537+0000] {dag.py:3427} INFO - Setting next_dagrun for example_python_operator to None, run_after=None
[2022-12-12T05:38:59.754+0000] {processor.py:175} INFO - Processing /home/airflow/.local/lib/python3.7/site-packages/airflow/example_dags/example_python_operator.py took 4.859 seconds
[2022-12-12T05:39:30.169+0000] {processor.py:153} INFO - Started process (PID=232) to work on /home/airflow/.local/lib/python3.7/site-packages/airflow/example_dags/example_python_operator.py
[2022-12-12T05:39:30.175+0000] {processor.py:743} INFO - Processing file /home/airflow/.local/lib/python3.7/site-packages/airflow/example_dags/example_python_operator.py for tasks to queue
[2022-12-12T05:39:30.185+0000] {logging_mixin.py:137} INFO - [2022-12-12T05:39:30.184+0000] {dagbag.py:538} INFO - Filling up the DagBag from /home/airflow/.local/lib/python3.7/site-packages/airflow/example_dags/example_python_operator.py
[2022-12-12T05:39:30.311+0000] {logging_mixin.py:137} INFO - [2022-12-12T05:39:30.306+0000] {taskmixin.py:205} WARNING - Dependency <Task(_PythonDecoratedOperator): print_the_context>, log_sql_query already registered for DAG: example_python_operator
[2022-12-12T05:39:30.368+0000] {logging_mixin.py:137} INFO - [2022-12-12T05:39:30.366+0000] {taskmixin.py:205} WARNING - Dependency <Task(_PythonDecoratedOperator): log_sql_query>, print_the_context already registered for DAG: example_python_operator
[2022-12-12T05:39:30.381+0000] {logging_mixin.py:137} INFO - [2022-12-12T05:39:30.381+0000] {taskmixin.py:205} WARNING - Dependency <Task(_PythonDecoratedOperator): print_the_context>, log_sql_query already registered for DAG: example_python_operator
[2022-12-12T05:39:30.433+0000] {logging_mixin.py:137} INFO - [2022-12-12T05:39:30.432+0000] {taskmixin.py:205} WARNING - Dependency <Task(_PythonDecoratedOperator): log_sql_query>, print_the_context already registered for DAG: example_python_operator
[2022-12-12T05:39:30.438+0000] {logging_mixin.py:137} INFO - [2022-12-12T05:39:30.438+0000] {taskmixin.py:205} WARNING - Dependency <Task(_PythonDecoratedOperator): print_the_context>, log_sql_query already registered for DAG: example_python_operator
[2022-12-12T05:39:30.470+0000] {logging_mixin.py:137} INFO - [2022-12-12T05:39:30.469+0000] {taskmixin.py:205} WARNING - Dependency <Task(_PythonDecoratedOperator): log_sql_query>, print_the_context already registered for DAG: example_python_operator
[2022-12-12T05:39:30.504+0000] {logging_mixin.py:137} INFO - [2022-12-12T05:39:30.502+0000] {taskmixin.py:205} WARNING - Dependency <Task(_PythonDecoratedOperator): print_the_context>, log_sql_query already registered for DAG: example_python_operator
[2022-12-12T05:39:30.530+0000] {logging_mixin.py:137} INFO - [2022-12-12T05:39:30.529+0000] {taskmixin.py:205} WARNING - Dependency <Task(_PythonDecoratedOperator): log_sql_query>, print_the_context already registered for DAG: example_python_operator
[2022-12-12T05:39:30.598+0000] {processor.py:753} INFO - DAG(s) dict_keys(['example_python_operator']) retrieved from /home/airflow/.local/lib/python3.7/site-packages/airflow/example_dags/example_python_operator.py
[2022-12-12T05:39:30.722+0000] {logging_mixin.py:137} INFO - [2022-12-12T05:39:30.721+0000] {dag.py:2676} INFO - Sync 1 DAGs
[2022-12-12T05:39:30.839+0000] {logging_mixin.py:137} INFO - [2022-12-12T05:39:30.836+0000] {dag.py:3427} INFO - Setting next_dagrun for example_python_operator to None, run_after=None
[2022-12-12T05:39:30.973+0000] {processor.py:175} INFO - Processing /home/airflow/.local/lib/python3.7/site-packages/airflow/example_dags/example_python_operator.py took 0.811 seconds
[2022-12-12T05:40:01.623+0000] {processor.py:153} INFO - Started process (PID=286) to work on /home/airflow/.local/lib/python3.7/site-packages/airflow/example_dags/example_python_operator.py
[2022-12-12T05:40:01.681+0000] {processor.py:743} INFO - Processing file /home/airflow/.local/lib/python3.7/site-packages/airflow/example_dags/example_python_operator.py for tasks to queue
[2022-12-12T05:40:01.759+0000] {logging_mixin.py:137} INFO - [2022-12-12T05:40:01.759+0000] {dagbag.py:538} INFO - Filling up the DagBag from /home/airflow/.local/lib/python3.7/site-packages/airflow/example_dags/example_python_operator.py
[2022-12-12T05:40:02.205+0000] {logging_mixin.py:137} INFO - [2022-12-12T05:40:02.205+0000] {taskmixin.py:205} WARNING - Dependency <Task(_PythonDecoratedOperator): print_the_context>, log_sql_query already registered for DAG: example_python_operator
[2022-12-12T05:40:02.240+0000] {logging_mixin.py:137} INFO - [2022-12-12T05:40:02.228+0000] {taskmixin.py:205} WARNING - Dependency <Task(_PythonDecoratedOperator): log_sql_query>, print_the_context already registered for DAG: example_python_operator
[2022-12-12T05:40:02.245+0000] {logging_mixin.py:137} INFO - [2022-12-12T05:40:02.245+0000] {taskmixin.py:205} WARNING - Dependency <Task(_PythonDecoratedOperator): print_the_context>, log_sql_query already registered for DAG: example_python_operator
[2022-12-12T05:40:02.280+0000] {logging_mixin.py:137} INFO - [2022-12-12T05:40:02.280+0000] {taskmixin.py:205} WARNING - Dependency <Task(_PythonDecoratedOperator): log_sql_query>, print_the_context already registered for DAG: example_python_operator
[2022-12-12T05:40:02.316+0000] {logging_mixin.py:137} INFO - [2022-12-12T05:40:02.315+0000] {taskmixin.py:205} WARNING - Dependency <Task(_PythonDecoratedOperator): print_the_context>, log_sql_query already registered for DAG: example_python_operator
[2022-12-12T05:40:02.335+0000] {logging_mixin.py:137} INFO - [2022-12-12T05:40:02.335+0000] {taskmixin.py:205} WARNING - Dependency <Task(_PythonDecoratedOperator): log_sql_query>, print_the_context already registered for DAG: example_python_operator
[2022-12-12T05:40:02.358+0000] {logging_mixin.py:137} INFO - [2022-12-12T05:40:02.358+0000] {taskmixin.py:205} WARNING - Dependency <Task(_PythonDecoratedOperator): print_the_context>, log_sql_query already registered for DAG: example_python_operator
[2022-12-12T05:40:02.371+0000] {logging_mixin.py:137} INFO - [2022-12-12T05:40:02.371+0000] {taskmixin.py:205} WARNING - Dependency <Task(_PythonDecoratedOperator): log_sql_query>, print_the_context already registered for DAG: example_python_operator
[2022-12-12T05:40:02.466+0000] {processor.py:753} INFO - DAG(s) dict_keys(['example_python_operator']) retrieved from /home/airflow/.local/lib/python3.7/site-packages/airflow/example_dags/example_python_operator.py
[2022-12-12T05:40:02.807+0000] {logging_mixin.py:137} INFO - [2022-12-12T05:40:02.807+0000] {dag.py:2676} INFO - Sync 1 DAGs
[2022-12-12T05:40:03.043+0000] {logging_mixin.py:137} INFO - [2022-12-12T05:40:03.043+0000] {dag.py:3427} INFO - Setting next_dagrun for example_python_operator to None, run_after=None
[2022-12-12T05:40:03.316+0000] {processor.py:175} INFO - Processing /home/airflow/.local/lib/python3.7/site-packages/airflow/example_dags/example_python_operator.py took 1.778 seconds
[2022-12-12T05:40:33.496+0000] {processor.py:153} INFO - Started process (PID=348) to work on /home/airflow/.local/lib/python3.7/site-packages/airflow/example_dags/example_python_operator.py
[2022-12-12T05:40:33.512+0000] {processor.py:743} INFO - Processing file /home/airflow/.local/lib/python3.7/site-packages/airflow/example_dags/example_python_operator.py for tasks to queue
[2022-12-12T05:40:33.546+0000] {logging_mixin.py:137} INFO - [2022-12-12T05:40:33.537+0000] {dagbag.py:538} INFO - Filling up the DagBag from /home/airflow/.local/lib/python3.7/site-packages/airflow/example_dags/example_python_operator.py
[2022-12-12T05:40:33.621+0000] {logging_mixin.py:137} INFO - [2022-12-12T05:40:33.621+0000] {taskmixin.py:205} WARNING - Dependency <Task(_PythonDecoratedOperator): print_the_context>, log_sql_query already registered for DAG: example_python_operator
[2022-12-12T05:40:33.630+0000] {logging_mixin.py:137} INFO - [2022-12-12T05:40:33.625+0000] {taskmixin.py:205} WARNING - Dependency <Task(_PythonDecoratedOperator): log_sql_query>, print_the_context already registered for DAG: example_python_operator
[2022-12-12T05:40:33.633+0000] {logging_mixin.py:137} INFO - [2022-12-12T05:40:33.633+0000] {taskmixin.py:205} WARNING - Dependency <Task(_PythonDecoratedOperator): print_the_context>, log_sql_query already registered for DAG: example_python_operator
[2022-12-12T05:40:33.655+0000] {logging_mixin.py:137} INFO - [2022-12-12T05:40:33.654+0000] {taskmixin.py:205} WARNING - Dependency <Task(_PythonDecoratedOperator): log_sql_query>, print_the_context already registered for DAG: example_python_operator
[2022-12-12T05:40:33.677+0000] {logging_mixin.py:137} INFO - [2022-12-12T05:40:33.677+0000] {taskmixin.py:205} WARNING - Dependency <Task(_PythonDecoratedOperator): print_the_context>, log_sql_query already registered for DAG: example_python_operator
[2022-12-12T05:40:33.684+0000] {logging_mixin.py:137} INFO - [2022-12-12T05:40:33.682+0000] {taskmixin.py:205} WARNING - Dependency <Task(_PythonDecoratedOperator): log_sql_query>, print_the_context already registered for DAG: example_python_operator
[2022-12-12T05:40:33.689+0000] {logging_mixin.py:137} INFO - [2022-12-12T05:40:33.688+0000] {taskmixin.py:205} WARNING - Dependency <Task(_PythonDecoratedOperator): print_the_context>, log_sql_query already registered for DAG: example_python_operator
[2022-12-12T05:40:33.695+0000] {logging_mixin.py:137} INFO - [2022-12-12T05:40:33.694+0000] {taskmixin.py:205} WARNING - Dependency <Task(_PythonDecoratedOperator): log_sql_query>, print_the_context already registered for DAG: example_python_operator
[2022-12-12T05:40:33.730+0000] {processor.py:753} INFO - DAG(s) dict_keys(['example_python_operator']) retrieved from /home/airflow/.local/lib/python3.7/site-packages/airflow/example_dags/example_python_operator.py
[2022-12-12T05:40:33.956+0000] {logging_mixin.py:137} INFO - [2022-12-12T05:40:33.955+0000] {dag.py:2676} INFO - Sync 1 DAGs
[2022-12-12T05:40:34.049+0000] {logging_mixin.py:137} INFO - [2022-12-12T05:40:34.049+0000] {dag.py:3427} INFO - Setting next_dagrun for example_python_operator to None, run_after=None
[2022-12-12T05:40:34.129+0000] {processor.py:175} INFO - Processing /home/airflow/.local/lib/python3.7/site-packages/airflow/example_dags/example_python_operator.py took 0.640 seconds
[2022-12-12T05:41:04.361+0000] {processor.py:153} INFO - Started process (PID=411) to work on /home/airflow/.local/lib/python3.7/site-packages/airflow/example_dags/example_python_operator.py
[2022-12-12T05:41:04.377+0000] {processor.py:743} INFO - Processing file /home/airflow/.local/lib/python3.7/site-packages/airflow/example_dags/example_python_operator.py for tasks to queue
[2022-12-12T05:41:04.381+0000] {logging_mixin.py:137} INFO - [2022-12-12T05:41:04.381+0000] {dagbag.py:538} INFO - Filling up the DagBag from /home/airflow/.local/lib/python3.7/site-packages/airflow/example_dags/example_python_operator.py
[2022-12-12T05:41:04.432+0000] {logging_mixin.py:137} INFO - [2022-12-12T05:41:04.431+0000] {taskmixin.py:205} WARNING - Dependency <Task(_PythonDecoratedOperator): print_the_context>, log_sql_query already registered for DAG: example_python_operator
[2022-12-12T05:41:04.436+0000] {logging_mixin.py:137} INFO - [2022-12-12T05:41:04.435+0000] {taskmixin.py:205} WARNING - Dependency <Task(_PythonDecoratedOperator): log_sql_query>, print_the_context already registered for DAG: example_python_operator
[2022-12-12T05:41:04.439+0000] {logging_mixin.py:137} INFO - [2022-12-12T05:41:04.439+0000] {taskmixin.py:205} WARNING - Dependency <Task(_PythonDecoratedOperator): print_the_context>, log_sql_query already registered for DAG: example_python_operator
[2022-12-12T05:41:04.446+0000] {logging_mixin.py:137} INFO - [2022-12-12T05:41:04.446+0000] {taskmixin.py:205} WARNING - Dependency <Task(_PythonDecoratedOperator): log_sql_query>, print_the_context already registered for DAG: example_python_operator
[2022-12-12T05:41:04.450+0000] {logging_mixin.py:137} INFO - [2022-12-12T05:41:04.450+0000] {taskmixin.py:205} WARNING - Dependency <Task(_PythonDecoratedOperator): print_the_context>, log_sql_query already registered for DAG: example_python_operator
[2022-12-12T05:41:04.453+0000] {logging_mixin.py:137} INFO - [2022-12-12T05:41:04.453+0000] {taskmixin.py:205} WARNING - Dependency <Task(_PythonDecoratedOperator): log_sql_query>, print_the_context already registered for DAG: example_python_operator
[2022-12-12T05:41:04.459+0000] {logging_mixin.py:137} INFO - [2022-12-12T05:41:04.459+0000] {taskmixin.py:205} WARNING - Dependency <Task(_PythonDecoratedOperator): print_the_context>, log_sql_query already registered for DAG: example_python_operator
[2022-12-12T05:41:04.474+0000] {logging_mixin.py:137} INFO - [2022-12-12T05:41:04.473+0000] {taskmixin.py:205} WARNING - Dependency <Task(_PythonDecoratedOperator): log_sql_query>, print_the_context already registered for DAG: example_python_operator
[2022-12-12T05:41:04.494+0000] {processor.py:753} INFO - DAG(s) dict_keys(['example_python_operator']) retrieved from /home/airflow/.local/lib/python3.7/site-packages/airflow/example_dags/example_python_operator.py
[2022-12-12T05:41:04.576+0000] {logging_mixin.py:137} INFO - [2022-12-12T05:41:04.576+0000] {dag.py:2676} INFO - Sync 1 DAGs
[2022-12-12T05:41:04.668+0000] {logging_mixin.py:137} INFO - [2022-12-12T05:41:04.668+0000] {dag.py:3427} INFO - Setting next_dagrun for example_python_operator to None, run_after=None
[2022-12-12T05:41:04.720+0000] {processor.py:175} INFO - Processing /home/airflow/.local/lib/python3.7/site-packages/airflow/example_dags/example_python_operator.py took 0.368 seconds
[2022-12-12T05:41:34.941+0000] {processor.py:153} INFO - Started process (PID=472) to work on /home/airflow/.local/lib/python3.7/site-packages/airflow/example_dags/example_python_operator.py
[2022-12-12T05:41:34.947+0000] {processor.py:743} INFO - Processing file /home/airflow/.local/lib/python3.7/site-packages/airflow/example_dags/example_python_operator.py for tasks to queue
[2022-12-12T05:41:34.951+0000] {logging_mixin.py:137} INFO - [2022-12-12T05:41:34.950+0000] {dagbag.py:538} INFO - Filling up the DagBag from /home/airflow/.local/lib/python3.7/site-packages/airflow/example_dags/example_python_operator.py
[2022-12-12T05:41:35.011+0000] {logging_mixin.py:137} INFO - [2022-12-12T05:41:35.001+0000] {taskmixin.py:205} WARNING - Dependency <Task(_PythonDecoratedOperator): print_the_context>, log_sql_query already registered for DAG: example_python_operator
[2022-12-12T05:41:35.019+0000] {logging_mixin.py:137} INFO - [2022-12-12T05:41:35.018+0000] {taskmixin.py:205} WARNING - Dependency <Task(_PythonDecoratedOperator): log_sql_query>, print_the_context already registered for DAG: example_python_operator
[2022-12-12T05:41:35.025+0000] {logging_mixin.py:137} INFO - [2022-12-12T05:41:35.025+0000] {taskmixin.py:205} WARNING - Dependency <Task(_PythonDecoratedOperator): print_the_context>, log_sql_query already registered for DAG: example_python_operator
[2022-12-12T05:41:35.038+0000] {logging_mixin.py:137} INFO - [2022-12-12T05:41:35.035+0000] {taskmixin.py:205} WARNING - Dependency <Task(_PythonDecoratedOperator): log_sql_query>, print_the_context already registered for DAG: example_python_operator
[2022-12-12T05:41:35.047+0000] {logging_mixin.py:137} INFO - [2022-12-12T05:41:35.047+0000] {taskmixin.py:205} WARNING - Dependency <Task(_PythonDecoratedOperator): print_the_context>, log_sql_query already registered for DAG: example_python_operator
[2022-12-12T05:41:35.050+0000] {logging_mixin.py:137} INFO - [2022-12-12T05:41:35.049+0000] {taskmixin.py:205} WARNING - Dependency <Task(_PythonDecoratedOperator): log_sql_query>, print_the_context already registered for DAG: example_python_operator
[2022-12-12T05:41:35.062+0000] {logging_mixin.py:137} INFO - [2022-12-12T05:41:35.061+0000] {taskmixin.py:205} WARNING - Dependency <Task(_PythonDecoratedOperator): print_the_context>, log_sql_query already registered for DAG: example_python_operator
[2022-12-12T05:41:35.067+0000] {logging_mixin.py:137} INFO - [2022-12-12T05:41:35.064+0000] {taskmixin.py:205} WARNING - Dependency <Task(_PythonDecoratedOperator): log_sql_query>, print_the_context already registered for DAG: example_python_operator
[2022-12-12T05:41:35.092+0000] {processor.py:753} INFO - DAG(s) dict_keys(['example_python_operator']) retrieved from /home/airflow/.local/lib/python3.7/site-packages/airflow/example_dags/example_python_operator.py
[2022-12-12T05:41:35.223+0000] {logging_mixin.py:137} INFO - [2022-12-12T05:41:35.220+0000] {dag.py:2676} INFO - Sync 1 DAGs
[2022-12-12T05:41:35.362+0000] {logging_mixin.py:137} INFO - [2022-12-12T05:41:35.362+0000] {dag.py:3427} INFO - Setting next_dagrun for example_python_operator to None, run_after=None
[2022-12-12T05:41:35.473+0000] {processor.py:175} INFO - Processing /home/airflow/.local/lib/python3.7/site-packages/airflow/example_dags/example_python_operator.py took 0.542 seconds
[2022-12-12T05:42:05.754+0000] {processor.py:153} INFO - Started process (PID=530) to work on /home/airflow/.local/lib/python3.7/site-packages/airflow/example_dags/example_python_operator.py
[2022-12-12T05:42:05.760+0000] {processor.py:743} INFO - Processing file /home/airflow/.local/lib/python3.7/site-packages/airflow/example_dags/example_python_operator.py for tasks to queue
[2022-12-12T05:42:05.768+0000] {logging_mixin.py:137} INFO - [2022-12-12T05:42:05.768+0000] {dagbag.py:538} INFO - Filling up the DagBag from /home/airflow/.local/lib/python3.7/site-packages/airflow/example_dags/example_python_operator.py
[2022-12-12T05:42:05.835+0000] {logging_mixin.py:137} INFO - [2022-12-12T05:42:05.833+0000] {taskmixin.py:205} WARNING - Dependency <Task(_PythonDecoratedOperator): print_the_context>, log_sql_query already registered for DAG: example_python_operator
[2022-12-12T05:42:05.838+0000] {logging_mixin.py:137} INFO - [2022-12-12T05:42:05.838+0000] {taskmixin.py:205} WARNING - Dependency <Task(_PythonDecoratedOperator): log_sql_query>, print_the_context already registered for DAG: example_python_operator
[2022-12-12T05:42:05.855+0000] {logging_mixin.py:137} INFO - [2022-12-12T05:42:05.854+0000] {taskmixin.py:205} WARNING - Dependency <Task(_PythonDecoratedOperator): print_the_context>, log_sql_query already registered for DAG: example_python_operator
[2022-12-12T05:42:05.871+0000] {logging_mixin.py:137} INFO - [2022-12-12T05:42:05.870+0000] {taskmixin.py:205} WARNING - Dependency <Task(_PythonDecoratedOperator): log_sql_query>, print_the_context already registered for DAG: example_python_operator
[2022-12-12T05:42:05.915+0000] {logging_mixin.py:137} INFO - [2022-12-12T05:42:05.915+0000] {taskmixin.py:205} WARNING - Dependency <Task(_PythonDecoratedOperator): print_the_context>, log_sql_query already registered for DAG: example_python_operator
[2022-12-12T05:42:05.921+0000] {logging_mixin.py:137} INFO - [2022-12-12T05:42:05.921+0000] {taskmixin.py:205} WARNING - Dependency <Task(_PythonDecoratedOperator): log_sql_query>, print_the_context already registered for DAG: example_python_operator
[2022-12-12T05:42:05.927+0000] {logging_mixin.py:137} INFO - [2022-12-12T05:42:05.927+0000] {taskmixin.py:205} WARNING - Dependency <Task(_PythonDecoratedOperator): print_the_context>, log_sql_query already registered for DAG: example_python_operator
[2022-12-12T05:42:05.937+0000] {logging_mixin.py:137} INFO - [2022-12-12T05:42:05.937+0000] {taskmixin.py:205} WARNING - Dependency <Task(_PythonDecoratedOperator): log_sql_query>, print_the_context already registered for DAG: example_python_operator
[2022-12-12T05:42:05.961+0000] {processor.py:753} INFO - DAG(s) dict_keys(['example_python_operator']) retrieved from /home/airflow/.local/lib/python3.7/site-packages/airflow/example_dags/example_python_operator.py
[2022-12-12T05:42:06.068+0000] {logging_mixin.py:137} INFO - [2022-12-12T05:42:06.068+0000] {dag.py:2676} INFO - Sync 1 DAGs
[2022-12-12T05:42:06.134+0000] {logging_mixin.py:137} INFO - [2022-12-12T05:42:06.134+0000] {dag.py:3427} INFO - Setting next_dagrun for example_python_operator to None, run_after=None
[2022-12-12T05:42:06.203+0000] {processor.py:175} INFO - Processing /home/airflow/.local/lib/python3.7/site-packages/airflow/example_dags/example_python_operator.py took 0.462 seconds
[2022-12-12T05:42:36.647+0000] {processor.py:153} INFO - Started process (PID=587) to work on /home/airflow/.local/lib/python3.7/site-packages/airflow/example_dags/example_python_operator.py
[2022-12-12T05:42:36.654+0000] {processor.py:743} INFO - Processing file /home/airflow/.local/lib/python3.7/site-packages/airflow/example_dags/example_python_operator.py for tasks to queue
[2022-12-12T05:42:36.659+0000] {logging_mixin.py:137} INFO - [2022-12-12T05:42:36.659+0000] {dagbag.py:538} INFO - Filling up the DagBag from /home/airflow/.local/lib/python3.7/site-packages/airflow/example_dags/example_python_operator.py
[2022-12-12T05:42:36.714+0000] {logging_mixin.py:137} INFO - [2022-12-12T05:42:36.713+0000] {taskmixin.py:205} WARNING - Dependency <Task(_PythonDecoratedOperator): print_the_context>, log_sql_query already registered for DAG: example_python_operator
[2022-12-12T05:42:36.720+0000] {logging_mixin.py:137} INFO - [2022-12-12T05:42:36.719+0000] {taskmixin.py:205} WARNING - Dependency <Task(_PythonDecoratedOperator): log_sql_query>, print_the_context already registered for DAG: example_python_operator
[2022-12-12T05:42:36.725+0000] {logging_mixin.py:137} INFO - [2022-12-12T05:42:36.725+0000] {taskmixin.py:205} WARNING - Dependency <Task(_PythonDecoratedOperator): print_the_context>, log_sql_query already registered for DAG: example_python_operator
[2022-12-12T05:42:36.747+0000] {logging_mixin.py:137} INFO - [2022-12-12T05:42:36.746+0000] {taskmixin.py:205} WARNING - Dependency <Task(_PythonDecoratedOperator): log_sql_query>, print_the_context already registered for DAG: example_python_operator
[2022-12-12T05:42:36.755+0000] {logging_mixin.py:137} INFO - [2022-12-12T05:42:36.753+0000] {taskmixin.py:205} WARNING - Dependency <Task(_PythonDecoratedOperator): print_the_context>, log_sql_query already registered for DAG: example_python_operator
[2022-12-12T05:42:36.765+0000] {logging_mixin.py:137} INFO - [2022-12-12T05:42:36.764+0000] {taskmixin.py:205} WARNING - Dependency <Task(_PythonDecoratedOperator): log_sql_query>, print_the_context already registered for DAG: example_python_operator
[2022-12-12T05:42:36.771+0000] {logging_mixin.py:137} INFO - [2022-12-12T05:42:36.771+0000] {taskmixin.py:205} WARNING - Dependency <Task(_PythonDecoratedOperator): print_the_context>, log_sql_query already registered for DAG: example_python_operator
[2022-12-12T05:42:36.775+0000] {logging_mixin.py:137} INFO - [2022-12-12T05:42:36.774+0000] {taskmixin.py:205} WARNING - Dependency <Task(_PythonDecoratedOperator): log_sql_query>, print_the_context already registered for DAG: example_python_operator
[2022-12-12T05:42:36.802+0000] {processor.py:753} INFO - DAG(s) dict_keys(['example_python_operator']) retrieved from /home/airflow/.local/lib/python3.7/site-packages/airflow/example_dags/example_python_operator.py
[2022-12-12T05:42:36.930+0000] {logging_mixin.py:137} INFO - [2022-12-12T05:42:36.930+0000] {dag.py:2676} INFO - Sync 1 DAGs
[2022-12-12T05:42:37.006+0000] {logging_mixin.py:137} INFO - [2022-12-12T05:42:37.006+0000] {dag.py:3427} INFO - Setting next_dagrun for example_python_operator to None, run_after=None
[2022-12-12T05:42:37.055+0000] {processor.py:175} INFO - Processing /home/airflow/.local/lib/python3.7/site-packages/airflow/example_dags/example_python_operator.py took 0.418 seconds
