[2022-12-12T05:37:41.927+0000] {processor.py:153} INFO - Started process (PID=95) to work on /home/airflow/.local/lib/python3.7/site-packages/airflow/example_dags/example_kubernetes_executor.py
[2022-12-12T05:37:41.940+0000] {processor.py:743} INFO - Processing file /home/airflow/.local/lib/python3.7/site-packages/airflow/example_dags/example_kubernetes_executor.py for tasks to queue
[2022-12-12T05:37:41.966+0000] {logging_mixin.py:137} INFO - [2022-12-12T05:37:41.966+0000] {dagbag.py:538} INFO - Filling up the DagBag from /home/airflow/.local/lib/python3.7/site-packages/airflow/example_dags/example_kubernetes_executor.py
[2022-12-12T05:37:42.220+0000] {processor.py:753} INFO - DAG(s) dict_keys(['example_kubernetes_executor']) retrieved from /home/airflow/.local/lib/python3.7/site-packages/airflow/example_dags/example_kubernetes_executor.py
[2022-12-12T05:37:42.593+0000] {logging_mixin.py:137} INFO - [2022-12-12T05:37:42.593+0000] {dag.py:2676} INFO - Sync 1 DAGs
[2022-12-12T05:37:43.309+0000] {logging_mixin.py:137} INFO - [2022-12-12T05:37:43.308+0000] {dag.py:3427} INFO - Setting next_dagrun for example_kubernetes_executor to None, run_after=None
[2022-12-12T05:37:44.025+0000] {processor.py:175} INFO - Processing /home/airflow/.local/lib/python3.7/site-packages/airflow/example_dags/example_kubernetes_executor.py took 2.128 seconds
[2022-12-12T05:39:05.496+0000] {processor.py:153} INFO - Started process (PID=178) to work on /home/airflow/.local/lib/python3.7/site-packages/airflow/example_dags/example_kubernetes_executor.py
[2022-12-12T05:39:05.509+0000] {processor.py:743} INFO - Processing file /home/airflow/.local/lib/python3.7/site-packages/airflow/example_dags/example_kubernetes_executor.py for tasks to queue
[2022-12-12T05:39:05.545+0000] {logging_mixin.py:137} INFO - [2022-12-12T05:39:05.517+0000] {dagbag.py:538} INFO - Filling up the DagBag from /home/airflow/.local/lib/python3.7/site-packages/airflow/example_dags/example_kubernetes_executor.py
[2022-12-12T05:39:06.512+0000] {processor.py:753} INFO - DAG(s) dict_keys(['example_kubernetes_executor']) retrieved from /home/airflow/.local/lib/python3.7/site-packages/airflow/example_dags/example_kubernetes_executor.py
[2022-12-12T05:39:07.357+0000] {logging_mixin.py:137} INFO - [2022-12-12T05:39:07.345+0000] {dag.py:2676} INFO - Sync 1 DAGs
[2022-12-12T05:39:07.925+0000] {logging_mixin.py:137} INFO - [2022-12-12T05:39:07.925+0000] {dag.py:3427} INFO - Setting next_dagrun for example_kubernetes_executor to None, run_after=None
[2022-12-12T05:39:08.278+0000] {processor.py:175} INFO - Processing /home/airflow/.local/lib/python3.7/site-packages/airflow/example_dags/example_kubernetes_executor.py took 2.848 seconds
[2022-12-12T05:39:38.896+0000] {processor.py:153} INFO - Started process (PID=244) to work on /home/airflow/.local/lib/python3.7/site-packages/airflow/example_dags/example_kubernetes_executor.py
[2022-12-12T05:39:38.900+0000] {processor.py:743} INFO - Processing file /home/airflow/.local/lib/python3.7/site-packages/airflow/example_dags/example_kubernetes_executor.py for tasks to queue
[2022-12-12T05:39:38.904+0000] {logging_mixin.py:137} INFO - [2022-12-12T05:39:38.904+0000] {dagbag.py:538} INFO - Filling up the DagBag from /home/airflow/.local/lib/python3.7/site-packages/airflow/example_dags/example_kubernetes_executor.py
[2022-12-12T05:39:39.155+0000] {processor.py:753} INFO - DAG(s) dict_keys(['example_kubernetes_executor']) retrieved from /home/airflow/.local/lib/python3.7/site-packages/airflow/example_dags/example_kubernetes_executor.py
[2022-12-12T05:39:39.361+0000] {logging_mixin.py:137} INFO - [2022-12-12T05:39:39.360+0000] {dag.py:2676} INFO - Sync 1 DAGs
[2022-12-12T05:39:39.453+0000] {logging_mixin.py:137} INFO - [2022-12-12T05:39:39.452+0000] {dag.py:3427} INFO - Setting next_dagrun for example_kubernetes_executor to None, run_after=None
[2022-12-12T05:39:39.500+0000] {processor.py:175} INFO - Processing /home/airflow/.local/lib/python3.7/site-packages/airflow/example_dags/example_kubernetes_executor.py took 0.613 seconds
[2022-12-12T05:40:09.986+0000] {processor.py:153} INFO - Started process (PID=303) to work on /home/airflow/.local/lib/python3.7/site-packages/airflow/example_dags/example_kubernetes_executor.py
[2022-12-12T05:40:10.010+0000] {processor.py:743} INFO - Processing file /home/airflow/.local/lib/python3.7/site-packages/airflow/example_dags/example_kubernetes_executor.py for tasks to queue
[2022-12-12T05:40:10.038+0000] {logging_mixin.py:137} INFO - [2022-12-12T05:40:10.037+0000] {dagbag.py:538} INFO - Filling up the DagBag from /home/airflow/.local/lib/python3.7/site-packages/airflow/example_dags/example_kubernetes_executor.py
[2022-12-12T05:40:10.293+0000] {processor.py:753} INFO - DAG(s) dict_keys(['example_kubernetes_executor']) retrieved from /home/airflow/.local/lib/python3.7/site-packages/airflow/example_dags/example_kubernetes_executor.py
[2022-12-12T05:40:10.542+0000] {logging_mixin.py:137} INFO - [2022-12-12T05:40:10.541+0000] {dag.py:2676} INFO - Sync 1 DAGs
[2022-12-12T05:40:10.685+0000] {logging_mixin.py:137} INFO - [2022-12-12T05:40:10.684+0000] {dag.py:3427} INFO - Setting next_dagrun for example_kubernetes_executor to None, run_after=None
[2022-12-12T05:40:10.747+0000] {processor.py:175} INFO - Processing /home/airflow/.local/lib/python3.7/site-packages/airflow/example_dags/example_kubernetes_executor.py took 0.790 seconds
[2022-12-12T05:40:41.259+0000] {processor.py:153} INFO - Started process (PID=359) to work on /home/airflow/.local/lib/python3.7/site-packages/airflow/example_dags/example_kubernetes_executor.py
[2022-12-12T05:40:41.266+0000] {processor.py:743} INFO - Processing file /home/airflow/.local/lib/python3.7/site-packages/airflow/example_dags/example_kubernetes_executor.py for tasks to queue
[2022-12-12T05:40:41.293+0000] {logging_mixin.py:137} INFO - [2022-12-12T05:40:41.284+0000] {dagbag.py:538} INFO - Filling up the DagBag from /home/airflow/.local/lib/python3.7/site-packages/airflow/example_dags/example_kubernetes_executor.py
[2022-12-12T05:40:41.550+0000] {processor.py:753} INFO - DAG(s) dict_keys(['example_kubernetes_executor']) retrieved from /home/airflow/.local/lib/python3.7/site-packages/airflow/example_dags/example_kubernetes_executor.py
[2022-12-12T05:40:41.874+0000] {logging_mixin.py:137} INFO - [2022-12-12T05:40:41.874+0000] {dag.py:2676} INFO - Sync 1 DAGs
[2022-12-12T05:40:42.163+0000] {logging_mixin.py:137} INFO - [2022-12-12T05:40:42.163+0000] {dag.py:3427} INFO - Setting next_dagrun for example_kubernetes_executor to None, run_after=None
[2022-12-12T05:40:42.332+0000] {processor.py:175} INFO - Processing /home/airflow/.local/lib/python3.7/site-packages/airflow/example_dags/example_kubernetes_executor.py took 1.085 seconds
[2022-12-12T05:41:12.906+0000] {processor.py:153} INFO - Started process (PID=420) to work on /home/airflow/.local/lib/python3.7/site-packages/airflow/example_dags/example_kubernetes_executor.py
[2022-12-12T05:41:12.958+0000] {processor.py:743} INFO - Processing file /home/airflow/.local/lib/python3.7/site-packages/airflow/example_dags/example_kubernetes_executor.py for tasks to queue
[2022-12-12T05:41:12.993+0000] {logging_mixin.py:137} INFO - [2022-12-12T05:41:12.992+0000] {dagbag.py:538} INFO - Filling up the DagBag from /home/airflow/.local/lib/python3.7/site-packages/airflow/example_dags/example_kubernetes_executor.py
[2022-12-12T05:41:13.193+0000] {processor.py:753} INFO - DAG(s) dict_keys(['example_kubernetes_executor']) retrieved from /home/airflow/.local/lib/python3.7/site-packages/airflow/example_dags/example_kubernetes_executor.py
[2022-12-12T05:41:13.420+0000] {logging_mixin.py:137} INFO - [2022-12-12T05:41:13.420+0000] {dag.py:2676} INFO - Sync 1 DAGs
[2022-12-12T05:41:13.544+0000] {logging_mixin.py:137} INFO - [2022-12-12T05:41:13.544+0000] {dag.py:3427} INFO - Setting next_dagrun for example_kubernetes_executor to None, run_after=None
[2022-12-12T05:41:13.621+0000] {processor.py:175} INFO - Processing /home/airflow/.local/lib/python3.7/site-packages/airflow/example_dags/example_kubernetes_executor.py took 0.737 seconds
[2022-12-12T05:41:44.385+0000] {processor.py:153} INFO - Started process (PID=482) to work on /home/airflow/.local/lib/python3.7/site-packages/airflow/example_dags/example_kubernetes_executor.py
[2022-12-12T05:41:44.407+0000] {processor.py:743} INFO - Processing file /home/airflow/.local/lib/python3.7/site-packages/airflow/example_dags/example_kubernetes_executor.py for tasks to queue
[2022-12-12T05:41:44.412+0000] {logging_mixin.py:137} INFO - [2022-12-12T05:41:44.411+0000] {dagbag.py:538} INFO - Filling up the DagBag from /home/airflow/.local/lib/python3.7/site-packages/airflow/example_dags/example_kubernetes_executor.py
[2022-12-12T05:41:44.581+0000] {processor.py:753} INFO - DAG(s) dict_keys(['example_kubernetes_executor']) retrieved from /home/airflow/.local/lib/python3.7/site-packages/airflow/example_dags/example_kubernetes_executor.py
[2022-12-12T05:41:44.759+0000] {logging_mixin.py:137} INFO - [2022-12-12T05:41:44.759+0000] {dag.py:2676} INFO - Sync 1 DAGs
[2022-12-12T05:41:44.874+0000] {logging_mixin.py:137} INFO - [2022-12-12T05:41:44.874+0000] {dag.py:3427} INFO - Setting next_dagrun for example_kubernetes_executor to None, run_after=None
[2022-12-12T05:41:45.002+0000] {processor.py:175} INFO - Processing /home/airflow/.local/lib/python3.7/site-packages/airflow/example_dags/example_kubernetes_executor.py took 0.626 seconds
[2022-12-12T05:42:16.661+0000] {processor.py:153} INFO - Started process (PID=545) to work on /home/airflow/.local/lib/python3.7/site-packages/airflow/example_dags/example_kubernetes_executor.py
[2022-12-12T05:42:16.669+0000] {processor.py:743} INFO - Processing file /home/airflow/.local/lib/python3.7/site-packages/airflow/example_dags/example_kubernetes_executor.py for tasks to queue
[2022-12-12T05:42:16.696+0000] {logging_mixin.py:137} INFO - [2022-12-12T05:42:16.695+0000] {dagbag.py:538} INFO - Filling up the DagBag from /home/airflow/.local/lib/python3.7/site-packages/airflow/example_dags/example_kubernetes_executor.py
[2022-12-12T05:42:16.944+0000] {processor.py:753} INFO - DAG(s) dict_keys(['example_kubernetes_executor']) retrieved from /home/airflow/.local/lib/python3.7/site-packages/airflow/example_dags/example_kubernetes_executor.py
[2022-12-12T05:42:17.299+0000] {logging_mixin.py:137} INFO - [2022-12-12T05:42:17.297+0000] {dag.py:2676} INFO - Sync 1 DAGs
[2022-12-12T05:42:17.543+0000] {logging_mixin.py:137} INFO - [2022-12-12T05:42:17.540+0000] {dag.py:3427} INFO - Setting next_dagrun for example_kubernetes_executor to None, run_after=None
[2022-12-12T05:42:17.697+0000] {processor.py:175} INFO - Processing /home/airflow/.local/lib/python3.7/site-packages/airflow/example_dags/example_kubernetes_executor.py took 1.051 seconds
