[2022-12-12T05:37:49.657+0000] {processor.py:153} INFO - Started process (PID=106) to work on /home/airflow/.local/lib/python3.7/site-packages/airflow/example_dags/example_bash_operator.py
[2022-12-12T05:37:49.684+0000] {processor.py:743} INFO - Processing file /home/airflow/.local/lib/python3.7/site-packages/airflow/example_dags/example_bash_operator.py for tasks to queue
[2022-12-12T05:37:49.688+0000] {logging_mixin.py:137} INFO - [2022-12-12T05:37:49.688+0000] {dagbag.py:538} INFO - Filling up the DagBag from /home/airflow/.local/lib/python3.7/site-packages/airflow/example_dags/example_bash_operator.py
[2022-12-12T05:37:50.235+0000] {processor.py:753} INFO - DAG(s) dict_keys(['example_bash_operator']) retrieved from /home/airflow/.local/lib/python3.7/site-packages/airflow/example_dags/example_bash_operator.py
[2022-12-12T05:37:52.002+0000] {logging_mixin.py:137} INFO - [2022-12-12T05:37:52.002+0000] {dag.py:2676} INFO - Sync 1 DAGs
[2022-12-12T05:37:52.973+0000] {logging_mixin.py:137} INFO - [2022-12-12T05:37:52.973+0000] {dag.py:3427} INFO - Setting next_dagrun for example_bash_operator to 2022-12-11T00:00:00+00:00, run_after=2022-12-12T00:00:00+00:00
[2022-12-12T05:37:53.317+0000] {processor.py:175} INFO - Processing /home/airflow/.local/lib/python3.7/site-packages/airflow/example_dags/example_bash_operator.py took 3.686 seconds
[2022-12-12T05:39:11.490+0000] {processor.py:153} INFO - Started process (PID=194) to work on /home/airflow/.local/lib/python3.7/site-packages/airflow/example_dags/example_bash_operator.py
[2022-12-12T05:39:11.511+0000] {processor.py:743} INFO - Processing file /home/airflow/.local/lib/python3.7/site-packages/airflow/example_dags/example_bash_operator.py for tasks to queue
[2022-12-12T05:39:11.514+0000] {logging_mixin.py:137} INFO - [2022-12-12T05:39:11.514+0000] {dagbag.py:538} INFO - Filling up the DagBag from /home/airflow/.local/lib/python3.7/site-packages/airflow/example_dags/example_bash_operator.py
[2022-12-12T05:39:13.092+0000] {processor.py:753} INFO - DAG(s) dict_keys(['example_bash_operator']) retrieved from /home/airflow/.local/lib/python3.7/site-packages/airflow/example_dags/example_bash_operator.py
[2022-12-12T05:39:13.620+0000] {logging_mixin.py:137} INFO - [2022-12-12T05:39:13.618+0000] {dag.py:2676} INFO - Sync 1 DAGs
[2022-12-12T05:39:13.851+0000] {logging_mixin.py:137} INFO - [2022-12-12T05:39:13.849+0000] {dag.py:3427} INFO - Setting next_dagrun for example_bash_operator to 2022-12-11T00:00:00+00:00, run_after=2022-12-12T00:00:00+00:00
[2022-12-12T05:39:14.053+0000] {processor.py:175} INFO - Processing /home/airflow/.local/lib/python3.7/site-packages/airflow/example_dags/example_bash_operator.py took 2.522 seconds
[2022-12-12T05:39:44.380+0000] {processor.py:153} INFO - Started process (PID=248) to work on /home/airflow/.local/lib/python3.7/site-packages/airflow/example_dags/example_bash_operator.py
[2022-12-12T05:39:44.395+0000] {processor.py:743} INFO - Processing file /home/airflow/.local/lib/python3.7/site-packages/airflow/example_dags/example_bash_operator.py for tasks to queue
[2022-12-12T05:39:44.431+0000] {logging_mixin.py:137} INFO - [2022-12-12T05:39:44.429+0000] {dagbag.py:538} INFO - Filling up the DagBag from /home/airflow/.local/lib/python3.7/site-packages/airflow/example_dags/example_bash_operator.py
[2022-12-12T05:39:44.953+0000] {processor.py:753} INFO - DAG(s) dict_keys(['example_bash_operator']) retrieved from /home/airflow/.local/lib/python3.7/site-packages/airflow/example_dags/example_bash_operator.py
[2022-12-12T05:39:45.211+0000] {logging_mixin.py:137} INFO - [2022-12-12T05:39:45.211+0000] {dag.py:2676} INFO - Sync 1 DAGs
[2022-12-12T05:39:45.350+0000] {logging_mixin.py:137} INFO - [2022-12-12T05:39:45.350+0000] {dag.py:3427} INFO - Setting next_dagrun for example_bash_operator to 2022-12-11T00:00:00+00:00, run_after=2022-12-12T00:00:00+00:00
[2022-12-12T05:39:45.433+0000] {processor.py:175} INFO - Processing /home/airflow/.local/lib/python3.7/site-packages/airflow/example_dags/example_bash_operator.py took 1.060 seconds
[2022-12-12T05:40:15.684+0000] {processor.py:153} INFO - Started process (PID=311) to work on /home/airflow/.local/lib/python3.7/site-packages/airflow/example_dags/example_bash_operator.py
[2022-12-12T05:40:15.690+0000] {processor.py:743} INFO - Processing file /home/airflow/.local/lib/python3.7/site-packages/airflow/example_dags/example_bash_operator.py for tasks to queue
[2022-12-12T05:40:15.695+0000] {logging_mixin.py:137} INFO - [2022-12-12T05:40:15.694+0000] {dagbag.py:538} INFO - Filling up the DagBag from /home/airflow/.local/lib/python3.7/site-packages/airflow/example_dags/example_bash_operator.py
[2022-12-12T05:40:15.789+0000] {processor.py:753} INFO - DAG(s) dict_keys(['example_bash_operator']) retrieved from /home/airflow/.local/lib/python3.7/site-packages/airflow/example_dags/example_bash_operator.py
[2022-12-12T05:40:15.987+0000] {logging_mixin.py:137} INFO - [2022-12-12T05:40:15.986+0000] {dag.py:2676} INFO - Sync 1 DAGs
[2022-12-12T05:40:16.058+0000] {logging_mixin.py:137} INFO - [2022-12-12T05:40:16.057+0000] {dag.py:3427} INFO - Setting next_dagrun for example_bash_operator to 2022-12-11T00:00:00+00:00, run_after=2022-12-12T00:00:00+00:00
[2022-12-12T05:40:16.195+0000] {processor.py:175} INFO - Processing /home/airflow/.local/lib/python3.7/site-packages/airflow/example_dags/example_bash_operator.py took 0.519 seconds
[2022-12-12T05:40:46.617+0000] {processor.py:153} INFO - Started process (PID=374) to work on /home/airflow/.local/lib/python3.7/site-packages/airflow/example_dags/example_bash_operator.py
[2022-12-12T05:40:46.633+0000] {processor.py:743} INFO - Processing file /home/airflow/.local/lib/python3.7/site-packages/airflow/example_dags/example_bash_operator.py for tasks to queue
[2022-12-12T05:40:46.636+0000] {logging_mixin.py:137} INFO - [2022-12-12T05:40:46.636+0000] {dagbag.py:538} INFO - Filling up the DagBag from /home/airflow/.local/lib/python3.7/site-packages/airflow/example_dags/example_bash_operator.py
[2022-12-12T05:40:46.701+0000] {processor.py:753} INFO - DAG(s) dict_keys(['example_bash_operator']) retrieved from /home/airflow/.local/lib/python3.7/site-packages/airflow/example_dags/example_bash_operator.py
[2022-12-12T05:40:47.311+0000] {logging_mixin.py:137} INFO - [2022-12-12T05:40:47.311+0000] {dag.py:2676} INFO - Sync 1 DAGs
[2022-12-12T05:40:47.562+0000] {logging_mixin.py:137} INFO - [2022-12-12T05:40:47.562+0000] {dag.py:3427} INFO - Setting next_dagrun for example_bash_operator to 2022-12-11T00:00:00+00:00, run_after=2022-12-12T00:00:00+00:00
[2022-12-12T05:40:47.655+0000] {processor.py:175} INFO - Processing /home/airflow/.local/lib/python3.7/site-packages/airflow/example_dags/example_bash_operator.py took 1.079 seconds
[2022-12-12T05:41:18.061+0000] {processor.py:153} INFO - Started process (PID=437) to work on /home/airflow/.local/lib/python3.7/site-packages/airflow/example_dags/example_bash_operator.py
[2022-12-12T05:41:18.066+0000] {processor.py:743} INFO - Processing file /home/airflow/.local/lib/python3.7/site-packages/airflow/example_dags/example_bash_operator.py for tasks to queue
[2022-12-12T05:41:18.070+0000] {logging_mixin.py:137} INFO - [2022-12-12T05:41:18.070+0000] {dagbag.py:538} INFO - Filling up the DagBag from /home/airflow/.local/lib/python3.7/site-packages/airflow/example_dags/example_bash_operator.py
[2022-12-12T05:41:18.121+0000] {processor.py:753} INFO - DAG(s) dict_keys(['example_bash_operator']) retrieved from /home/airflow/.local/lib/python3.7/site-packages/airflow/example_dags/example_bash_operator.py
[2022-12-12T05:41:18.286+0000] {logging_mixin.py:137} INFO - [2022-12-12T05:41:18.286+0000] {dag.py:2676} INFO - Sync 1 DAGs
[2022-12-12T05:41:18.350+0000] {logging_mixin.py:137} INFO - [2022-12-12T05:41:18.350+0000] {dag.py:3427} INFO - Setting next_dagrun for example_bash_operator to 2022-12-11T00:00:00+00:00, run_after=2022-12-12T00:00:00+00:00
[2022-12-12T05:41:18.428+0000] {processor.py:175} INFO - Processing /home/airflow/.local/lib/python3.7/site-packages/airflow/example_dags/example_bash_operator.py took 0.376 seconds
[2022-12-12T05:41:48.593+0000] {processor.py:153} INFO - Started process (PID=496) to work on /home/airflow/.local/lib/python3.7/site-packages/airflow/example_dags/example_bash_operator.py
[2022-12-12T05:41:48.602+0000] {processor.py:743} INFO - Processing file /home/airflow/.local/lib/python3.7/site-packages/airflow/example_dags/example_bash_operator.py for tasks to queue
[2022-12-12T05:41:48.617+0000] {logging_mixin.py:137} INFO - [2022-12-12T05:41:48.617+0000] {dagbag.py:538} INFO - Filling up the DagBag from /home/airflow/.local/lib/python3.7/site-packages/airflow/example_dags/example_bash_operator.py
[2022-12-12T05:41:48.786+0000] {processor.py:753} INFO - DAG(s) dict_keys(['example_bash_operator']) retrieved from /home/airflow/.local/lib/python3.7/site-packages/airflow/example_dags/example_bash_operator.py
[2022-12-12T05:41:49.132+0000] {logging_mixin.py:137} INFO - [2022-12-12T05:41:49.132+0000] {dag.py:2676} INFO - Sync 1 DAGs
[2022-12-12T05:41:49.235+0000] {logging_mixin.py:137} INFO - [2022-12-12T05:41:49.235+0000] {dag.py:3427} INFO - Setting next_dagrun for example_bash_operator to 2022-12-11T00:00:00+00:00, run_after=2022-12-12T00:00:00+00:00
[2022-12-12T05:41:49.307+0000] {processor.py:175} INFO - Processing /home/airflow/.local/lib/python3.7/site-packages/airflow/example_dags/example_bash_operator.py took 0.726 seconds
[2022-12-12T05:42:19.619+0000] {processor.py:153} INFO - Started process (PID=550) to work on /home/airflow/.local/lib/python3.7/site-packages/airflow/example_dags/example_bash_operator.py
[2022-12-12T05:42:19.633+0000] {processor.py:743} INFO - Processing file /home/airflow/.local/lib/python3.7/site-packages/airflow/example_dags/example_bash_operator.py for tasks to queue
[2022-12-12T05:42:19.642+0000] {logging_mixin.py:137} INFO - [2022-12-12T05:42:19.641+0000] {dagbag.py:538} INFO - Filling up the DagBag from /home/airflow/.local/lib/python3.7/site-packages/airflow/example_dags/example_bash_operator.py
[2022-12-12T05:42:19.710+0000] {processor.py:753} INFO - DAG(s) dict_keys(['example_bash_operator']) retrieved from /home/airflow/.local/lib/python3.7/site-packages/airflow/example_dags/example_bash_operator.py
[2022-12-12T05:42:20.014+0000] {logging_mixin.py:137} INFO - [2022-12-12T05:42:20.014+0000] {dag.py:2676} INFO - Sync 1 DAGs
[2022-12-12T05:42:20.176+0000] {logging_mixin.py:137} INFO - [2022-12-12T05:42:20.176+0000] {dag.py:3427} INFO - Setting next_dagrun for example_bash_operator to 2022-12-11T00:00:00+00:00, run_after=2022-12-12T00:00:00+00:00
[2022-12-12T05:42:20.417+0000] {processor.py:175} INFO - Processing /home/airflow/.local/lib/python3.7/site-packages/airflow/example_dags/example_bash_operator.py took 0.818 seconds
