[2022-12-12T05:38:48.493+0000] {processor.py:153} INFO - Started process (PID=157) to work on /home/airflow/.local/lib/python3.7/site-packages/airflow/example_dags/example_nested_branch_dag.py
[2022-12-12T05:38:48.534+0000] {processor.py:743} INFO - Processing file /home/airflow/.local/lib/python3.7/site-packages/airflow/example_dags/example_nested_branch_dag.py for tasks to queue
[2022-12-12T05:38:48.541+0000] {logging_mixin.py:137} INFO - [2022-12-12T05:38:48.540+0000] {dagbag.py:538} INFO - Filling up the DagBag from /home/airflow/.local/lib/python3.7/site-packages/airflow/example_dags/example_nested_branch_dag.py
[2022-12-12T05:38:49.124+0000] {processor.py:753} INFO - DAG(s) dict_keys(['example_nested_branch_dag']) retrieved from /home/airflow/.local/lib/python3.7/site-packages/airflow/example_dags/example_nested_branch_dag.py
[2022-12-12T05:38:50.999+0000] {logging_mixin.py:137} INFO - [2022-12-12T05:38:50.994+0000] {dag.py:2676} INFO - Sync 1 DAGs
[2022-12-12T05:38:51.813+0000] {logging_mixin.py:137} INFO - [2022-12-12T05:38:51.813+0000] {dag.py:3427} INFO - Setting next_dagrun for example_nested_branch_dag to 2022-12-11T00:00:00+00:00, run_after=2022-12-12T00:00:00+00:00
[2022-12-12T05:38:52.512+0000] {processor.py:175} INFO - Processing /home/airflow/.local/lib/python3.7/site-packages/airflow/example_dags/example_nested_branch_dag.py took 4.056 seconds
[2022-12-12T05:39:22.984+0000] {processor.py:153} INFO - Started process (PID=219) to work on /home/airflow/.local/lib/python3.7/site-packages/airflow/example_dags/example_nested_branch_dag.py
[2022-12-12T05:39:22.999+0000] {processor.py:743} INFO - Processing file /home/airflow/.local/lib/python3.7/site-packages/airflow/example_dags/example_nested_branch_dag.py for tasks to queue
[2022-12-12T05:39:23.003+0000] {logging_mixin.py:137} INFO - [2022-12-12T05:39:23.003+0000] {dagbag.py:538} INFO - Filling up the DagBag from /home/airflow/.local/lib/python3.7/site-packages/airflow/example_dags/example_nested_branch_dag.py
[2022-12-12T05:39:23.108+0000] {processor.py:753} INFO - DAG(s) dict_keys(['example_nested_branch_dag']) retrieved from /home/airflow/.local/lib/python3.7/site-packages/airflow/example_dags/example_nested_branch_dag.py
[2022-12-12T05:39:23.255+0000] {logging_mixin.py:137} INFO - [2022-12-12T05:39:23.255+0000] {dag.py:2676} INFO - Sync 1 DAGs
[2022-12-12T05:39:23.400+0000] {logging_mixin.py:137} INFO - [2022-12-12T05:39:23.400+0000] {dag.py:3427} INFO - Setting next_dagrun for example_nested_branch_dag to 2022-12-11T00:00:00+00:00, run_after=2022-12-12T00:00:00+00:00
[2022-12-12T05:39:23.520+0000] {processor.py:175} INFO - Processing /home/airflow/.local/lib/python3.7/site-packages/airflow/example_dags/example_nested_branch_dag.py took 0.548 seconds
[2022-12-12T05:39:56.687+0000] {processor.py:153} INFO - Started process (PID=282) to work on /home/airflow/.local/lib/python3.7/site-packages/airflow/example_dags/example_nested_branch_dag.py
[2022-12-12T05:39:56.699+0000] {processor.py:743} INFO - Processing file /home/airflow/.local/lib/python3.7/site-packages/airflow/example_dags/example_nested_branch_dag.py for tasks to queue
[2022-12-12T05:39:56.711+0000] {logging_mixin.py:137} INFO - [2022-12-12T05:39:56.710+0000] {dagbag.py:538} INFO - Filling up the DagBag from /home/airflow/.local/lib/python3.7/site-packages/airflow/example_dags/example_nested_branch_dag.py
[2022-12-12T05:39:56.881+0000] {processor.py:753} INFO - DAG(s) dict_keys(['example_nested_branch_dag']) retrieved from /home/airflow/.local/lib/python3.7/site-packages/airflow/example_dags/example_nested_branch_dag.py
[2022-12-12T05:39:57.072+0000] {logging_mixin.py:137} INFO - [2022-12-12T05:39:57.071+0000] {dag.py:2676} INFO - Sync 1 DAGs
[2022-12-12T05:39:57.226+0000] {logging_mixin.py:137} INFO - [2022-12-12T05:39:57.215+0000] {dag.py:3427} INFO - Setting next_dagrun for example_nested_branch_dag to 2022-12-11T00:00:00+00:00, run_after=2022-12-12T00:00:00+00:00
[2022-12-12T05:39:57.403+0000] {processor.py:175} INFO - Processing /home/airflow/.local/lib/python3.7/site-packages/airflow/example_dags/example_nested_branch_dag.py took 0.740 seconds
[2022-12-12T05:40:28.253+0000] {processor.py:153} INFO - Started process (PID=344) to work on /home/airflow/.local/lib/python3.7/site-packages/airflow/example_dags/example_nested_branch_dag.py
[2022-12-12T05:40:28.306+0000] {processor.py:743} INFO - Processing file /home/airflow/.local/lib/python3.7/site-packages/airflow/example_dags/example_nested_branch_dag.py for tasks to queue
[2022-12-12T05:40:28.313+0000] {logging_mixin.py:137} INFO - [2022-12-12T05:40:28.312+0000] {dagbag.py:538} INFO - Filling up the DagBag from /home/airflow/.local/lib/python3.7/site-packages/airflow/example_dags/example_nested_branch_dag.py
[2022-12-12T05:40:28.436+0000] {processor.py:753} INFO - DAG(s) dict_keys(['example_nested_branch_dag']) retrieved from /home/airflow/.local/lib/python3.7/site-packages/airflow/example_dags/example_nested_branch_dag.py
[2022-12-12T05:40:28.662+0000] {logging_mixin.py:137} INFO - [2022-12-12T05:40:28.662+0000] {dag.py:2676} INFO - Sync 1 DAGs
[2022-12-12T05:40:28.827+0000] {logging_mixin.py:137} INFO - [2022-12-12T05:40:28.827+0000] {dag.py:3427} INFO - Setting next_dagrun for example_nested_branch_dag to 2022-12-11T00:00:00+00:00, run_after=2022-12-12T00:00:00+00:00
[2022-12-12T05:40:28.961+0000] {processor.py:175} INFO - Processing /home/airflow/.local/lib/python3.7/site-packages/airflow/example_dags/example_nested_branch_dag.py took 0.721 seconds
[2022-12-12T05:40:59.233+0000] {processor.py:153} INFO - Started process (PID=395) to work on /home/airflow/.local/lib/python3.7/site-packages/airflow/example_dags/example_nested_branch_dag.py
[2022-12-12T05:40:59.255+0000] {processor.py:743} INFO - Processing file /home/airflow/.local/lib/python3.7/site-packages/airflow/example_dags/example_nested_branch_dag.py for tasks to queue
[2022-12-12T05:40:59.259+0000] {logging_mixin.py:137} INFO - [2022-12-12T05:40:59.259+0000] {dagbag.py:538} INFO - Filling up the DagBag from /home/airflow/.local/lib/python3.7/site-packages/airflow/example_dags/example_nested_branch_dag.py
[2022-12-12T05:40:59.358+0000] {processor.py:753} INFO - DAG(s) dict_keys(['example_nested_branch_dag']) retrieved from /home/airflow/.local/lib/python3.7/site-packages/airflow/example_dags/example_nested_branch_dag.py
[2022-12-12T05:40:59.538+0000] {logging_mixin.py:137} INFO - [2022-12-12T05:40:59.538+0000] {dag.py:2676} INFO - Sync 1 DAGs
[2022-12-12T05:40:59.800+0000] {logging_mixin.py:137} INFO - [2022-12-12T05:40:59.800+0000] {dag.py:3427} INFO - Setting next_dagrun for example_nested_branch_dag to 2022-12-11T00:00:00+00:00, run_after=2022-12-12T00:00:00+00:00
[2022-12-12T05:40:59.879+0000] {processor.py:175} INFO - Processing /home/airflow/.local/lib/python3.7/site-packages/airflow/example_dags/example_nested_branch_dag.py took 0.655 seconds
[2022-12-12T05:41:30.244+0000] {processor.py:153} INFO - Started process (PID=458) to work on /home/airflow/.local/lib/python3.7/site-packages/airflow/example_dags/example_nested_branch_dag.py
[2022-12-12T05:41:30.261+0000] {processor.py:743} INFO - Processing file /home/airflow/.local/lib/python3.7/site-packages/airflow/example_dags/example_nested_branch_dag.py for tasks to queue
[2022-12-12T05:41:30.278+0000] {logging_mixin.py:137} INFO - [2022-12-12T05:41:30.278+0000] {dagbag.py:538} INFO - Filling up the DagBag from /home/airflow/.local/lib/python3.7/site-packages/airflow/example_dags/example_nested_branch_dag.py
[2022-12-12T05:41:30.369+0000] {processor.py:753} INFO - DAG(s) dict_keys(['example_nested_branch_dag']) retrieved from /home/airflow/.local/lib/python3.7/site-packages/airflow/example_dags/example_nested_branch_dag.py
[2022-12-12T05:41:30.522+0000] {logging_mixin.py:137} INFO - [2022-12-12T05:41:30.522+0000] {dag.py:2676} INFO - Sync 1 DAGs
[2022-12-12T05:41:30.604+0000] {logging_mixin.py:137} INFO - [2022-12-12T05:41:30.604+0000] {dag.py:3427} INFO - Setting next_dagrun for example_nested_branch_dag to 2022-12-11T00:00:00+00:00, run_after=2022-12-12T00:00:00+00:00
[2022-12-12T05:41:30.729+0000] {processor.py:175} INFO - Processing /home/airflow/.local/lib/python3.7/site-packages/airflow/example_dags/example_nested_branch_dag.py took 0.517 seconds
[2022-12-12T05:42:00.850+0000] {processor.py:153} INFO - Started process (PID=520) to work on /home/airflow/.local/lib/python3.7/site-packages/airflow/example_dags/example_nested_branch_dag.py
[2022-12-12T05:42:00.855+0000] {processor.py:743} INFO - Processing file /home/airflow/.local/lib/python3.7/site-packages/airflow/example_dags/example_nested_branch_dag.py for tasks to queue
[2022-12-12T05:42:00.858+0000] {logging_mixin.py:137} INFO - [2022-12-12T05:42:00.858+0000] {dagbag.py:538} INFO - Filling up the DagBag from /home/airflow/.local/lib/python3.7/site-packages/airflow/example_dags/example_nested_branch_dag.py
[2022-12-12T05:42:01.464+0000] {processor.py:753} INFO - DAG(s) dict_keys(['example_nested_branch_dag']) retrieved from /home/airflow/.local/lib/python3.7/site-packages/airflow/example_dags/example_nested_branch_dag.py
[2022-12-12T05:42:02.052+0000] {logging_mixin.py:137} INFO - [2022-12-12T05:42:02.051+0000] {dag.py:2676} INFO - Sync 1 DAGs
[2022-12-12T05:42:02.252+0000] {logging_mixin.py:137} INFO - [2022-12-12T05:42:02.252+0000] {dag.py:3427} INFO - Setting next_dagrun for example_nested_branch_dag to 2022-12-11T00:00:00+00:00, run_after=2022-12-12T00:00:00+00:00
[2022-12-12T05:42:02.363+0000] {processor.py:175} INFO - Processing /home/airflow/.local/lib/python3.7/site-packages/airflow/example_dags/example_nested_branch_dag.py took 1.521 seconds
[2022-12-12T05:42:33.252+0000] {processor.py:153} INFO - Started process (PID=583) to work on /home/airflow/.local/lib/python3.7/site-packages/airflow/example_dags/example_nested_branch_dag.py
[2022-12-12T05:42:33.263+0000] {processor.py:743} INFO - Processing file /home/airflow/.local/lib/python3.7/site-packages/airflow/example_dags/example_nested_branch_dag.py for tasks to queue
[2022-12-12T05:42:33.277+0000] {logging_mixin.py:137} INFO - [2022-12-12T05:42:33.277+0000] {dagbag.py:538} INFO - Filling up the DagBag from /home/airflow/.local/lib/python3.7/site-packages/airflow/example_dags/example_nested_branch_dag.py
[2022-12-12T05:42:33.382+0000] {processor.py:753} INFO - DAG(s) dict_keys(['example_nested_branch_dag']) retrieved from /home/airflow/.local/lib/python3.7/site-packages/airflow/example_dags/example_nested_branch_dag.py
[2022-12-12T05:42:33.637+0000] {logging_mixin.py:137} INFO - [2022-12-12T05:42:33.637+0000] {dag.py:2676} INFO - Sync 1 DAGs
[2022-12-12T05:42:33.726+0000] {logging_mixin.py:137} INFO - [2022-12-12T05:42:33.726+0000] {dag.py:3427} INFO - Setting next_dagrun for example_nested_branch_dag to 2022-12-11T00:00:00+00:00, run_after=2022-12-12T00:00:00+00:00
[2022-12-12T05:42:33.870+0000] {processor.py:175} INFO - Processing /home/airflow/.local/lib/python3.7/site-packages/airflow/example_dags/example_nested_branch_dag.py took 0.628 seconds
