[2022-12-12T05:38:07.807+0000] {processor.py:153} INFO - Started process (PID=129) to work on /home/airflow/.local/lib/python3.7/site-packages/airflow/example_dags/example_trigger_target_dag.py
[2022-12-12T05:38:07.856+0000] {processor.py:743} INFO - Processing file /home/airflow/.local/lib/python3.7/site-packages/airflow/example_dags/example_trigger_target_dag.py for tasks to queue
[2022-12-12T05:38:07.884+0000] {logging_mixin.py:137} INFO - [2022-12-12T05:38:07.883+0000] {dagbag.py:538} INFO - Filling up the DagBag from /home/airflow/.local/lib/python3.7/site-packages/airflow/example_dags/example_trigger_target_dag.py
[2022-12-12T05:38:08.377+0000] {processor.py:753} INFO - DAG(s) dict_keys(['example_trigger_target_dag']) retrieved from /home/airflow/.local/lib/python3.7/site-packages/airflow/example_dags/example_trigger_target_dag.py
[2022-12-12T05:38:10.438+0000] {logging_mixin.py:137} INFO - [2022-12-12T05:38:10.438+0000] {dag.py:2676} INFO - Sync 1 DAGs
[2022-12-12T05:38:10.632+0000] {logging_mixin.py:137} INFO - [2022-12-12T05:38:10.631+0000] {dag.py:3427} INFO - Setting next_dagrun for example_trigger_target_dag to None, run_after=None
[2022-12-12T05:38:12.320+0000] {processor.py:175} INFO - Processing /home/airflow/.local/lib/python3.7/site-packages/airflow/example_dags/example_trigger_target_dag.py took 4.664 seconds
[2022-12-12T05:39:18.785+0000] {processor.py:153} INFO - Started process (PID=209) to work on /home/airflow/.local/lib/python3.7/site-packages/airflow/example_dags/example_trigger_target_dag.py
[2022-12-12T05:39:18.792+0000] {processor.py:743} INFO - Processing file /home/airflow/.local/lib/python3.7/site-packages/airflow/example_dags/example_trigger_target_dag.py for tasks to queue
[2022-12-12T05:39:18.795+0000] {logging_mixin.py:137} INFO - [2022-12-12T05:39:18.795+0000] {dagbag.py:538} INFO - Filling up the DagBag from /home/airflow/.local/lib/python3.7/site-packages/airflow/example_dags/example_trigger_target_dag.py
[2022-12-12T05:39:18.856+0000] {processor.py:753} INFO - DAG(s) dict_keys(['example_trigger_target_dag']) retrieved from /home/airflow/.local/lib/python3.7/site-packages/airflow/example_dags/example_trigger_target_dag.py
[2022-12-12T05:39:18.981+0000] {logging_mixin.py:137} INFO - [2022-12-12T05:39:18.981+0000] {dag.py:2676} INFO - Sync 1 DAGs
[2022-12-12T05:39:19.069+0000] {logging_mixin.py:137} INFO - [2022-12-12T05:39:19.069+0000] {dag.py:3427} INFO - Setting next_dagrun for example_trigger_target_dag to None, run_after=None
[2022-12-12T05:39:19.144+0000] {processor.py:175} INFO - Processing /home/airflow/.local/lib/python3.7/site-packages/airflow/example_dags/example_trigger_target_dag.py took 0.370 seconds
[2022-12-12T05:39:51.799+0000] {processor.py:153} INFO - Started process (PID=272) to work on /home/airflow/.local/lib/python3.7/site-packages/airflow/example_dags/example_trigger_target_dag.py
[2022-12-12T05:39:51.803+0000] {processor.py:743} INFO - Processing file /home/airflow/.local/lib/python3.7/site-packages/airflow/example_dags/example_trigger_target_dag.py for tasks to queue
[2022-12-12T05:39:51.810+0000] {logging_mixin.py:137} INFO - [2022-12-12T05:39:51.809+0000] {dagbag.py:538} INFO - Filling up the DagBag from /home/airflow/.local/lib/python3.7/site-packages/airflow/example_dags/example_trigger_target_dag.py
[2022-12-12T05:39:51.877+0000] {processor.py:753} INFO - DAG(s) dict_keys(['example_trigger_target_dag']) retrieved from /home/airflow/.local/lib/python3.7/site-packages/airflow/example_dags/example_trigger_target_dag.py
[2022-12-12T05:39:51.991+0000] {logging_mixin.py:137} INFO - [2022-12-12T05:39:51.990+0000] {dag.py:2676} INFO - Sync 1 DAGs
[2022-12-12T05:39:52.053+0000] {logging_mixin.py:137} INFO - [2022-12-12T05:39:52.053+0000] {dag.py:3427} INFO - Setting next_dagrun for example_trigger_target_dag to None, run_after=None
[2022-12-12T05:39:52.101+0000] {processor.py:175} INFO - Processing /home/airflow/.local/lib/python3.7/site-packages/airflow/example_dags/example_trigger_target_dag.py took 0.310 seconds
[2022-12-12T05:40:22.582+0000] {processor.py:153} INFO - Started process (PID=322) to work on /home/airflow/.local/lib/python3.7/site-packages/airflow/example_dags/example_trigger_target_dag.py
[2022-12-12T05:40:22.605+0000] {processor.py:743} INFO - Processing file /home/airflow/.local/lib/python3.7/site-packages/airflow/example_dags/example_trigger_target_dag.py for tasks to queue
[2022-12-12T05:40:22.616+0000] {logging_mixin.py:137} INFO - [2022-12-12T05:40:22.616+0000] {dagbag.py:538} INFO - Filling up the DagBag from /home/airflow/.local/lib/python3.7/site-packages/airflow/example_dags/example_trigger_target_dag.py
[2022-12-12T05:40:22.672+0000] {processor.py:753} INFO - DAG(s) dict_keys(['example_trigger_target_dag']) retrieved from /home/airflow/.local/lib/python3.7/site-packages/airflow/example_dags/example_trigger_target_dag.py
[2022-12-12T05:40:22.788+0000] {logging_mixin.py:137} INFO - [2022-12-12T05:40:22.788+0000] {dag.py:2676} INFO - Sync 1 DAGs
[2022-12-12T05:40:22.873+0000] {logging_mixin.py:137} INFO - [2022-12-12T05:40:22.872+0000] {dag.py:3427} INFO - Setting next_dagrun for example_trigger_target_dag to None, run_after=None
[2022-12-12T05:40:22.949+0000] {processor.py:175} INFO - Processing /home/airflow/.local/lib/python3.7/site-packages/airflow/example_dags/example_trigger_target_dag.py took 0.387 seconds
[2022-12-12T05:40:53.806+0000] {processor.py:153} INFO - Started process (PID=385) to work on /home/airflow/.local/lib/python3.7/site-packages/airflow/example_dags/example_trigger_target_dag.py
[2022-12-12T05:40:53.817+0000] {processor.py:743} INFO - Processing file /home/airflow/.local/lib/python3.7/site-packages/airflow/example_dags/example_trigger_target_dag.py for tasks to queue
[2022-12-12T05:40:53.823+0000] {logging_mixin.py:137} INFO - [2022-12-12T05:40:53.822+0000] {dagbag.py:538} INFO - Filling up the DagBag from /home/airflow/.local/lib/python3.7/site-packages/airflow/example_dags/example_trigger_target_dag.py
[2022-12-12T05:40:53.894+0000] {processor.py:753} INFO - DAG(s) dict_keys(['example_trigger_target_dag']) retrieved from /home/airflow/.local/lib/python3.7/site-packages/airflow/example_dags/example_trigger_target_dag.py
[2022-12-12T05:40:54.081+0000] {logging_mixin.py:137} INFO - [2022-12-12T05:40:54.081+0000] {dag.py:2676} INFO - Sync 1 DAGs
[2022-12-12T05:40:54.410+0000] {logging_mixin.py:137} INFO - [2022-12-12T05:40:54.410+0000] {dag.py:3427} INFO - Setting next_dagrun for example_trigger_target_dag to None, run_after=None
[2022-12-12T05:40:54.624+0000] {processor.py:175} INFO - Processing /home/airflow/.local/lib/python3.7/site-packages/airflow/example_dags/example_trigger_target_dag.py took 0.829 seconds
[2022-12-12T05:41:25.572+0000] {processor.py:153} INFO - Started process (PID=448) to work on /home/airflow/.local/lib/python3.7/site-packages/airflow/example_dags/example_trigger_target_dag.py
[2022-12-12T05:41:25.582+0000] {processor.py:743} INFO - Processing file /home/airflow/.local/lib/python3.7/site-packages/airflow/example_dags/example_trigger_target_dag.py for tasks to queue
[2022-12-12T05:41:25.587+0000] {logging_mixin.py:137} INFO - [2022-12-12T05:41:25.586+0000] {dagbag.py:538} INFO - Filling up the DagBag from /home/airflow/.local/lib/python3.7/site-packages/airflow/example_dags/example_trigger_target_dag.py
[2022-12-12T05:41:25.661+0000] {processor.py:753} INFO - DAG(s) dict_keys(['example_trigger_target_dag']) retrieved from /home/airflow/.local/lib/python3.7/site-packages/airflow/example_dags/example_trigger_target_dag.py
[2022-12-12T05:41:25.760+0000] {logging_mixin.py:137} INFO - [2022-12-12T05:41:25.760+0000] {dag.py:2676} INFO - Sync 1 DAGs
[2022-12-12T05:41:25.848+0000] {logging_mixin.py:137} INFO - [2022-12-12T05:41:25.848+0000] {dag.py:3427} INFO - Setting next_dagrun for example_trigger_target_dag to None, run_after=None
[2022-12-12T05:41:25.951+0000] {processor.py:175} INFO - Processing /home/airflow/.local/lib/python3.7/site-packages/airflow/example_dags/example_trigger_target_dag.py took 0.389 seconds
[2022-12-12T05:41:56.827+0000] {processor.py:153} INFO - Started process (PID=510) to work on /home/airflow/.local/lib/python3.7/site-packages/airflow/example_dags/example_trigger_target_dag.py
[2022-12-12T05:41:56.848+0000] {processor.py:743} INFO - Processing file /home/airflow/.local/lib/python3.7/site-packages/airflow/example_dags/example_trigger_target_dag.py for tasks to queue
[2022-12-12T05:41:56.880+0000] {logging_mixin.py:137} INFO - [2022-12-12T05:41:56.880+0000] {dagbag.py:538} INFO - Filling up the DagBag from /home/airflow/.local/lib/python3.7/site-packages/airflow/example_dags/example_trigger_target_dag.py
[2022-12-12T05:41:56.944+0000] {processor.py:753} INFO - DAG(s) dict_keys(['example_trigger_target_dag']) retrieved from /home/airflow/.local/lib/python3.7/site-packages/airflow/example_dags/example_trigger_target_dag.py
[2022-12-12T05:41:57.076+0000] {logging_mixin.py:137} INFO - [2022-12-12T05:41:57.076+0000] {dag.py:2676} INFO - Sync 1 DAGs
[2022-12-12T05:41:57.155+0000] {logging_mixin.py:137} INFO - [2022-12-12T05:41:57.154+0000] {dag.py:3427} INFO - Setting next_dagrun for example_trigger_target_dag to None, run_after=None
[2022-12-12T05:41:57.228+0000] {processor.py:175} INFO - Processing /home/airflow/.local/lib/python3.7/site-packages/airflow/example_dags/example_trigger_target_dag.py took 0.426 seconds
[2022-12-12T05:42:27.354+0000] {processor.py:153} INFO - Started process (PID=570) to work on /home/airflow/.local/lib/python3.7/site-packages/airflow/example_dags/example_trigger_target_dag.py
[2022-12-12T05:42:27.366+0000] {processor.py:743} INFO - Processing file /home/airflow/.local/lib/python3.7/site-packages/airflow/example_dags/example_trigger_target_dag.py for tasks to queue
[2022-12-12T05:42:27.373+0000] {logging_mixin.py:137} INFO - [2022-12-12T05:42:27.371+0000] {dagbag.py:538} INFO - Filling up the DagBag from /home/airflow/.local/lib/python3.7/site-packages/airflow/example_dags/example_trigger_target_dag.py
[2022-12-12T05:42:27.433+0000] {processor.py:753} INFO - DAG(s) dict_keys(['example_trigger_target_dag']) retrieved from /home/airflow/.local/lib/python3.7/site-packages/airflow/example_dags/example_trigger_target_dag.py
[2022-12-12T05:42:27.552+0000] {logging_mixin.py:137} INFO - [2022-12-12T05:42:27.551+0000] {dag.py:2676} INFO - Sync 1 DAGs
[2022-12-12T05:42:27.651+0000] {logging_mixin.py:137} INFO - [2022-12-12T05:42:27.650+0000] {dag.py:3427} INFO - Setting next_dagrun for example_trigger_target_dag to None, run_after=None
[2022-12-12T05:42:27.740+0000] {processor.py:175} INFO - Processing /home/airflow/.local/lib/python3.7/site-packages/airflow/example_dags/example_trigger_target_dag.py took 0.398 seconds
