[2022-12-12T05:38:59.698+0000] {processor.py:153} INFO - Started process (PID=167) to work on /home/airflow/.local/lib/python3.7/site-packages/airflow/example_dags/example_sensor_decorator.py
[2022-12-12T05:38:59.702+0000] {processor.py:743} INFO - Processing file /home/airflow/.local/lib/python3.7/site-packages/airflow/example_dags/example_sensor_decorator.py for tasks to queue
[2022-12-12T05:38:59.708+0000] {logging_mixin.py:137} INFO - [2022-12-12T05:38:59.708+0000] {dagbag.py:538} INFO - Filling up the DagBag from /home/airflow/.local/lib/python3.7/site-packages/airflow/example_dags/example_sensor_decorator.py
[2022-12-12T05:39:00.352+0000] {logging_mixin.py:137} WARNING - /home/airflow/.local/lib/python3.7/site-packages/airflow/models/dag.py:3524 RemovedInAirflow3Warning: Param `schedule_interval` is deprecated and will be removed in a future release. Please use `schedule` instead.
[2022-12-12T05:39:00.436+0000] {processor.py:753} INFO - DAG(s) dict_keys(['example_sensor_decorator']) retrieved from /home/airflow/.local/lib/python3.7/site-packages/airflow/example_dags/example_sensor_decorator.py
[2022-12-12T05:39:00.710+0000] {logging_mixin.py:137} INFO - [2022-12-12T05:39:00.710+0000] {dag.py:2676} INFO - Sync 1 DAGs
[2022-12-12T05:39:01.151+0000] {logging_mixin.py:137} INFO - [2022-12-12T05:39:01.151+0000] {dag.py:3427} INFO - Setting next_dagrun for example_sensor_decorator to None, run_after=None
[2022-12-12T05:39:01.436+0000] {processor.py:175} INFO - Processing /home/airflow/.local/lib/python3.7/site-packages/airflow/example_dags/example_sensor_decorator.py took 1.779 seconds
[2022-12-12T05:39:32.090+0000] {processor.py:153} INFO - Started process (PID=236) to work on /home/airflow/.local/lib/python3.7/site-packages/airflow/example_dags/example_sensor_decorator.py
[2022-12-12T05:39:32.104+0000] {processor.py:743} INFO - Processing file /home/airflow/.local/lib/python3.7/site-packages/airflow/example_dags/example_sensor_decorator.py for tasks to queue
[2022-12-12T05:39:32.114+0000] {logging_mixin.py:137} INFO - [2022-12-12T05:39:32.112+0000] {dagbag.py:538} INFO - Filling up the DagBag from /home/airflow/.local/lib/python3.7/site-packages/airflow/example_dags/example_sensor_decorator.py
[2022-12-12T05:39:32.279+0000] {logging_mixin.py:137} WARNING - /home/airflow/.local/lib/python3.7/site-packages/airflow/models/dag.py:3524 RemovedInAirflow3Warning: Param `schedule_interval` is deprecated and will be removed in a future release. Please use `schedule` instead.
[2022-12-12T05:39:32.370+0000] {processor.py:753} INFO - DAG(s) dict_keys(['example_sensor_decorator']) retrieved from /home/airflow/.local/lib/python3.7/site-packages/airflow/example_dags/example_sensor_decorator.py
[2022-12-12T05:39:32.515+0000] {logging_mixin.py:137} INFO - [2022-12-12T05:39:32.515+0000] {dag.py:2676} INFO - Sync 1 DAGs
[2022-12-12T05:39:32.629+0000] {logging_mixin.py:137} INFO - [2022-12-12T05:39:32.629+0000] {dag.py:3427} INFO - Setting next_dagrun for example_sensor_decorator to None, run_after=None
[2022-12-12T05:39:32.751+0000] {processor.py:175} INFO - Processing /home/airflow/.local/lib/python3.7/site-packages/airflow/example_dags/example_sensor_decorator.py took 0.672 seconds
[2022-12-12T05:40:04.185+0000] {processor.py:153} INFO - Started process (PID=287) to work on /home/airflow/.local/lib/python3.7/site-packages/airflow/example_dags/example_sensor_decorator.py
[2022-12-12T05:40:04.195+0000] {processor.py:743} INFO - Processing file /home/airflow/.local/lib/python3.7/site-packages/airflow/example_dags/example_sensor_decorator.py for tasks to queue
[2022-12-12T05:40:04.218+0000] {logging_mixin.py:137} INFO - [2022-12-12T05:40:04.218+0000] {dagbag.py:538} INFO - Filling up the DagBag from /home/airflow/.local/lib/python3.7/site-packages/airflow/example_dags/example_sensor_decorator.py
[2022-12-12T05:40:04.511+0000] {logging_mixin.py:137} WARNING - /home/airflow/.local/lib/python3.7/site-packages/airflow/models/dag.py:3524 RemovedInAirflow3Warning: Param `schedule_interval` is deprecated and will be removed in a future release. Please use `schedule` instead.
[2022-12-12T05:40:04.659+0000] {processor.py:753} INFO - DAG(s) dict_keys(['example_sensor_decorator']) retrieved from /home/airflow/.local/lib/python3.7/site-packages/airflow/example_dags/example_sensor_decorator.py
[2022-12-12T05:40:05.095+0000] {logging_mixin.py:137} INFO - [2022-12-12T05:40:05.095+0000] {dag.py:2676} INFO - Sync 1 DAGs
[2022-12-12T05:40:05.840+0000] {logging_mixin.py:137} INFO - [2022-12-12T05:40:05.839+0000] {dag.py:3427} INFO - Setting next_dagrun for example_sensor_decorator to None, run_after=None
[2022-12-12T05:40:06.003+0000] {processor.py:175} INFO - Processing /home/airflow/.local/lib/python3.7/site-packages/airflow/example_dags/example_sensor_decorator.py took 1.843 seconds
[2022-12-12T05:40:36.254+0000] {processor.py:153} INFO - Started process (PID=349) to work on /home/airflow/.local/lib/python3.7/site-packages/airflow/example_dags/example_sensor_decorator.py
[2022-12-12T05:40:36.263+0000] {processor.py:743} INFO - Processing file /home/airflow/.local/lib/python3.7/site-packages/airflow/example_dags/example_sensor_decorator.py for tasks to queue
[2022-12-12T05:40:36.267+0000] {logging_mixin.py:137} INFO - [2022-12-12T05:40:36.267+0000] {dagbag.py:538} INFO - Filling up the DagBag from /home/airflow/.local/lib/python3.7/site-packages/airflow/example_dags/example_sensor_decorator.py
[2022-12-12T05:40:36.316+0000] {logging_mixin.py:137} WARNING - /home/airflow/.local/lib/python3.7/site-packages/airflow/models/dag.py:3524 RemovedInAirflow3Warning: Param `schedule_interval` is deprecated and will be removed in a future release. Please use `schedule` instead.
[2022-12-12T05:40:36.350+0000] {processor.py:753} INFO - DAG(s) dict_keys(['example_sensor_decorator']) retrieved from /home/airflow/.local/lib/python3.7/site-packages/airflow/example_dags/example_sensor_decorator.py
[2022-12-12T05:40:36.466+0000] {logging_mixin.py:137} INFO - [2022-12-12T05:40:36.465+0000] {dag.py:2676} INFO - Sync 1 DAGs
[2022-12-12T05:40:36.538+0000] {logging_mixin.py:137} INFO - [2022-12-12T05:40:36.538+0000] {dag.py:3427} INFO - Setting next_dagrun for example_sensor_decorator to None, run_after=None
[2022-12-12T05:40:36.612+0000] {processor.py:175} INFO - Processing /home/airflow/.local/lib/python3.7/site-packages/airflow/example_dags/example_sensor_decorator.py took 0.368 seconds
[2022-12-12T05:41:07.240+0000] {processor.py:153} INFO - Started process (PID=412) to work on /home/airflow/.local/lib/python3.7/site-packages/airflow/example_dags/example_sensor_decorator.py
[2022-12-12T05:41:07.297+0000] {processor.py:743} INFO - Processing file /home/airflow/.local/lib/python3.7/site-packages/airflow/example_dags/example_sensor_decorator.py for tasks to queue
[2022-12-12T05:41:07.310+0000] {logging_mixin.py:137} INFO - [2022-12-12T05:41:07.309+0000] {dagbag.py:538} INFO - Filling up the DagBag from /home/airflow/.local/lib/python3.7/site-packages/airflow/example_dags/example_sensor_decorator.py
[2022-12-12T05:41:07.609+0000] {logging_mixin.py:137} WARNING - /home/airflow/.local/lib/python3.7/site-packages/airflow/models/dag.py:3524 RemovedInAirflow3Warning: Param `schedule_interval` is deprecated and will be removed in a future release. Please use `schedule` instead.
[2022-12-12T05:41:07.648+0000] {processor.py:753} INFO - DAG(s) dict_keys(['example_sensor_decorator']) retrieved from /home/airflow/.local/lib/python3.7/site-packages/airflow/example_dags/example_sensor_decorator.py
[2022-12-12T05:41:08.238+0000] {logging_mixin.py:137} INFO - [2022-12-12T05:41:08.237+0000] {dag.py:2676} INFO - Sync 1 DAGs
[2022-12-12T05:41:08.634+0000] {logging_mixin.py:137} INFO - [2022-12-12T05:41:08.634+0000] {dag.py:3427} INFO - Setting next_dagrun for example_sensor_decorator to None, run_after=None
[2022-12-12T05:41:08.864+0000] {processor.py:175} INFO - Processing /home/airflow/.local/lib/python3.7/site-packages/airflow/example_dags/example_sensor_decorator.py took 1.702 seconds
[2022-12-12T05:41:39.487+0000] {processor.py:153} INFO - Started process (PID=474) to work on /home/airflow/.local/lib/python3.7/site-packages/airflow/example_dags/example_sensor_decorator.py
[2022-12-12T05:41:39.553+0000] {processor.py:743} INFO - Processing file /home/airflow/.local/lib/python3.7/site-packages/airflow/example_dags/example_sensor_decorator.py for tasks to queue
[2022-12-12T05:41:39.560+0000] {logging_mixin.py:137} INFO - [2022-12-12T05:41:39.560+0000] {dagbag.py:538} INFO - Filling up the DagBag from /home/airflow/.local/lib/python3.7/site-packages/airflow/example_dags/example_sensor_decorator.py
[2022-12-12T05:41:39.620+0000] {logging_mixin.py:137} WARNING - /home/airflow/.local/lib/python3.7/site-packages/airflow/models/dag.py:3524 RemovedInAirflow3Warning: Param `schedule_interval` is deprecated and will be removed in a future release. Please use `schedule` instead.
[2022-12-12T05:41:39.676+0000] {processor.py:753} INFO - DAG(s) dict_keys(['example_sensor_decorator']) retrieved from /home/airflow/.local/lib/python3.7/site-packages/airflow/example_dags/example_sensor_decorator.py
[2022-12-12T05:41:39.801+0000] {logging_mixin.py:137} INFO - [2022-12-12T05:41:39.801+0000] {dag.py:2676} INFO - Sync 1 DAGs
[2022-12-12T05:41:39.881+0000] {logging_mixin.py:137} INFO - [2022-12-12T05:41:39.881+0000] {dag.py:3427} INFO - Setting next_dagrun for example_sensor_decorator to None, run_after=None
[2022-12-12T05:41:39.932+0000] {processor.py:175} INFO - Processing /home/airflow/.local/lib/python3.7/site-packages/airflow/example_dags/example_sensor_decorator.py took 0.453 seconds
[2022-12-12T05:42:12.226+0000] {processor.py:153} INFO - Started process (PID=538) to work on /home/airflow/.local/lib/python3.7/site-packages/airflow/example_dags/example_sensor_decorator.py
[2022-12-12T05:42:12.275+0000] {processor.py:743} INFO - Processing file /home/airflow/.local/lib/python3.7/site-packages/airflow/example_dags/example_sensor_decorator.py for tasks to queue
[2022-12-12T05:42:12.312+0000] {logging_mixin.py:137} INFO - [2022-12-12T05:42:12.312+0000] {dagbag.py:538} INFO - Filling up the DagBag from /home/airflow/.local/lib/python3.7/site-packages/airflow/example_dags/example_sensor_decorator.py
[2022-12-12T05:42:13.293+0000] {logging_mixin.py:137} WARNING - /home/airflow/.local/lib/python3.7/site-packages/airflow/models/dag.py:3524 RemovedInAirflow3Warning: Param `schedule_interval` is deprecated and will be removed in a future release. Please use `schedule` instead.
[2022-12-12T05:42:13.599+0000] {processor.py:753} INFO - DAG(s) dict_keys(['example_sensor_decorator']) retrieved from /home/airflow/.local/lib/python3.7/site-packages/airflow/example_dags/example_sensor_decorator.py
[2022-12-12T05:42:14.427+0000] {logging_mixin.py:137} INFO - [2022-12-12T05:42:14.427+0000] {dag.py:2676} INFO - Sync 1 DAGs
[2022-12-12T05:42:14.612+0000] {logging_mixin.py:137} INFO - [2022-12-12T05:42:14.612+0000] {dag.py:3427} INFO - Setting next_dagrun for example_sensor_decorator to None, run_after=None
[2022-12-12T05:42:14.727+0000] {processor.py:175} INFO - Processing /home/airflow/.local/lib/python3.7/site-packages/airflow/example_dags/example_sensor_decorator.py took 2.526 seconds
