[2022-12-12T05:38:29.104+0000] {processor.py:153} INFO - Started process (PID=143) to work on /home/airflow/.local/lib/python3.7/site-packages/airflow/example_dags/example_complex.py
[2022-12-12T05:38:29.110+0000] {processor.py:743} INFO - Processing file /home/airflow/.local/lib/python3.7/site-packages/airflow/example_dags/example_complex.py for tasks to queue
[2022-12-12T05:38:29.190+0000] {logging_mixin.py:137} INFO - [2022-12-12T05:38:29.163+0000] {dagbag.py:538} INFO - Filling up the DagBag from /home/airflow/.local/lib/python3.7/site-packages/airflow/example_dags/example_complex.py
[2022-12-12T05:38:29.499+0000] {logging_mixin.py:137} INFO - [2022-12-12T05:38:29.498+0000] {taskmixin.py:205} WARNING - Dependency <Task(BashOperator): create_entry_group>, delete_entry_group already registered for DAG: example_complex
[2022-12-12T05:38:29.578+0000] {logging_mixin.py:137} INFO - [2022-12-12T05:38:29.577+0000] {taskmixin.py:205} WARNING - Dependency <Task(BashOperator): delete_entry_group>, create_entry_group already registered for DAG: example_complex
[2022-12-12T05:38:29.843+0000] {logging_mixin.py:137} INFO - [2022-12-12T05:38:29.826+0000] {taskmixin.py:205} WARNING - Dependency <Task(BashOperator): create_entry_gcs>, delete_entry already registered for DAG: example_complex
[2022-12-12T05:38:29.846+0000] {logging_mixin.py:137} INFO - [2022-12-12T05:38:29.846+0000] {taskmixin.py:205} WARNING - Dependency <Task(BashOperator): delete_entry>, create_entry_gcs already registered for DAG: example_complex
[2022-12-12T05:38:29.849+0000] {logging_mixin.py:137} INFO - [2022-12-12T05:38:29.849+0000] {taskmixin.py:205} WARNING - Dependency <Task(BashOperator): create_tag>, delete_tag already registered for DAG: example_complex
[2022-12-12T05:38:29.913+0000] {logging_mixin.py:137} INFO - [2022-12-12T05:38:29.891+0000] {taskmixin.py:205} WARNING - Dependency <Task(BashOperator): delete_tag>, create_tag already registered for DAG: example_complex
[2022-12-12T05:38:31.635+0000] {processor.py:753} INFO - DAG(s) dict_keys(['example_complex']) retrieved from /home/airflow/.local/lib/python3.7/site-packages/airflow/example_dags/example_complex.py
[2022-12-12T05:38:35.643+0000] {logging_mixin.py:137} INFO - [2022-12-12T05:38:35.643+0000] {dag.py:2676} INFO - Sync 1 DAGs
[2022-12-12T05:38:37.420+0000] {logging_mixin.py:137} INFO - [2022-12-12T05:38:37.420+0000] {dag.py:3427} INFO - Setting next_dagrun for example_complex to None, run_after=None
[2022-12-12T05:38:38.585+0000] {processor.py:175} INFO - Processing /home/airflow/.local/lib/python3.7/site-packages/airflow/example_dags/example_complex.py took 9.502 seconds
[2022-12-12T05:39:19.726+0000] {processor.py:153} INFO - Started process (PID=213) to work on /home/airflow/.local/lib/python3.7/site-packages/airflow/example_dags/example_complex.py
[2022-12-12T05:39:19.730+0000] {processor.py:743} INFO - Processing file /home/airflow/.local/lib/python3.7/site-packages/airflow/example_dags/example_complex.py for tasks to queue
[2022-12-12T05:39:19.734+0000] {logging_mixin.py:137} INFO - [2022-12-12T05:39:19.734+0000] {dagbag.py:538} INFO - Filling up the DagBag from /home/airflow/.local/lib/python3.7/site-packages/airflow/example_dags/example_complex.py
[2022-12-12T05:39:19.771+0000] {logging_mixin.py:137} INFO - [2022-12-12T05:39:19.771+0000] {taskmixin.py:205} WARNING - Dependency <Task(BashOperator): create_entry_group>, delete_entry_group already registered for DAG: example_complex
[2022-12-12T05:39:19.774+0000] {logging_mixin.py:137} INFO - [2022-12-12T05:39:19.773+0000] {taskmixin.py:205} WARNING - Dependency <Task(BashOperator): delete_entry_group>, create_entry_group already registered for DAG: example_complex
[2022-12-12T05:39:19.781+0000] {logging_mixin.py:137} INFO - [2022-12-12T05:39:19.780+0000] {taskmixin.py:205} WARNING - Dependency <Task(BashOperator): create_entry_gcs>, delete_entry already registered for DAG: example_complex
[2022-12-12T05:39:19.784+0000] {logging_mixin.py:137} INFO - [2022-12-12T05:39:19.782+0000] {taskmixin.py:205} WARNING - Dependency <Task(BashOperator): delete_entry>, create_entry_gcs already registered for DAG: example_complex
[2022-12-12T05:39:19.790+0000] {logging_mixin.py:137} INFO - [2022-12-12T05:39:19.790+0000] {taskmixin.py:205} WARNING - Dependency <Task(BashOperator): create_tag>, delete_tag already registered for DAG: example_complex
[2022-12-12T05:39:19.794+0000] {logging_mixin.py:137} INFO - [2022-12-12T05:39:19.794+0000] {taskmixin.py:205} WARNING - Dependency <Task(BashOperator): delete_tag>, create_tag already registered for DAG: example_complex
[2022-12-12T05:39:19.822+0000] {processor.py:753} INFO - DAG(s) dict_keys(['example_complex']) retrieved from /home/airflow/.local/lib/python3.7/site-packages/airflow/example_dags/example_complex.py
[2022-12-12T05:39:19.953+0000] {logging_mixin.py:137} INFO - [2022-12-12T05:39:19.953+0000] {dag.py:2676} INFO - Sync 1 DAGs
[2022-12-12T05:39:20.071+0000] {logging_mixin.py:137} INFO - [2022-12-12T05:39:20.069+0000] {dag.py:3427} INFO - Setting next_dagrun for example_complex to None, run_after=None
[2022-12-12T05:39:20.176+0000] {processor.py:175} INFO - Processing /home/airflow/.local/lib/python3.7/site-packages/airflow/example_dags/example_complex.py took 0.461 seconds
[2022-12-12T05:39:52.821+0000] {processor.py:153} INFO - Started process (PID=276) to work on /home/airflow/.local/lib/python3.7/site-packages/airflow/example_dags/example_complex.py
[2022-12-12T05:39:52.826+0000] {processor.py:743} INFO - Processing file /home/airflow/.local/lib/python3.7/site-packages/airflow/example_dags/example_complex.py for tasks to queue
[2022-12-12T05:39:52.834+0000] {logging_mixin.py:137} INFO - [2022-12-12T05:39:52.834+0000] {dagbag.py:538} INFO - Filling up the DagBag from /home/airflow/.local/lib/python3.7/site-packages/airflow/example_dags/example_complex.py
[2022-12-12T05:39:52.892+0000] {logging_mixin.py:137} INFO - [2022-12-12T05:39:52.892+0000] {taskmixin.py:205} WARNING - Dependency <Task(BashOperator): create_entry_group>, delete_entry_group already registered for DAG: example_complex
[2022-12-12T05:39:52.896+0000] {logging_mixin.py:137} INFO - [2022-12-12T05:39:52.895+0000] {taskmixin.py:205} WARNING - Dependency <Task(BashOperator): delete_entry_group>, create_entry_group already registered for DAG: example_complex
[2022-12-12T05:39:52.909+0000] {logging_mixin.py:137} INFO - [2022-12-12T05:39:52.909+0000] {taskmixin.py:205} WARNING - Dependency <Task(BashOperator): create_entry_gcs>, delete_entry already registered for DAG: example_complex
[2022-12-12T05:39:52.915+0000] {logging_mixin.py:137} INFO - [2022-12-12T05:39:52.915+0000] {taskmixin.py:205} WARNING - Dependency <Task(BashOperator): delete_entry>, create_entry_gcs already registered for DAG: example_complex
[2022-12-12T05:39:52.921+0000] {logging_mixin.py:137} INFO - [2022-12-12T05:39:52.920+0000] {taskmixin.py:205} WARNING - Dependency <Task(BashOperator): create_tag>, delete_tag already registered for DAG: example_complex
[2022-12-12T05:39:52.923+0000] {logging_mixin.py:137} INFO - [2022-12-12T05:39:52.923+0000] {taskmixin.py:205} WARNING - Dependency <Task(BashOperator): delete_tag>, create_tag already registered for DAG: example_complex
[2022-12-12T05:39:52.946+0000] {processor.py:753} INFO - DAG(s) dict_keys(['example_complex']) retrieved from /home/airflow/.local/lib/python3.7/site-packages/airflow/example_dags/example_complex.py
[2022-12-12T05:39:53.196+0000] {logging_mixin.py:137} INFO - [2022-12-12T05:39:53.196+0000] {dag.py:2676} INFO - Sync 1 DAGs
[2022-12-12T05:39:53.394+0000] {logging_mixin.py:137} INFO - [2022-12-12T05:39:53.393+0000] {dag.py:3427} INFO - Setting next_dagrun for example_complex to None, run_after=None
[2022-12-12T05:39:53.524+0000] {processor.py:175} INFO - Processing /home/airflow/.local/lib/python3.7/site-packages/airflow/example_dags/example_complex.py took 0.717 seconds
[2022-12-12T05:40:24.163+0000] {processor.py:153} INFO - Started process (PID=333) to work on /home/airflow/.local/lib/python3.7/site-packages/airflow/example_dags/example_complex.py
[2022-12-12T05:40:24.182+0000] {processor.py:743} INFO - Processing file /home/airflow/.local/lib/python3.7/site-packages/airflow/example_dags/example_complex.py for tasks to queue
[2022-12-12T05:40:24.187+0000] {logging_mixin.py:137} INFO - [2022-12-12T05:40:24.186+0000] {dagbag.py:538} INFO - Filling up the DagBag from /home/airflow/.local/lib/python3.7/site-packages/airflow/example_dags/example_complex.py
[2022-12-12T05:40:24.244+0000] {logging_mixin.py:137} INFO - [2022-12-12T05:40:24.239+0000] {taskmixin.py:205} WARNING - Dependency <Task(BashOperator): create_entry_group>, delete_entry_group already registered for DAG: example_complex
[2022-12-12T05:40:24.253+0000] {logging_mixin.py:137} INFO - [2022-12-12T05:40:24.252+0000] {taskmixin.py:205} WARNING - Dependency <Task(BashOperator): delete_entry_group>, create_entry_group already registered for DAG: example_complex
[2022-12-12T05:40:24.257+0000] {logging_mixin.py:137} INFO - [2022-12-12T05:40:24.257+0000] {taskmixin.py:205} WARNING - Dependency <Task(BashOperator): create_entry_gcs>, delete_entry already registered for DAG: example_complex
[2022-12-12T05:40:24.286+0000] {logging_mixin.py:137} INFO - [2022-12-12T05:40:24.285+0000] {taskmixin.py:205} WARNING - Dependency <Task(BashOperator): delete_entry>, create_entry_gcs already registered for DAG: example_complex
[2022-12-12T05:40:24.289+0000] {logging_mixin.py:137} INFO - [2022-12-12T05:40:24.288+0000] {taskmixin.py:205} WARNING - Dependency <Task(BashOperator): create_tag>, delete_tag already registered for DAG: example_complex
[2022-12-12T05:40:24.292+0000] {logging_mixin.py:137} INFO - [2022-12-12T05:40:24.291+0000] {taskmixin.py:205} WARNING - Dependency <Task(BashOperator): delete_tag>, create_tag already registered for DAG: example_complex
[2022-12-12T05:40:24.332+0000] {processor.py:753} INFO - DAG(s) dict_keys(['example_complex']) retrieved from /home/airflow/.local/lib/python3.7/site-packages/airflow/example_dags/example_complex.py
[2022-12-12T05:40:24.501+0000] {logging_mixin.py:137} INFO - [2022-12-12T05:40:24.500+0000] {dag.py:2676} INFO - Sync 1 DAGs
[2022-12-12T05:40:24.610+0000] {logging_mixin.py:137} INFO - [2022-12-12T05:40:24.610+0000] {dag.py:3427} INFO - Setting next_dagrun for example_complex to None, run_after=None
[2022-12-12T05:40:24.675+0000] {processor.py:175} INFO - Processing /home/airflow/.local/lib/python3.7/site-packages/airflow/example_dags/example_complex.py took 0.522 seconds
[2022-12-12T05:40:55.402+0000] {processor.py:153} INFO - Started process (PID=389) to work on /home/airflow/.local/lib/python3.7/site-packages/airflow/example_dags/example_complex.py
[2022-12-12T05:40:55.408+0000] {processor.py:743} INFO - Processing file /home/airflow/.local/lib/python3.7/site-packages/airflow/example_dags/example_complex.py for tasks to queue
[2022-12-12T05:40:55.412+0000] {logging_mixin.py:137} INFO - [2022-12-12T05:40:55.411+0000] {dagbag.py:538} INFO - Filling up the DagBag from /home/airflow/.local/lib/python3.7/site-packages/airflow/example_dags/example_complex.py
[2022-12-12T05:40:55.453+0000] {logging_mixin.py:137} INFO - [2022-12-12T05:40:55.452+0000] {taskmixin.py:205} WARNING - Dependency <Task(BashOperator): create_entry_group>, delete_entry_group already registered for DAG: example_complex
[2022-12-12T05:40:55.456+0000] {logging_mixin.py:137} INFO - [2022-12-12T05:40:55.456+0000] {taskmixin.py:205} WARNING - Dependency <Task(BashOperator): delete_entry_group>, create_entry_group already registered for DAG: example_complex
[2022-12-12T05:40:55.460+0000] {logging_mixin.py:137} INFO - [2022-12-12T05:40:55.460+0000] {taskmixin.py:205} WARNING - Dependency <Task(BashOperator): create_entry_gcs>, delete_entry already registered for DAG: example_complex
[2022-12-12T05:40:55.462+0000] {logging_mixin.py:137} INFO - [2022-12-12T05:40:55.462+0000] {taskmixin.py:205} WARNING - Dependency <Task(BashOperator): delete_entry>, create_entry_gcs already registered for DAG: example_complex
[2022-12-12T05:40:55.467+0000] {logging_mixin.py:137} INFO - [2022-12-12T05:40:55.467+0000] {taskmixin.py:205} WARNING - Dependency <Task(BashOperator): create_tag>, delete_tag already registered for DAG: example_complex
[2022-12-12T05:40:55.484+0000] {logging_mixin.py:137} INFO - [2022-12-12T05:40:55.483+0000] {taskmixin.py:205} WARNING - Dependency <Task(BashOperator): delete_tag>, create_tag already registered for DAG: example_complex
[2022-12-12T05:40:55.504+0000] {processor.py:753} INFO - DAG(s) dict_keys(['example_complex']) retrieved from /home/airflow/.local/lib/python3.7/site-packages/airflow/example_dags/example_complex.py
[2022-12-12T05:40:55.673+0000] {logging_mixin.py:137} INFO - [2022-12-12T05:40:55.673+0000] {dag.py:2676} INFO - Sync 1 DAGs
[2022-12-12T05:40:55.823+0000] {logging_mixin.py:137} INFO - [2022-12-12T05:40:55.823+0000] {dag.py:3427} INFO - Setting next_dagrun for example_complex to None, run_after=None
[2022-12-12T05:40:55.976+0000] {processor.py:175} INFO - Processing /home/airflow/.local/lib/python3.7/site-packages/airflow/example_dags/example_complex.py took 0.595 seconds
[2022-12-12T05:41:27.021+0000] {processor.py:153} INFO - Started process (PID=452) to work on /home/airflow/.local/lib/python3.7/site-packages/airflow/example_dags/example_complex.py
[2022-12-12T05:41:27.033+0000] {processor.py:743} INFO - Processing file /home/airflow/.local/lib/python3.7/site-packages/airflow/example_dags/example_complex.py for tasks to queue
[2022-12-12T05:41:27.060+0000] {logging_mixin.py:137} INFO - [2022-12-12T05:41:27.060+0000] {dagbag.py:538} INFO - Filling up the DagBag from /home/airflow/.local/lib/python3.7/site-packages/airflow/example_dags/example_complex.py
[2022-12-12T05:41:27.134+0000] {logging_mixin.py:137} INFO - [2022-12-12T05:41:27.134+0000] {taskmixin.py:205} WARNING - Dependency <Task(BashOperator): create_entry_group>, delete_entry_group already registered for DAG: example_complex
[2022-12-12T05:41:27.149+0000] {logging_mixin.py:137} INFO - [2022-12-12T05:41:27.149+0000] {taskmixin.py:205} WARNING - Dependency <Task(BashOperator): delete_entry_group>, create_entry_group already registered for DAG: example_complex
[2022-12-12T05:41:27.154+0000] {logging_mixin.py:137} INFO - [2022-12-12T05:41:27.154+0000] {taskmixin.py:205} WARNING - Dependency <Task(BashOperator): create_entry_gcs>, delete_entry already registered for DAG: example_complex
[2022-12-12T05:41:27.156+0000] {logging_mixin.py:137} INFO - [2022-12-12T05:41:27.156+0000] {taskmixin.py:205} WARNING - Dependency <Task(BashOperator): delete_entry>, create_entry_gcs already registered for DAG: example_complex
[2022-12-12T05:41:27.158+0000] {logging_mixin.py:137} INFO - [2022-12-12T05:41:27.158+0000] {taskmixin.py:205} WARNING - Dependency <Task(BashOperator): create_tag>, delete_tag already registered for DAG: example_complex
[2022-12-12T05:41:27.167+0000] {logging_mixin.py:137} INFO - [2022-12-12T05:41:27.166+0000] {taskmixin.py:205} WARNING - Dependency <Task(BashOperator): delete_tag>, create_tag already registered for DAG: example_complex
[2022-12-12T05:41:27.236+0000] {processor.py:753} INFO - DAG(s) dict_keys(['example_complex']) retrieved from /home/airflow/.local/lib/python3.7/site-packages/airflow/example_dags/example_complex.py
[2022-12-12T05:41:27.436+0000] {logging_mixin.py:137} INFO - [2022-12-12T05:41:27.435+0000] {dag.py:2676} INFO - Sync 1 DAGs
[2022-12-12T05:41:27.568+0000] {logging_mixin.py:137} INFO - [2022-12-12T05:41:27.568+0000] {dag.py:3427} INFO - Setting next_dagrun for example_complex to None, run_after=None
[2022-12-12T05:41:27.655+0000] {processor.py:175} INFO - Processing /home/airflow/.local/lib/python3.7/site-packages/airflow/example_dags/example_complex.py took 0.645 seconds
[2022-12-12T05:41:58.314+0000] {processor.py:153} INFO - Started process (PID=514) to work on /home/airflow/.local/lib/python3.7/site-packages/airflow/example_dags/example_complex.py
[2022-12-12T05:41:58.318+0000] {processor.py:743} INFO - Processing file /home/airflow/.local/lib/python3.7/site-packages/airflow/example_dags/example_complex.py for tasks to queue
[2022-12-12T05:41:58.325+0000] {logging_mixin.py:137} INFO - [2022-12-12T05:41:58.325+0000] {dagbag.py:538} INFO - Filling up the DagBag from /home/airflow/.local/lib/python3.7/site-packages/airflow/example_dags/example_complex.py
[2022-12-12T05:41:58.385+0000] {logging_mixin.py:137} INFO - [2022-12-12T05:41:58.384+0000] {taskmixin.py:205} WARNING - Dependency <Task(BashOperator): create_entry_group>, delete_entry_group already registered for DAG: example_complex
[2022-12-12T05:41:58.396+0000] {logging_mixin.py:137} INFO - [2022-12-12T05:41:58.395+0000] {taskmixin.py:205} WARNING - Dependency <Task(BashOperator): delete_entry_group>, create_entry_group already registered for DAG: example_complex
[2022-12-12T05:41:58.399+0000] {logging_mixin.py:137} INFO - [2022-12-12T05:41:58.399+0000] {taskmixin.py:205} WARNING - Dependency <Task(BashOperator): create_entry_gcs>, delete_entry already registered for DAG: example_complex
[2022-12-12T05:41:58.403+0000] {logging_mixin.py:137} INFO - [2022-12-12T05:41:58.402+0000] {taskmixin.py:205} WARNING - Dependency <Task(BashOperator): delete_entry>, create_entry_gcs already registered for DAG: example_complex
[2022-12-12T05:41:58.408+0000] {logging_mixin.py:137} INFO - [2022-12-12T05:41:58.408+0000] {taskmixin.py:205} WARNING - Dependency <Task(BashOperator): create_tag>, delete_tag already registered for DAG: example_complex
[2022-12-12T05:41:58.416+0000] {logging_mixin.py:137} INFO - [2022-12-12T05:41:58.415+0000] {taskmixin.py:205} WARNING - Dependency <Task(BashOperator): delete_tag>, create_tag already registered for DAG: example_complex
[2022-12-12T05:41:58.439+0000] {processor.py:753} INFO - DAG(s) dict_keys(['example_complex']) retrieved from /home/airflow/.local/lib/python3.7/site-packages/airflow/example_dags/example_complex.py
[2022-12-12T05:41:58.604+0000] {logging_mixin.py:137} INFO - [2022-12-12T05:41:58.603+0000] {dag.py:2676} INFO - Sync 1 DAGs
[2022-12-12T05:41:58.720+0000] {logging_mixin.py:137} INFO - [2022-12-12T05:41:58.720+0000] {dag.py:3427} INFO - Setting next_dagrun for example_complex to None, run_after=None
[2022-12-12T05:41:58.791+0000] {processor.py:175} INFO - Processing /home/airflow/.local/lib/python3.7/site-packages/airflow/example_dags/example_complex.py took 0.498 seconds
[2022-12-12T05:42:29.533+0000] {processor.py:153} INFO - Started process (PID=577) to work on /home/airflow/.local/lib/python3.7/site-packages/airflow/example_dags/example_complex.py
[2022-12-12T05:42:29.537+0000] {processor.py:743} INFO - Processing file /home/airflow/.local/lib/python3.7/site-packages/airflow/example_dags/example_complex.py for tasks to queue
[2022-12-12T05:42:29.541+0000] {logging_mixin.py:137} INFO - [2022-12-12T05:42:29.541+0000] {dagbag.py:538} INFO - Filling up the DagBag from /home/airflow/.local/lib/python3.7/site-packages/airflow/example_dags/example_complex.py
[2022-12-12T05:42:29.601+0000] {logging_mixin.py:137} INFO - [2022-12-12T05:42:29.601+0000] {taskmixin.py:205} WARNING - Dependency <Task(BashOperator): create_entry_group>, delete_entry_group already registered for DAG: example_complex
[2022-12-12T05:42:29.611+0000] {logging_mixin.py:137} INFO - [2022-12-12T05:42:29.610+0000] {taskmixin.py:205} WARNING - Dependency <Task(BashOperator): delete_entry_group>, create_entry_group already registered for DAG: example_complex
[2022-12-12T05:42:29.620+0000] {logging_mixin.py:137} INFO - [2022-12-12T05:42:29.620+0000] {taskmixin.py:205} WARNING - Dependency <Task(BashOperator): create_entry_gcs>, delete_entry already registered for DAG: example_complex
[2022-12-12T05:42:29.626+0000] {logging_mixin.py:137} INFO - [2022-12-12T05:42:29.624+0000] {taskmixin.py:205} WARNING - Dependency <Task(BashOperator): delete_entry>, create_entry_gcs already registered for DAG: example_complex
[2022-12-12T05:42:29.629+0000] {logging_mixin.py:137} INFO - [2022-12-12T05:42:29.629+0000] {taskmixin.py:205} WARNING - Dependency <Task(BashOperator): create_tag>, delete_tag already registered for DAG: example_complex
[2022-12-12T05:42:29.633+0000] {logging_mixin.py:137} INFO - [2022-12-12T05:42:29.633+0000] {taskmixin.py:205} WARNING - Dependency <Task(BashOperator): delete_tag>, create_tag already registered for DAG: example_complex
[2022-12-12T05:42:29.665+0000] {processor.py:753} INFO - DAG(s) dict_keys(['example_complex']) retrieved from /home/airflow/.local/lib/python3.7/site-packages/airflow/example_dags/example_complex.py
[2022-12-12T05:42:29.934+0000] {logging_mixin.py:137} INFO - [2022-12-12T05:42:29.933+0000] {dag.py:2676} INFO - Sync 1 DAGs
[2022-12-12T05:42:30.136+0000] {logging_mixin.py:137} INFO - [2022-12-12T05:42:30.136+0000] {dag.py:3427} INFO - Setting next_dagrun for example_complex to None, run_after=None
[2022-12-12T05:42:30.242+0000] {processor.py:175} INFO - Processing /home/airflow/.local/lib/python3.7/site-packages/airflow/example_dags/example_complex.py took 0.718 seconds
