[2022-12-12T05:37:42.376+0000] {processor.py:153} INFO - Started process (PID=96) to work on /home/airflow/.local/lib/python3.7/site-packages/airflow/example_dags/example_xcomargs.py
[2022-12-12T05:37:42.387+0000] {processor.py:743} INFO - Processing file /home/airflow/.local/lib/python3.7/site-packages/airflow/example_dags/example_xcomargs.py for tasks to queue
[2022-12-12T05:37:42.392+0000] {logging_mixin.py:137} INFO - [2022-12-12T05:37:42.391+0000] {dagbag.py:538} INFO - Filling up the DagBag from /home/airflow/.local/lib/python3.7/site-packages/airflow/example_dags/example_xcomargs.py
[2022-12-12T05:37:43.011+0000] {processor.py:753} INFO - DAG(s) dict_keys(['example_xcom_args_with_operators', 'example_xcom_args']) retrieved from /home/airflow/.local/lib/python3.7/site-packages/airflow/example_dags/example_xcomargs.py
[2022-12-12T05:37:44.163+0000] {logging_mixin.py:137} INFO - [2022-12-12T05:37:44.163+0000] {dag.py:2676} INFO - Sync 2 DAGs
[2022-12-12T05:37:44.502+0000] {logging_mixin.py:137} INFO - [2022-12-12T05:37:44.502+0000] {dag.py:3427} INFO - Setting next_dagrun for example_xcom_args to None, run_after=None
[2022-12-12T05:37:44.569+0000] {logging_mixin.py:137} INFO - [2022-12-12T05:37:44.569+0000] {dag.py:3427} INFO - Setting next_dagrun for example_xcom_args_with_operators to None, run_after=None
[2022-12-12T05:37:44.842+0000] {processor.py:175} INFO - Processing /home/airflow/.local/lib/python3.7/site-packages/airflow/example_dags/example_xcomargs.py took 2.604 seconds
[2022-12-12T05:39:06.124+0000] {processor.py:153} INFO - Started process (PID=179) to work on /home/airflow/.local/lib/python3.7/site-packages/airflow/example_dags/example_xcomargs.py
[2022-12-12T05:39:06.130+0000] {processor.py:743} INFO - Processing file /home/airflow/.local/lib/python3.7/site-packages/airflow/example_dags/example_xcomargs.py for tasks to queue
[2022-12-12T05:39:06.154+0000] {logging_mixin.py:137} INFO - [2022-12-12T05:39:06.153+0000] {dagbag.py:538} INFO - Filling up the DagBag from /home/airflow/.local/lib/python3.7/site-packages/airflow/example_dags/example_xcomargs.py
[2022-12-12T05:39:06.624+0000] {processor.py:753} INFO - DAG(s) dict_keys(['example_xcom_args', 'example_xcom_args_with_operators']) retrieved from /home/airflow/.local/lib/python3.7/site-packages/airflow/example_dags/example_xcomargs.py
[2022-12-12T05:39:07.359+0000] {logging_mixin.py:137} INFO - [2022-12-12T05:39:07.358+0000] {dag.py:2676} INFO - Sync 2 DAGs
[2022-12-12T05:39:07.951+0000] {logging_mixin.py:137} INFO - [2022-12-12T05:39:07.951+0000] {dag.py:3427} INFO - Setting next_dagrun for example_xcom_args to None, run_after=None
[2022-12-12T05:39:07.979+0000] {logging_mixin.py:137} INFO - [2022-12-12T05:39:07.979+0000] {dag.py:3427} INFO - Setting next_dagrun for example_xcom_args_with_operators to None, run_after=None
[2022-12-12T05:39:08.419+0000] {processor.py:175} INFO - Processing /home/airflow/.local/lib/python3.7/site-packages/airflow/example_dags/example_xcomargs.py took 2.385 seconds
[2022-12-12T05:39:38.896+0000] {processor.py:153} INFO - Started process (PID=245) to work on /home/airflow/.local/lib/python3.7/site-packages/airflow/example_dags/example_xcomargs.py
[2022-12-12T05:39:38.900+0000] {processor.py:743} INFO - Processing file /home/airflow/.local/lib/python3.7/site-packages/airflow/example_dags/example_xcomargs.py for tasks to queue
[2022-12-12T05:39:38.904+0000] {logging_mixin.py:137} INFO - [2022-12-12T05:39:38.904+0000] {dagbag.py:538} INFO - Filling up the DagBag from /home/airflow/.local/lib/python3.7/site-packages/airflow/example_dags/example_xcomargs.py
[2022-12-12T05:39:39.005+0000] {processor.py:753} INFO - DAG(s) dict_keys(['example_xcom_args', 'example_xcom_args_with_operators']) retrieved from /home/airflow/.local/lib/python3.7/site-packages/airflow/example_dags/example_xcomargs.py
[2022-12-12T05:39:39.261+0000] {logging_mixin.py:137} INFO - [2022-12-12T05:39:39.261+0000] {dag.py:2676} INFO - Sync 2 DAGs
[2022-12-12T05:39:39.422+0000] {logging_mixin.py:137} INFO - [2022-12-12T05:39:39.421+0000] {dag.py:3427} INFO - Setting next_dagrun for example_xcom_args to None, run_after=None
[2022-12-12T05:39:39.436+0000] {logging_mixin.py:137} INFO - [2022-12-12T05:39:39.436+0000] {dag.py:3427} INFO - Setting next_dagrun for example_xcom_args_with_operators to None, run_after=None
[2022-12-12T05:39:39.485+0000] {processor.py:175} INFO - Processing /home/airflow/.local/lib/python3.7/site-packages/airflow/example_dags/example_xcomargs.py took 0.597 seconds
[2022-12-12T05:40:09.998+0000] {processor.py:153} INFO - Started process (PID=304) to work on /home/airflow/.local/lib/python3.7/site-packages/airflow/example_dags/example_xcomargs.py
[2022-12-12T05:40:10.050+0000] {processor.py:743} INFO - Processing file /home/airflow/.local/lib/python3.7/site-packages/airflow/example_dags/example_xcomargs.py for tasks to queue
[2022-12-12T05:40:10.065+0000] {logging_mixin.py:137} INFO - [2022-12-12T05:40:10.064+0000] {dagbag.py:538} INFO - Filling up the DagBag from /home/airflow/.local/lib/python3.7/site-packages/airflow/example_dags/example_xcomargs.py
[2022-12-12T05:40:10.205+0000] {processor.py:753} INFO - DAG(s) dict_keys(['example_xcom_args_with_operators', 'example_xcom_args']) retrieved from /home/airflow/.local/lib/python3.7/site-packages/airflow/example_dags/example_xcomargs.py
[2022-12-12T05:40:10.376+0000] {logging_mixin.py:137} INFO - [2022-12-12T05:40:10.372+0000] {dag.py:2676} INFO - Sync 2 DAGs
[2022-12-12T05:40:10.497+0000] {logging_mixin.py:137} INFO - [2022-12-12T05:40:10.497+0000] {dag.py:3427} INFO - Setting next_dagrun for example_xcom_args to None, run_after=None
[2022-12-12T05:40:10.528+0000] {logging_mixin.py:137} INFO - [2022-12-12T05:40:10.527+0000] {dag.py:3427} INFO - Setting next_dagrun for example_xcom_args_with_operators to None, run_after=None
[2022-12-12T05:40:10.615+0000] {processor.py:175} INFO - Processing /home/airflow/.local/lib/python3.7/site-packages/airflow/example_dags/example_xcomargs.py took 0.648 seconds
[2022-12-12T05:40:41.492+0000] {processor.py:153} INFO - Started process (PID=364) to work on /home/airflow/.local/lib/python3.7/site-packages/airflow/example_dags/example_xcomargs.py
[2022-12-12T05:40:41.505+0000] {processor.py:743} INFO - Processing file /home/airflow/.local/lib/python3.7/site-packages/airflow/example_dags/example_xcomargs.py for tasks to queue
[2022-12-12T05:40:41.525+0000] {logging_mixin.py:137} INFO - [2022-12-12T05:40:41.525+0000] {dagbag.py:538} INFO - Filling up the DagBag from /home/airflow/.local/lib/python3.7/site-packages/airflow/example_dags/example_xcomargs.py
[2022-12-12T05:40:41.696+0000] {processor.py:753} INFO - DAG(s) dict_keys(['example_xcom_args_with_operators', 'example_xcom_args']) retrieved from /home/airflow/.local/lib/python3.7/site-packages/airflow/example_dags/example_xcomargs.py
[2022-12-12T05:40:42.022+0000] {logging_mixin.py:137} INFO - [2022-12-12T05:40:42.021+0000] {dag.py:2676} INFO - Sync 2 DAGs
[2022-12-12T05:40:42.204+0000] {logging_mixin.py:137} INFO - [2022-12-12T05:40:42.191+0000] {dag.py:3427} INFO - Setting next_dagrun for example_xcom_args to None, run_after=None
[2022-12-12T05:40:42.235+0000] {logging_mixin.py:137} INFO - [2022-12-12T05:40:42.235+0000] {dag.py:3427} INFO - Setting next_dagrun for example_xcom_args_with_operators to None, run_after=None
[2022-12-12T05:40:42.332+0000] {processor.py:175} INFO - Processing /home/airflow/.local/lib/python3.7/site-packages/airflow/example_dags/example_xcomargs.py took 0.895 seconds
[2022-12-12T05:41:13.049+0000] {processor.py:153} INFO - Started process (PID=421) to work on /home/airflow/.local/lib/python3.7/site-packages/airflow/example_dags/example_xcomargs.py
[2022-12-12T05:41:13.082+0000] {processor.py:743} INFO - Processing file /home/airflow/.local/lib/python3.7/site-packages/airflow/example_dags/example_xcomargs.py for tasks to queue
[2022-12-12T05:41:13.101+0000] {logging_mixin.py:137} INFO - [2022-12-12T05:41:13.100+0000] {dagbag.py:538} INFO - Filling up the DagBag from /home/airflow/.local/lib/python3.7/site-packages/airflow/example_dags/example_xcomargs.py
[2022-12-12T05:41:13.228+0000] {processor.py:753} INFO - DAG(s) dict_keys(['example_xcom_args', 'example_xcom_args_with_operators']) retrieved from /home/airflow/.local/lib/python3.7/site-packages/airflow/example_dags/example_xcomargs.py
[2022-12-12T05:41:13.429+0000] {logging_mixin.py:137} INFO - [2022-12-12T05:41:13.429+0000] {dag.py:2676} INFO - Sync 2 DAGs
[2022-12-12T05:41:13.561+0000] {logging_mixin.py:137} INFO - [2022-12-12T05:41:13.561+0000] {dag.py:3427} INFO - Setting next_dagrun for example_xcom_args to None, run_after=None
[2022-12-12T05:41:13.575+0000] {logging_mixin.py:137} INFO - [2022-12-12T05:41:13.575+0000] {dag.py:3427} INFO - Setting next_dagrun for example_xcom_args_with_operators to None, run_after=None
[2022-12-12T05:41:13.640+0000] {processor.py:175} INFO - Processing /home/airflow/.local/lib/python3.7/site-packages/airflow/example_dags/example_xcomargs.py took 0.663 seconds
[2022-12-12T05:41:44.400+0000] {processor.py:153} INFO - Started process (PID=483) to work on /home/airflow/.local/lib/python3.7/site-packages/airflow/example_dags/example_xcomargs.py
[2022-12-12T05:41:44.404+0000] {processor.py:743} INFO - Processing file /home/airflow/.local/lib/python3.7/site-packages/airflow/example_dags/example_xcomargs.py for tasks to queue
[2022-12-12T05:41:44.415+0000] {logging_mixin.py:137} INFO - [2022-12-12T05:41:44.414+0000] {dagbag.py:538} INFO - Filling up the DagBag from /home/airflow/.local/lib/python3.7/site-packages/airflow/example_dags/example_xcomargs.py
[2022-12-12T05:41:44.532+0000] {processor.py:753} INFO - DAG(s) dict_keys(['example_xcom_args_with_operators', 'example_xcom_args']) retrieved from /home/airflow/.local/lib/python3.7/site-packages/airflow/example_dags/example_xcomargs.py
[2022-12-12T05:41:44.788+0000] {logging_mixin.py:137} INFO - [2022-12-12T05:41:44.788+0000] {dag.py:2676} INFO - Sync 2 DAGs
[2022-12-12T05:41:44.969+0000] {logging_mixin.py:137} INFO - [2022-12-12T05:41:44.969+0000] {dag.py:3427} INFO - Setting next_dagrun for example_xcom_args to None, run_after=None
[2022-12-12T05:41:44.980+0000] {logging_mixin.py:137} INFO - [2022-12-12T05:41:44.979+0000] {dag.py:3427} INFO - Setting next_dagrun for example_xcom_args_with_operators to None, run_after=None
[2022-12-12T05:41:45.050+0000] {processor.py:175} INFO - Processing /home/airflow/.local/lib/python3.7/site-packages/airflow/example_dags/example_xcomargs.py took 0.671 seconds
[2022-12-12T05:42:17.707+0000] {processor.py:153} INFO - Started process (PID=546) to work on /home/airflow/.local/lib/python3.7/site-packages/airflow/example_dags/example_xcomargs.py
[2022-12-12T05:42:17.713+0000] {processor.py:743} INFO - Processing file /home/airflow/.local/lib/python3.7/site-packages/airflow/example_dags/example_xcomargs.py for tasks to queue
[2022-12-12T05:42:17.724+0000] {logging_mixin.py:137} INFO - [2022-12-12T05:42:17.723+0000] {dagbag.py:538} INFO - Filling up the DagBag from /home/airflow/.local/lib/python3.7/site-packages/airflow/example_dags/example_xcomargs.py
[2022-12-12T05:42:17.873+0000] {processor.py:753} INFO - DAG(s) dict_keys(['example_xcom_args', 'example_xcom_args_with_operators']) retrieved from /home/airflow/.local/lib/python3.7/site-packages/airflow/example_dags/example_xcomargs.py
[2022-12-12T05:42:18.283+0000] {logging_mixin.py:137} INFO - [2022-12-12T05:42:18.283+0000] {dag.py:2676} INFO - Sync 2 DAGs
[2022-12-12T05:42:18.400+0000] {logging_mixin.py:137} INFO - [2022-12-12T05:42:18.399+0000] {dag.py:3427} INFO - Setting next_dagrun for example_xcom_args to None, run_after=None
[2022-12-12T05:42:18.420+0000] {logging_mixin.py:137} INFO - [2022-12-12T05:42:18.420+0000] {dag.py:3427} INFO - Setting next_dagrun for example_xcom_args_with_operators to None, run_after=None
[2022-12-12T05:42:18.475+0000] {processor.py:175} INFO - Processing /home/airflow/.local/lib/python3.7/site-packages/airflow/example_dags/example_xcomargs.py took 0.780 seconds
