[2022-12-12T05:38:48.152+0000] {processor.py:153} INFO - Started process (PID=155) to work on /home/airflow/.local/lib/python3.7/site-packages/airflow/example_dags/example_branch_day_of_week_operator.py
[2022-12-12T05:38:48.157+0000] {processor.py:743} INFO - Processing file /home/airflow/.local/lib/python3.7/site-packages/airflow/example_dags/example_branch_day_of_week_operator.py for tasks to queue
[2022-12-12T05:38:48.173+0000] {logging_mixin.py:137} INFO - [2022-12-12T05:38:48.172+0000] {dagbag.py:538} INFO - Filling up the DagBag from /home/airflow/.local/lib/python3.7/site-packages/airflow/example_dags/example_branch_day_of_week_operator.py
[2022-12-12T05:38:48.341+0000] {processor.py:753} INFO - DAG(s) dict_keys(['example_weekday_branch_operator']) retrieved from /home/airflow/.local/lib/python3.7/site-packages/airflow/example_dags/example_branch_day_of_week_operator.py
[2022-12-12T05:38:49.056+0000] {logging_mixin.py:137} INFO - [2022-12-12T05:38:49.056+0000] {dag.py:2676} INFO - Sync 1 DAGs
[2022-12-12T05:38:50.208+0000] {logging_mixin.py:137} INFO - [2022-12-12T05:38:50.207+0000] {dag.py:3427} INFO - Setting next_dagrun for example_weekday_branch_operator to 2022-12-11T00:00:00+00:00, run_after=2022-12-12T00:00:00+00:00
[2022-12-12T05:38:50.855+0000] {processor.py:175} INFO - Processing /home/airflow/.local/lib/python3.7/site-packages/airflow/example_dags/example_branch_day_of_week_operator.py took 2.755 seconds
[2022-12-12T05:39:22.431+0000] {processor.py:153} INFO - Started process (PID=218) to work on /home/airflow/.local/lib/python3.7/site-packages/airflow/example_dags/example_branch_day_of_week_operator.py
[2022-12-12T05:39:22.438+0000] {processor.py:743} INFO - Processing file /home/airflow/.local/lib/python3.7/site-packages/airflow/example_dags/example_branch_day_of_week_operator.py for tasks to queue
[2022-12-12T05:39:22.442+0000] {logging_mixin.py:137} INFO - [2022-12-12T05:39:22.441+0000] {dagbag.py:538} INFO - Filling up the DagBag from /home/airflow/.local/lib/python3.7/site-packages/airflow/example_dags/example_branch_day_of_week_operator.py
[2022-12-12T05:39:22.503+0000] {processor.py:753} INFO - DAG(s) dict_keys(['example_weekday_branch_operator']) retrieved from /home/airflow/.local/lib/python3.7/site-packages/airflow/example_dags/example_branch_day_of_week_operator.py
[2022-12-12T05:39:22.628+0000] {logging_mixin.py:137} INFO - [2022-12-12T05:39:22.628+0000] {dag.py:2676} INFO - Sync 1 DAGs
[2022-12-12T05:39:22.716+0000] {logging_mixin.py:137} INFO - [2022-12-12T05:39:22.714+0000] {dag.py:3427} INFO - Setting next_dagrun for example_weekday_branch_operator to 2022-12-11T00:00:00+00:00, run_after=2022-12-12T00:00:00+00:00
[2022-12-12T05:39:22.814+0000] {processor.py:175} INFO - Processing /home/airflow/.local/lib/python3.7/site-packages/airflow/example_dags/example_branch_day_of_week_operator.py took 0.390 seconds
[2022-12-12T05:39:56.075+0000] {processor.py:153} INFO - Started process (PID=281) to work on /home/airflow/.local/lib/python3.7/site-packages/airflow/example_dags/example_branch_day_of_week_operator.py
[2022-12-12T05:39:56.079+0000] {processor.py:743} INFO - Processing file /home/airflow/.local/lib/python3.7/site-packages/airflow/example_dags/example_branch_day_of_week_operator.py for tasks to queue
[2022-12-12T05:39:56.083+0000] {logging_mixin.py:137} INFO - [2022-12-12T05:39:56.083+0000] {dagbag.py:538} INFO - Filling up the DagBag from /home/airflow/.local/lib/python3.7/site-packages/airflow/example_dags/example_branch_day_of_week_operator.py
[2022-12-12T05:39:56.179+0000] {processor.py:753} INFO - DAG(s) dict_keys(['example_weekday_branch_operator']) retrieved from /home/airflow/.local/lib/python3.7/site-packages/airflow/example_dags/example_branch_day_of_week_operator.py
[2022-12-12T05:39:56.331+0000] {logging_mixin.py:137} INFO - [2022-12-12T05:39:56.331+0000] {dag.py:2676} INFO - Sync 1 DAGs
[2022-12-12T05:39:56.471+0000] {logging_mixin.py:137} INFO - [2022-12-12T05:39:56.471+0000] {dag.py:3427} INFO - Setting next_dagrun for example_weekday_branch_operator to 2022-12-11T00:00:00+00:00, run_after=2022-12-12T00:00:00+00:00
[2022-12-12T05:39:56.553+0000] {processor.py:175} INFO - Processing /home/airflow/.local/lib/python3.7/site-packages/airflow/example_dags/example_branch_day_of_week_operator.py took 0.504 seconds
[2022-12-12T05:40:27.047+0000] {processor.py:153} INFO - Started process (PID=340) to work on /home/airflow/.local/lib/python3.7/site-packages/airflow/example_dags/example_branch_day_of_week_operator.py
[2022-12-12T05:40:27.052+0000] {processor.py:743} INFO - Processing file /home/airflow/.local/lib/python3.7/site-packages/airflow/example_dags/example_branch_day_of_week_operator.py for tasks to queue
[2022-12-12T05:40:27.055+0000] {logging_mixin.py:137} INFO - [2022-12-12T05:40:27.055+0000] {dagbag.py:538} INFO - Filling up the DagBag from /home/airflow/.local/lib/python3.7/site-packages/airflow/example_dags/example_branch_day_of_week_operator.py
[2022-12-12T05:40:27.115+0000] {processor.py:753} INFO - DAG(s) dict_keys(['example_weekday_branch_operator']) retrieved from /home/airflow/.local/lib/python3.7/site-packages/airflow/example_dags/example_branch_day_of_week_operator.py
[2022-12-12T05:40:27.257+0000] {logging_mixin.py:137} INFO - [2022-12-12T05:40:27.256+0000] {dag.py:2676} INFO - Sync 1 DAGs
[2022-12-12T05:40:27.331+0000] {logging_mixin.py:137} INFO - [2022-12-12T05:40:27.331+0000] {dag.py:3427} INFO - Setting next_dagrun for example_weekday_branch_operator to 2022-12-11T00:00:00+00:00, run_after=2022-12-12T00:00:00+00:00
[2022-12-12T05:40:27.380+0000] {processor.py:175} INFO - Processing /home/airflow/.local/lib/python3.7/site-packages/airflow/example_dags/example_branch_day_of_week_operator.py took 0.366 seconds
[2022-12-12T05:40:57.876+0000] {processor.py:153} INFO - Started process (PID=394) to work on /home/airflow/.local/lib/python3.7/site-packages/airflow/example_dags/example_branch_day_of_week_operator.py
[2022-12-12T05:40:57.881+0000] {processor.py:743} INFO - Processing file /home/airflow/.local/lib/python3.7/site-packages/airflow/example_dags/example_branch_day_of_week_operator.py for tasks to queue
[2022-12-12T05:40:57.887+0000] {logging_mixin.py:137} INFO - [2022-12-12T05:40:57.886+0000] {dagbag.py:538} INFO - Filling up the DagBag from /home/airflow/.local/lib/python3.7/site-packages/airflow/example_dags/example_branch_day_of_week_operator.py
[2022-12-12T05:40:57.936+0000] {processor.py:753} INFO - DAG(s) dict_keys(['example_weekday_branch_operator']) retrieved from /home/airflow/.local/lib/python3.7/site-packages/airflow/example_dags/example_branch_day_of_week_operator.py
[2022-12-12T05:40:58.022+0000] {logging_mixin.py:137} INFO - [2022-12-12T05:40:58.021+0000] {dag.py:2676} INFO - Sync 1 DAGs
[2022-12-12T05:40:58.084+0000] {logging_mixin.py:137} INFO - [2022-12-12T05:40:58.083+0000] {dag.py:3427} INFO - Setting next_dagrun for example_weekday_branch_operator to 2022-12-11T00:00:00+00:00, run_after=2022-12-12T00:00:00+00:00
[2022-12-12T05:40:58.131+0000] {processor.py:175} INFO - Processing /home/airflow/.local/lib/python3.7/site-packages/airflow/example_dags/example_branch_day_of_week_operator.py took 0.262 seconds
[2022-12-12T05:41:29.378+0000] {processor.py:153} INFO - Started process (PID=457) to work on /home/airflow/.local/lib/python3.7/site-packages/airflow/example_dags/example_branch_day_of_week_operator.py
[2022-12-12T05:41:29.402+0000] {processor.py:743} INFO - Processing file /home/airflow/.local/lib/python3.7/site-packages/airflow/example_dags/example_branch_day_of_week_operator.py for tasks to queue
[2022-12-12T05:41:29.406+0000] {logging_mixin.py:137} INFO - [2022-12-12T05:41:29.405+0000] {dagbag.py:538} INFO - Filling up the DagBag from /home/airflow/.local/lib/python3.7/site-packages/airflow/example_dags/example_branch_day_of_week_operator.py
[2022-12-12T05:41:29.606+0000] {processor.py:753} INFO - DAG(s) dict_keys(['example_weekday_branch_operator']) retrieved from /home/airflow/.local/lib/python3.7/site-packages/airflow/example_dags/example_branch_day_of_week_operator.py
[2022-12-12T05:41:29.925+0000] {logging_mixin.py:137} INFO - [2022-12-12T05:41:29.925+0000] {dag.py:2676} INFO - Sync 1 DAGs
[2022-12-12T05:41:30.077+0000] {logging_mixin.py:137} INFO - [2022-12-12T05:41:30.076+0000] {dag.py:3427} INFO - Setting next_dagrun for example_weekday_branch_operator to 2022-12-11T00:00:00+00:00, run_after=2022-12-12T00:00:00+00:00
[2022-12-12T05:41:30.118+0000] {processor.py:175} INFO - Processing /home/airflow/.local/lib/python3.7/site-packages/airflow/example_dags/example_branch_day_of_week_operator.py took 0.770 seconds
[2022-12-12T05:42:00.474+0000] {processor.py:153} INFO - Started process (PID=519) to work on /home/airflow/.local/lib/python3.7/site-packages/airflow/example_dags/example_branch_day_of_week_operator.py
[2022-12-12T05:42:00.482+0000] {processor.py:743} INFO - Processing file /home/airflow/.local/lib/python3.7/site-packages/airflow/example_dags/example_branch_day_of_week_operator.py for tasks to queue
[2022-12-12T05:42:00.492+0000] {logging_mixin.py:137} INFO - [2022-12-12T05:42:00.492+0000] {dagbag.py:538} INFO - Filling up the DagBag from /home/airflow/.local/lib/python3.7/site-packages/airflow/example_dags/example_branch_day_of_week_operator.py
[2022-12-12T05:42:00.579+0000] {processor.py:753} INFO - DAG(s) dict_keys(['example_weekday_branch_operator']) retrieved from /home/airflow/.local/lib/python3.7/site-packages/airflow/example_dags/example_branch_day_of_week_operator.py
[2022-12-12T05:42:00.740+0000] {logging_mixin.py:137} INFO - [2022-12-12T05:42:00.740+0000] {dag.py:2676} INFO - Sync 1 DAGs
[2022-12-12T05:42:00.932+0000] {logging_mixin.py:137} INFO - [2022-12-12T05:42:00.932+0000] {dag.py:3427} INFO - Setting next_dagrun for example_weekday_branch_operator to 2022-12-11T00:00:00+00:00, run_after=2022-12-12T00:00:00+00:00
[2022-12-12T05:42:01.655+0000] {processor.py:175} INFO - Processing /home/airflow/.local/lib/python3.7/site-packages/airflow/example_dags/example_branch_day_of_week_operator.py took 1.241 seconds
[2022-12-12T05:42:32.025+0000] {processor.py:153} INFO - Started process (PID=582) to work on /home/airflow/.local/lib/python3.7/site-packages/airflow/example_dags/example_branch_day_of_week_operator.py
[2022-12-12T05:42:32.040+0000] {processor.py:743} INFO - Processing file /home/airflow/.local/lib/python3.7/site-packages/airflow/example_dags/example_branch_day_of_week_operator.py for tasks to queue
[2022-12-12T05:42:32.045+0000] {logging_mixin.py:137} INFO - [2022-12-12T05:42:32.044+0000] {dagbag.py:538} INFO - Filling up the DagBag from /home/airflow/.local/lib/python3.7/site-packages/airflow/example_dags/example_branch_day_of_week_operator.py
[2022-12-12T05:42:32.076+0000] {processor.py:753} INFO - DAG(s) dict_keys(['example_weekday_branch_operator']) retrieved from /home/airflow/.local/lib/python3.7/site-packages/airflow/example_dags/example_branch_day_of_week_operator.py
[2022-12-12T05:42:32.156+0000] {logging_mixin.py:137} INFO - [2022-12-12T05:42:32.156+0000] {dag.py:2676} INFO - Sync 1 DAGs
[2022-12-12T05:42:32.208+0000] {logging_mixin.py:137} INFO - [2022-12-12T05:42:32.208+0000] {dag.py:3427} INFO - Setting next_dagrun for example_weekday_branch_operator to 2022-12-11T00:00:00+00:00, run_after=2022-12-12T00:00:00+00:00
[2022-12-12T05:42:32.244+0000] {processor.py:175} INFO - Processing /home/airflow/.local/lib/python3.7/site-packages/airflow/example_dags/example_branch_day_of_week_operator.py took 0.227 seconds
