[2022-12-12T05:38:51.813+0000] {processor.py:153} INFO - Started process (PID=161) to work on /home/airflow/.local/lib/python3.7/site-packages/airflow/example_dags/tutorial.py
[2022-12-12T05:38:51.889+0000] {processor.py:743} INFO - Processing file /home/airflow/.local/lib/python3.7/site-packages/airflow/example_dags/tutorial.py for tasks to queue
[2022-12-12T05:38:51.912+0000] {logging_mixin.py:137} INFO - [2022-12-12T05:38:51.912+0000] {dagbag.py:538} INFO - Filling up the DagBag from /home/airflow/.local/lib/python3.7/site-packages/airflow/example_dags/tutorial.py
[2022-12-12T05:38:52.243+0000] {processor.py:753} INFO - DAG(s) dict_keys(['tutorial']) retrieved from /home/airflow/.local/lib/python3.7/site-packages/airflow/example_dags/tutorial.py
[2022-12-12T05:38:53.122+0000] {logging_mixin.py:137} INFO - [2022-12-12T05:38:53.122+0000] {dag.py:2676} INFO - Sync 1 DAGs
[2022-12-12T05:38:53.507+0000] {logging_mixin.py:137} INFO - [2022-12-12T05:38:53.506+0000] {dag.py:3427} INFO - Setting next_dagrun for tutorial to 2022-12-11T05:38:53.505928+00:00, run_after=2022-12-12T05:38:53.505928+00:00
[2022-12-12T05:38:54.161+0000] {processor.py:175} INFO - Processing /home/airflow/.local/lib/python3.7/site-packages/airflow/example_dags/tutorial.py took 2.377 seconds
[2022-12-12T05:39:25.488+0000] {processor.py:153} INFO - Started process (PID=220) to work on /home/airflow/.local/lib/python3.7/site-packages/airflow/example_dags/tutorial.py
[2022-12-12T05:39:25.493+0000] {processor.py:743} INFO - Processing file /home/airflow/.local/lib/python3.7/site-packages/airflow/example_dags/tutorial.py for tasks to queue
[2022-12-12T05:39:25.499+0000] {logging_mixin.py:137} INFO - [2022-12-12T05:39:25.498+0000] {dagbag.py:538} INFO - Filling up the DagBag from /home/airflow/.local/lib/python3.7/site-packages/airflow/example_dags/tutorial.py
[2022-12-12T05:39:25.544+0000] {processor.py:753} INFO - DAG(s) dict_keys(['tutorial']) retrieved from /home/airflow/.local/lib/python3.7/site-packages/airflow/example_dags/tutorial.py
[2022-12-12T05:39:25.864+0000] {logging_mixin.py:137} INFO - [2022-12-12T05:39:25.864+0000] {dag.py:2676} INFO - Sync 1 DAGs
[2022-12-12T05:39:26.015+0000] {logging_mixin.py:137} INFO - [2022-12-12T05:39:26.015+0000] {dag.py:3427} INFO - Setting next_dagrun for tutorial to 2022-12-11T05:39:26.014632+00:00, run_after=2022-12-12T05:39:26.014632+00:00
[2022-12-12T05:39:26.144+0000] {processor.py:175} INFO - Processing /home/airflow/.local/lib/python3.7/site-packages/airflow/example_dags/tutorial.py took 0.664 seconds
[2022-12-12T05:39:56.849+0000] {processor.py:153} INFO - Started process (PID=283) to work on /home/airflow/.local/lib/python3.7/site-packages/airflow/example_dags/tutorial.py
[2022-12-12T05:39:56.853+0000] {processor.py:743} INFO - Processing file /home/airflow/.local/lib/python3.7/site-packages/airflow/example_dags/tutorial.py for tasks to queue
[2022-12-12T05:39:56.866+0000] {logging_mixin.py:137} INFO - [2022-12-12T05:39:56.856+0000] {dagbag.py:538} INFO - Filling up the DagBag from /home/airflow/.local/lib/python3.7/site-packages/airflow/example_dags/tutorial.py
[2022-12-12T05:39:56.974+0000] {processor.py:753} INFO - DAG(s) dict_keys(['tutorial']) retrieved from /home/airflow/.local/lib/python3.7/site-packages/airflow/example_dags/tutorial.py
[2022-12-12T05:39:57.289+0000] {logging_mixin.py:137} INFO - [2022-12-12T05:39:57.289+0000] {dag.py:2676} INFO - Sync 1 DAGs
[2022-12-12T05:39:57.489+0000] {logging_mixin.py:137} INFO - [2022-12-12T05:39:57.488+0000] {dag.py:3427} INFO - Setting next_dagrun for tutorial to 2022-12-11T05:39:57.487409+00:00, run_after=2022-12-12T05:39:57.487409+00:00
[2022-12-12T05:39:57.602+0000] {processor.py:175} INFO - Processing /home/airflow/.local/lib/python3.7/site-packages/airflow/example_dags/tutorial.py took 0.778 seconds
[2022-12-12T05:40:28.257+0000] {processor.py:153} INFO - Started process (PID=345) to work on /home/airflow/.local/lib/python3.7/site-packages/airflow/example_dags/tutorial.py
[2022-12-12T05:40:28.310+0000] {processor.py:743} INFO - Processing file /home/airflow/.local/lib/python3.7/site-packages/airflow/example_dags/tutorial.py for tasks to queue
[2022-12-12T05:40:28.316+0000] {logging_mixin.py:137} INFO - [2022-12-12T05:40:28.315+0000] {dagbag.py:538} INFO - Filling up the DagBag from /home/airflow/.local/lib/python3.7/site-packages/airflow/example_dags/tutorial.py
[2022-12-12T05:40:28.379+0000] {processor.py:753} INFO - DAG(s) dict_keys(['tutorial']) retrieved from /home/airflow/.local/lib/python3.7/site-packages/airflow/example_dags/tutorial.py
[2022-12-12T05:40:28.618+0000] {logging_mixin.py:137} INFO - [2022-12-12T05:40:28.618+0000] {dag.py:2676} INFO - Sync 1 DAGs
[2022-12-12T05:40:28.760+0000] {logging_mixin.py:137} INFO - [2022-12-12T05:40:28.760+0000] {dag.py:3427} INFO - Setting next_dagrun for tutorial to 2022-12-11T05:40:28.760201+00:00, run_after=2022-12-12T05:40:28.760201+00:00
[2022-12-12T05:40:28.842+0000] {processor.py:175} INFO - Processing /home/airflow/.local/lib/python3.7/site-packages/airflow/example_dags/tutorial.py took 0.602 seconds
[2022-12-12T05:40:59.273+0000] {processor.py:153} INFO - Started process (PID=396) to work on /home/airflow/.local/lib/python3.7/site-packages/airflow/example_dags/tutorial.py
[2022-12-12T05:40:59.281+0000] {processor.py:743} INFO - Processing file /home/airflow/.local/lib/python3.7/site-packages/airflow/example_dags/tutorial.py for tasks to queue
[2022-12-12T05:40:59.291+0000] {logging_mixin.py:137} INFO - [2022-12-12T05:40:59.291+0000] {dagbag.py:538} INFO - Filling up the DagBag from /home/airflow/.local/lib/python3.7/site-packages/airflow/example_dags/tutorial.py
[2022-12-12T05:40:59.350+0000] {processor.py:753} INFO - DAG(s) dict_keys(['tutorial']) retrieved from /home/airflow/.local/lib/python3.7/site-packages/airflow/example_dags/tutorial.py
[2022-12-12T05:40:59.493+0000] {logging_mixin.py:137} INFO - [2022-12-12T05:40:59.493+0000] {dag.py:2676} INFO - Sync 1 DAGs
[2022-12-12T05:40:59.711+0000] {logging_mixin.py:137} INFO - [2022-12-12T05:40:59.711+0000] {dag.py:3427} INFO - Setting next_dagrun for tutorial to 2022-12-11T05:40:59.710845+00:00, run_after=2022-12-12T05:40:59.710845+00:00
[2022-12-12T05:40:59.865+0000] {processor.py:175} INFO - Processing /home/airflow/.local/lib/python3.7/site-packages/airflow/example_dags/tutorial.py took 0.612 seconds
[2022-12-12T05:41:30.272+0000] {processor.py:153} INFO - Started process (PID=459) to work on /home/airflow/.local/lib/python3.7/site-packages/airflow/example_dags/tutorial.py
[2022-12-12T05:41:30.279+0000] {processor.py:743} INFO - Processing file /home/airflow/.local/lib/python3.7/site-packages/airflow/example_dags/tutorial.py for tasks to queue
[2022-12-12T05:41:30.286+0000] {logging_mixin.py:137} INFO - [2022-12-12T05:41:30.286+0000] {dagbag.py:538} INFO - Filling up the DagBag from /home/airflow/.local/lib/python3.7/site-packages/airflow/example_dags/tutorial.py
[2022-12-12T05:41:30.347+0000] {processor.py:753} INFO - DAG(s) dict_keys(['tutorial']) retrieved from /home/airflow/.local/lib/python3.7/site-packages/airflow/example_dags/tutorial.py
[2022-12-12T05:41:30.502+0000] {logging_mixin.py:137} INFO - [2022-12-12T05:41:30.501+0000] {dag.py:2676} INFO - Sync 1 DAGs
[2022-12-12T05:41:30.576+0000] {logging_mixin.py:137} INFO - [2022-12-12T05:41:30.576+0000] {dag.py:3427} INFO - Setting next_dagrun for tutorial to 2022-12-11T05:41:30.575710+00:00, run_after=2022-12-12T05:41:30.575710+00:00
[2022-12-12T05:41:30.674+0000] {processor.py:175} INFO - Processing /home/airflow/.local/lib/python3.7/site-packages/airflow/example_dags/tutorial.py took 0.456 seconds
[2022-12-12T05:42:02.046+0000] {processor.py:153} INFO - Started process (PID=521) to work on /home/airflow/.local/lib/python3.7/site-packages/airflow/example_dags/tutorial.py
[2022-12-12T05:42:02.056+0000] {processor.py:743} INFO - Processing file /home/airflow/.local/lib/python3.7/site-packages/airflow/example_dags/tutorial.py for tasks to queue
[2022-12-12T05:42:02.078+0000] {logging_mixin.py:137} INFO - [2022-12-12T05:42:02.076+0000] {dagbag.py:538} INFO - Filling up the DagBag from /home/airflow/.local/lib/python3.7/site-packages/airflow/example_dags/tutorial.py
[2022-12-12T05:42:02.169+0000] {processor.py:753} INFO - DAG(s) dict_keys(['tutorial']) retrieved from /home/airflow/.local/lib/python3.7/site-packages/airflow/example_dags/tutorial.py
[2022-12-12T05:42:02.363+0000] {logging_mixin.py:137} INFO - [2022-12-12T05:42:02.358+0000] {dag.py:2676} INFO - Sync 1 DAGs
[2022-12-12T05:42:02.472+0000] {logging_mixin.py:137} INFO - [2022-12-12T05:42:02.472+0000] {dag.py:3427} INFO - Setting next_dagrun for tutorial to 2022-12-11T05:42:02.472072+00:00, run_after=2022-12-12T05:42:02.472072+00:00
[2022-12-12T05:42:02.562+0000] {processor.py:175} INFO - Processing /home/airflow/.local/lib/python3.7/site-packages/airflow/example_dags/tutorial.py took 0.544 seconds
[2022-12-12T05:42:33.289+0000] {processor.py:153} INFO - Started process (PID=584) to work on /home/airflow/.local/lib/python3.7/site-packages/airflow/example_dags/tutorial.py
[2022-12-12T05:42:33.294+0000] {processor.py:743} INFO - Processing file /home/airflow/.local/lib/python3.7/site-packages/airflow/example_dags/tutorial.py for tasks to queue
[2022-12-12T05:42:33.302+0000] {logging_mixin.py:137} INFO - [2022-12-12T05:42:33.302+0000] {dagbag.py:538} INFO - Filling up the DagBag from /home/airflow/.local/lib/python3.7/site-packages/airflow/example_dags/tutorial.py
[2022-12-12T05:42:33.343+0000] {processor.py:753} INFO - DAG(s) dict_keys(['tutorial']) retrieved from /home/airflow/.local/lib/python3.7/site-packages/airflow/example_dags/tutorial.py
[2022-12-12T05:42:33.525+0000] {logging_mixin.py:137} INFO - [2022-12-12T05:42:33.525+0000] {dag.py:2676} INFO - Sync 1 DAGs
[2022-12-12T05:42:33.652+0000] {logging_mixin.py:137} INFO - [2022-12-12T05:42:33.652+0000] {dag.py:3427} INFO - Setting next_dagrun for tutorial to 2022-12-11T05:42:33.651761+00:00, run_after=2022-12-12T05:42:33.651761+00:00
[2022-12-12T05:42:33.703+0000] {processor.py:175} INFO - Processing /home/airflow/.local/lib/python3.7/site-packages/airflow/example_dags/tutorial.py took 0.426 seconds
