[2022-12-12T05:38:16.790+0000] {processor.py:153} INFO - Started process (PID=132) to work on /home/airflow/.local/lib/python3.7/site-packages/airflow/example_dags/tutorial_taskflow_api.py
[2022-12-12T05:38:16.835+0000] {processor.py:743} INFO - Processing file /home/airflow/.local/lib/python3.7/site-packages/airflow/example_dags/tutorial_taskflow_api.py for tasks to queue
[2022-12-12T05:38:16.909+0000] {logging_mixin.py:137} INFO - [2022-12-12T05:38:16.848+0000] {dagbag.py:538} INFO - Filling up the DagBag from /home/airflow/.local/lib/python3.7/site-packages/airflow/example_dags/tutorial_taskflow_api.py
[2022-12-12T05:38:19.390+0000] {processor.py:753} INFO - DAG(s) dict_keys(['tutorial_taskflow_api']) retrieved from /home/airflow/.local/lib/python3.7/site-packages/airflow/example_dags/tutorial_taskflow_api.py
[2022-12-12T05:38:20.421+0000] {logging_mixin.py:137} INFO - [2022-12-12T05:38:20.420+0000] {dag.py:2676} INFO - Sync 1 DAGs
[2022-12-12T05:38:23.522+0000] {logging_mixin.py:137} INFO - [2022-12-12T05:38:23.519+0000] {dag.py:3427} INFO - Setting next_dagrun for tutorial_taskflow_api to None, run_after=None
[2022-12-12T05:38:25.838+0000] {processor.py:175} INFO - Processing /home/airflow/.local/lib/python3.7/site-packages/airflow/example_dags/tutorial_taskflow_api.py took 9.143 seconds
[2022-12-12T05:39:19.258+0000] {processor.py:153} INFO - Started process (PID=211) to work on /home/airflow/.local/lib/python3.7/site-packages/airflow/example_dags/tutorial_taskflow_api.py
[2022-12-12T05:39:19.281+0000] {processor.py:743} INFO - Processing file /home/airflow/.local/lib/python3.7/site-packages/airflow/example_dags/tutorial_taskflow_api.py for tasks to queue
[2022-12-12T05:39:19.290+0000] {logging_mixin.py:137} INFO - [2022-12-12T05:39:19.289+0000] {dagbag.py:538} INFO - Filling up the DagBag from /home/airflow/.local/lib/python3.7/site-packages/airflow/example_dags/tutorial_taskflow_api.py
[2022-12-12T05:39:19.344+0000] {processor.py:753} INFO - DAG(s) dict_keys(['tutorial_taskflow_api']) retrieved from /home/airflow/.local/lib/python3.7/site-packages/airflow/example_dags/tutorial_taskflow_api.py
[2022-12-12T05:39:19.464+0000] {logging_mixin.py:137} INFO - [2022-12-12T05:39:19.464+0000] {dag.py:2676} INFO - Sync 1 DAGs
[2022-12-12T05:39:19.559+0000] {logging_mixin.py:137} INFO - [2022-12-12T05:39:19.558+0000] {dag.py:3427} INFO - Setting next_dagrun for tutorial_taskflow_api to None, run_after=None
[2022-12-12T05:39:19.610+0000] {processor.py:175} INFO - Processing /home/airflow/.local/lib/python3.7/site-packages/airflow/example_dags/tutorial_taskflow_api.py took 0.364 seconds
[2022-12-12T05:39:52.216+0000] {processor.py:153} INFO - Started process (PID=274) to work on /home/airflow/.local/lib/python3.7/site-packages/airflow/example_dags/tutorial_taskflow_api.py
[2022-12-12T05:39:52.231+0000] {processor.py:743} INFO - Processing file /home/airflow/.local/lib/python3.7/site-packages/airflow/example_dags/tutorial_taskflow_api.py for tasks to queue
[2022-12-12T05:39:52.241+0000] {logging_mixin.py:137} INFO - [2022-12-12T05:39:52.241+0000] {dagbag.py:538} INFO - Filling up the DagBag from /home/airflow/.local/lib/python3.7/site-packages/airflow/example_dags/tutorial_taskflow_api.py
[2022-12-12T05:39:52.319+0000] {processor.py:753} INFO - DAG(s) dict_keys(['tutorial_taskflow_api']) retrieved from /home/airflow/.local/lib/python3.7/site-packages/airflow/example_dags/tutorial_taskflow_api.py
[2022-12-12T05:39:52.458+0000] {logging_mixin.py:137} INFO - [2022-12-12T05:39:52.457+0000] {dag.py:2676} INFO - Sync 1 DAGs
[2022-12-12T05:39:52.585+0000] {logging_mixin.py:137} INFO - [2022-12-12T05:39:52.585+0000] {dag.py:3427} INFO - Setting next_dagrun for tutorial_taskflow_api to None, run_after=None
[2022-12-12T05:39:52.670+0000] {processor.py:175} INFO - Processing /home/airflow/.local/lib/python3.7/site-packages/airflow/example_dags/tutorial_taskflow_api.py took 0.462 seconds
[2022-12-12T05:40:23.126+0000] {processor.py:153} INFO - Started process (PID=324) to work on /home/airflow/.local/lib/python3.7/site-packages/airflow/example_dags/tutorial_taskflow_api.py
[2022-12-12T05:40:23.165+0000] {processor.py:743} INFO - Processing file /home/airflow/.local/lib/python3.7/site-packages/airflow/example_dags/tutorial_taskflow_api.py for tasks to queue
[2022-12-12T05:40:23.225+0000] {logging_mixin.py:137} INFO - [2022-12-12T05:40:23.213+0000] {dagbag.py:538} INFO - Filling up the DagBag from /home/airflow/.local/lib/python3.7/site-packages/airflow/example_dags/tutorial_taskflow_api.py
[2022-12-12T05:40:23.336+0000] {processor.py:753} INFO - DAG(s) dict_keys(['tutorial_taskflow_api']) retrieved from /home/airflow/.local/lib/python3.7/site-packages/airflow/example_dags/tutorial_taskflow_api.py
[2022-12-12T05:40:23.487+0000] {logging_mixin.py:137} INFO - [2022-12-12T05:40:23.486+0000] {dag.py:2676} INFO - Sync 1 DAGs
[2022-12-12T05:40:23.910+0000] {logging_mixin.py:137} INFO - [2022-12-12T05:40:23.908+0000] {dag.py:3427} INFO - Setting next_dagrun for tutorial_taskflow_api to None, run_after=None
[2022-12-12T05:40:24.007+0000] {processor.py:175} INFO - Processing /home/airflow/.local/lib/python3.7/site-packages/airflow/example_dags/tutorial_taskflow_api.py took 0.923 seconds
[2022-12-12T05:40:54.755+0000] {processor.py:153} INFO - Started process (PID=387) to work on /home/airflow/.local/lib/python3.7/site-packages/airflow/example_dags/tutorial_taskflow_api.py
[2022-12-12T05:40:54.764+0000] {processor.py:743} INFO - Processing file /home/airflow/.local/lib/python3.7/site-packages/airflow/example_dags/tutorial_taskflow_api.py for tasks to queue
[2022-12-12T05:40:54.768+0000] {logging_mixin.py:137} INFO - [2022-12-12T05:40:54.768+0000] {dagbag.py:538} INFO - Filling up the DagBag from /home/airflow/.local/lib/python3.7/site-packages/airflow/example_dags/tutorial_taskflow_api.py
[2022-12-12T05:40:54.861+0000] {processor.py:753} INFO - DAG(s) dict_keys(['tutorial_taskflow_api']) retrieved from /home/airflow/.local/lib/python3.7/site-packages/airflow/example_dags/tutorial_taskflow_api.py
[2022-12-12T05:40:55.018+0000] {logging_mixin.py:137} INFO - [2022-12-12T05:40:55.017+0000] {dag.py:2676} INFO - Sync 1 DAGs
[2022-12-12T05:40:55.112+0000] {logging_mixin.py:137} INFO - [2022-12-12T05:40:55.111+0000] {dag.py:3427} INFO - Setting next_dagrun for tutorial_taskflow_api to None, run_after=None
[2022-12-12T05:40:55.285+0000] {processor.py:175} INFO - Processing /home/airflow/.local/lib/python3.7/site-packages/airflow/example_dags/tutorial_taskflow_api.py took 0.546 seconds
[2022-12-12T05:41:26.091+0000] {processor.py:153} INFO - Started process (PID=450) to work on /home/airflow/.local/lib/python3.7/site-packages/airflow/example_dags/tutorial_taskflow_api.py
[2022-12-12T05:41:26.099+0000] {processor.py:743} INFO - Processing file /home/airflow/.local/lib/python3.7/site-packages/airflow/example_dags/tutorial_taskflow_api.py for tasks to queue
[2022-12-12T05:41:26.101+0000] {logging_mixin.py:137} INFO - [2022-12-12T05:41:26.101+0000] {dagbag.py:538} INFO - Filling up the DagBag from /home/airflow/.local/lib/python3.7/site-packages/airflow/example_dags/tutorial_taskflow_api.py
[2022-12-12T05:41:26.215+0000] {processor.py:753} INFO - DAG(s) dict_keys(['tutorial_taskflow_api']) retrieved from /home/airflow/.local/lib/python3.7/site-packages/airflow/example_dags/tutorial_taskflow_api.py
[2022-12-12T05:41:26.385+0000] {logging_mixin.py:137} INFO - [2022-12-12T05:41:26.384+0000] {dag.py:2676} INFO - Sync 1 DAGs
[2022-12-12T05:41:26.630+0000] {logging_mixin.py:137} INFO - [2022-12-12T05:41:26.630+0000] {dag.py:3427} INFO - Setting next_dagrun for tutorial_taskflow_api to None, run_after=None
[2022-12-12T05:41:26.826+0000] {processor.py:175} INFO - Processing /home/airflow/.local/lib/python3.7/site-packages/airflow/example_dags/tutorial_taskflow_api.py took 0.747 seconds
[2022-12-12T05:41:57.481+0000] {processor.py:153} INFO - Started process (PID=512) to work on /home/airflow/.local/lib/python3.7/site-packages/airflow/example_dags/tutorial_taskflow_api.py
[2022-12-12T05:41:57.486+0000] {processor.py:743} INFO - Processing file /home/airflow/.local/lib/python3.7/site-packages/airflow/example_dags/tutorial_taskflow_api.py for tasks to queue
[2022-12-12T05:41:57.497+0000] {logging_mixin.py:137} INFO - [2022-12-12T05:41:57.496+0000] {dagbag.py:538} INFO - Filling up the DagBag from /home/airflow/.local/lib/python3.7/site-packages/airflow/example_dags/tutorial_taskflow_api.py
[2022-12-12T05:41:57.587+0000] {processor.py:753} INFO - DAG(s) dict_keys(['tutorial_taskflow_api']) retrieved from /home/airflow/.local/lib/python3.7/site-packages/airflow/example_dags/tutorial_taskflow_api.py
[2022-12-12T05:41:57.749+0000] {logging_mixin.py:137} INFO - [2022-12-12T05:41:57.749+0000] {dag.py:2676} INFO - Sync 1 DAGs
[2022-12-12T05:41:58.018+0000] {logging_mixin.py:137} INFO - [2022-12-12T05:41:58.018+0000] {dag.py:3427} INFO - Setting next_dagrun for tutorial_taskflow_api to None, run_after=None
[2022-12-12T05:41:58.120+0000] {processor.py:175} INFO - Processing /home/airflow/.local/lib/python3.7/site-packages/airflow/example_dags/tutorial_taskflow_api.py took 0.664 seconds
[2022-12-12T05:42:28.887+0000] {processor.py:153} INFO - Started process (PID=575) to work on /home/airflow/.local/lib/python3.7/site-packages/airflow/example_dags/tutorial_taskflow_api.py
[2022-12-12T05:42:28.934+0000] {processor.py:743} INFO - Processing file /home/airflow/.local/lib/python3.7/site-packages/airflow/example_dags/tutorial_taskflow_api.py for tasks to queue
[2022-12-12T05:42:28.939+0000] {logging_mixin.py:137} INFO - [2022-12-12T05:42:28.938+0000] {dagbag.py:538} INFO - Filling up the DagBag from /home/airflow/.local/lib/python3.7/site-packages/airflow/example_dags/tutorial_taskflow_api.py
[2022-12-12T05:42:29.001+0000] {processor.py:753} INFO - DAG(s) dict_keys(['tutorial_taskflow_api']) retrieved from /home/airflow/.local/lib/python3.7/site-packages/airflow/example_dags/tutorial_taskflow_api.py
[2022-12-12T05:42:29.176+0000] {logging_mixin.py:137} INFO - [2022-12-12T05:42:29.176+0000] {dag.py:2676} INFO - Sync 1 DAGs
[2022-12-12T05:42:29.276+0000] {logging_mixin.py:137} INFO - [2022-12-12T05:42:29.276+0000] {dag.py:3427} INFO - Setting next_dagrun for tutorial_taskflow_api to None, run_after=None
[2022-12-12T05:42:29.377+0000] {processor.py:175} INFO - Processing /home/airflow/.local/lib/python3.7/site-packages/airflow/example_dags/tutorial_taskflow_api.py took 0.500 seconds
