[2022-12-12T05:38:56.574+0000] {processor.py:153} INFO - Started process (PID=166) to work on /home/airflow/.local/lib/python3.7/site-packages/airflow/example_dags/tutorial_dag.py
[2022-12-12T05:38:56.580+0000] {processor.py:743} INFO - Processing file /home/airflow/.local/lib/python3.7/site-packages/airflow/example_dags/tutorial_dag.py for tasks to queue
[2022-12-12T05:38:56.593+0000] {logging_mixin.py:137} INFO - [2022-12-12T05:38:56.592+0000] {dagbag.py:538} INFO - Filling up the DagBag from /home/airflow/.local/lib/python3.7/site-packages/airflow/example_dags/tutorial_dag.py
[2022-12-12T05:38:57.338+0000] {processor.py:753} INFO - DAG(s) dict_keys(['tutorial_dag']) retrieved from /home/airflow/.local/lib/python3.7/site-packages/airflow/example_dags/tutorial_dag.py
[2022-12-12T05:38:58.508+0000] {logging_mixin.py:137} INFO - [2022-12-12T05:38:58.507+0000] {dag.py:2676} INFO - Sync 1 DAGs
[2022-12-12T05:38:59.036+0000] {logging_mixin.py:137} INFO - [2022-12-12T05:38:59.036+0000] {dag.py:3427} INFO - Setting next_dagrun for tutorial_dag to None, run_after=None
[2022-12-12T05:38:59.265+0000] {processor.py:175} INFO - Processing /home/airflow/.local/lib/python3.7/site-packages/airflow/example_dags/tutorial_dag.py took 2.793 seconds
[2022-12-12T05:39:29.779+0000] {processor.py:153} INFO - Started process (PID=231) to work on /home/airflow/.local/lib/python3.7/site-packages/airflow/example_dags/tutorial_dag.py
[2022-12-12T05:39:29.786+0000] {processor.py:743} INFO - Processing file /home/airflow/.local/lib/python3.7/site-packages/airflow/example_dags/tutorial_dag.py for tasks to queue
[2022-12-12T05:39:29.797+0000] {logging_mixin.py:137} INFO - [2022-12-12T05:39:29.797+0000] {dagbag.py:538} INFO - Filling up the DagBag from /home/airflow/.local/lib/python3.7/site-packages/airflow/example_dags/tutorial_dag.py
[2022-12-12T05:39:29.860+0000] {processor.py:753} INFO - DAG(s) dict_keys(['tutorial_dag']) retrieved from /home/airflow/.local/lib/python3.7/site-packages/airflow/example_dags/tutorial_dag.py
[2022-12-12T05:39:30.077+0000] {logging_mixin.py:137} INFO - [2022-12-12T05:39:30.076+0000] {dag.py:2676} INFO - Sync 1 DAGs
[2022-12-12T05:39:30.256+0000] {logging_mixin.py:137} INFO - [2022-12-12T05:39:30.255+0000] {dag.py:3427} INFO - Setting next_dagrun for tutorial_dag to None, run_after=None
[2022-12-12T05:39:30.467+0000] {processor.py:175} INFO - Processing /home/airflow/.local/lib/python3.7/site-packages/airflow/example_dags/tutorial_dag.py took 0.704 seconds
[2022-12-12T05:40:01.317+0000] {processor.py:153} INFO - Started process (PID=285) to work on /home/airflow/.local/lib/python3.7/site-packages/airflow/example_dags/tutorial_dag.py
[2022-12-12T05:40:01.333+0000] {processor.py:743} INFO - Processing file /home/airflow/.local/lib/python3.7/site-packages/airflow/example_dags/tutorial_dag.py for tasks to queue
[2022-12-12T05:40:01.389+0000] {logging_mixin.py:137} INFO - [2022-12-12T05:40:01.389+0000] {dagbag.py:538} INFO - Filling up the DagBag from /home/airflow/.local/lib/python3.7/site-packages/airflow/example_dags/tutorial_dag.py
[2022-12-12T05:40:01.556+0000] {processor.py:753} INFO - DAG(s) dict_keys(['tutorial_dag']) retrieved from /home/airflow/.local/lib/python3.7/site-packages/airflow/example_dags/tutorial_dag.py
[2022-12-12T05:40:01.998+0000] {logging_mixin.py:137} INFO - [2022-12-12T05:40:01.998+0000] {dag.py:2676} INFO - Sync 1 DAGs
[2022-12-12T05:40:02.265+0000] {logging_mixin.py:137} INFO - [2022-12-12T05:40:02.264+0000] {dag.py:3427} INFO - Setting next_dagrun for tutorial_dag to None, run_after=None
[2022-12-12T05:40:02.460+0000] {processor.py:175} INFO - Processing /home/airflow/.local/lib/python3.7/site-packages/airflow/example_dags/tutorial_dag.py took 1.271 seconds
[2022-12-12T05:40:33.214+0000] {processor.py:153} INFO - Started process (PID=347) to work on /home/airflow/.local/lib/python3.7/site-packages/airflow/example_dags/tutorial_dag.py
[2022-12-12T05:40:33.255+0000] {processor.py:743} INFO - Processing file /home/airflow/.local/lib/python3.7/site-packages/airflow/example_dags/tutorial_dag.py for tasks to queue
[2022-12-12T05:40:33.263+0000] {logging_mixin.py:137} INFO - [2022-12-12T05:40:33.263+0000] {dagbag.py:538} INFO - Filling up the DagBag from /home/airflow/.local/lib/python3.7/site-packages/airflow/example_dags/tutorial_dag.py
[2022-12-12T05:40:33.312+0000] {processor.py:753} INFO - DAG(s) dict_keys(['tutorial_dag']) retrieved from /home/airflow/.local/lib/python3.7/site-packages/airflow/example_dags/tutorial_dag.py
[2022-12-12T05:40:33.435+0000] {logging_mixin.py:137} INFO - [2022-12-12T05:40:33.435+0000] {dag.py:2676} INFO - Sync 1 DAGs
[2022-12-12T05:40:33.564+0000] {logging_mixin.py:137} INFO - [2022-12-12T05:40:33.563+0000] {dag.py:3427} INFO - Setting next_dagrun for tutorial_dag to None, run_after=None
[2022-12-12T05:40:33.673+0000] {processor.py:175} INFO - Processing /home/airflow/.local/lib/python3.7/site-packages/airflow/example_dags/tutorial_dag.py took 0.471 seconds
[2022-12-12T05:41:04.024+0000] {processor.py:153} INFO - Started process (PID=410) to work on /home/airflow/.local/lib/python3.7/site-packages/airflow/example_dags/tutorial_dag.py
[2022-12-12T05:41:04.029+0000] {processor.py:743} INFO - Processing file /home/airflow/.local/lib/python3.7/site-packages/airflow/example_dags/tutorial_dag.py for tasks to queue
[2022-12-12T05:41:04.033+0000] {logging_mixin.py:137} INFO - [2022-12-12T05:41:04.033+0000] {dagbag.py:538} INFO - Filling up the DagBag from /home/airflow/.local/lib/python3.7/site-packages/airflow/example_dags/tutorial_dag.py
[2022-12-12T05:41:04.085+0000] {processor.py:753} INFO - DAG(s) dict_keys(['tutorial_dag']) retrieved from /home/airflow/.local/lib/python3.7/site-packages/airflow/example_dags/tutorial_dag.py
[2022-12-12T05:41:04.217+0000] {logging_mixin.py:137} INFO - [2022-12-12T05:41:04.217+0000] {dag.py:2676} INFO - Sync 1 DAGs
[2022-12-12T05:41:04.324+0000] {logging_mixin.py:137} INFO - [2022-12-12T05:41:04.324+0000] {dag.py:3427} INFO - Setting next_dagrun for tutorial_dag to None, run_after=None
[2022-12-12T05:41:04.412+0000] {processor.py:175} INFO - Processing /home/airflow/.local/lib/python3.7/site-packages/airflow/example_dags/tutorial_dag.py took 0.396 seconds
[2022-12-12T05:41:34.947+0000] {processor.py:153} INFO - Started process (PID=473) to work on /home/airflow/.local/lib/python3.7/site-packages/airflow/example_dags/tutorial_dag.py
[2022-12-12T05:41:34.950+0000] {processor.py:743} INFO - Processing file /home/airflow/.local/lib/python3.7/site-packages/airflow/example_dags/tutorial_dag.py for tasks to queue
[2022-12-12T05:41:34.953+0000] {logging_mixin.py:137} INFO - [2022-12-12T05:41:34.953+0000] {dagbag.py:538} INFO - Filling up the DagBag from /home/airflow/.local/lib/python3.7/site-packages/airflow/example_dags/tutorial_dag.py
[2022-12-12T05:41:34.989+0000] {processor.py:753} INFO - DAG(s) dict_keys(['tutorial_dag']) retrieved from /home/airflow/.local/lib/python3.7/site-packages/airflow/example_dags/tutorial_dag.py
[2022-12-12T05:41:35.124+0000] {logging_mixin.py:137} INFO - [2022-12-12T05:41:35.124+0000] {dag.py:2676} INFO - Sync 1 DAGs
[2022-12-12T05:41:35.250+0000] {logging_mixin.py:137} INFO - [2022-12-12T05:41:35.247+0000] {dag.py:3427} INFO - Setting next_dagrun for tutorial_dag to None, run_after=None
[2022-12-12T05:41:35.337+0000] {processor.py:175} INFO - Processing /home/airflow/.local/lib/python3.7/site-packages/airflow/example_dags/tutorial_dag.py took 0.399 seconds
[2022-12-12T05:42:05.771+0000] {processor.py:153} INFO - Started process (PID=531) to work on /home/airflow/.local/lib/python3.7/site-packages/airflow/example_dags/tutorial_dag.py
[2022-12-12T05:42:05.786+0000] {processor.py:743} INFO - Processing file /home/airflow/.local/lib/python3.7/site-packages/airflow/example_dags/tutorial_dag.py for tasks to queue
[2022-12-12T05:42:05.794+0000] {logging_mixin.py:137} INFO - [2022-12-12T05:42:05.793+0000] {dagbag.py:538} INFO - Filling up the DagBag from /home/airflow/.local/lib/python3.7/site-packages/airflow/example_dags/tutorial_dag.py
[2022-12-12T05:42:05.854+0000] {processor.py:753} INFO - DAG(s) dict_keys(['tutorial_dag']) retrieved from /home/airflow/.local/lib/python3.7/site-packages/airflow/example_dags/tutorial_dag.py
[2022-12-12T05:42:06.036+0000] {logging_mixin.py:137} INFO - [2022-12-12T05:42:06.035+0000] {dag.py:2676} INFO - Sync 1 DAGs
[2022-12-12T05:42:06.106+0000] {logging_mixin.py:137} INFO - [2022-12-12T05:42:06.105+0000] {dag.py:3427} INFO - Setting next_dagrun for tutorial_dag to None, run_after=None
[2022-12-12T05:42:06.166+0000] {processor.py:175} INFO - Processing /home/airflow/.local/lib/python3.7/site-packages/airflow/example_dags/tutorial_dag.py took 0.417 seconds
[2022-12-12T05:42:36.251+0000] {processor.py:153} INFO - Started process (PID=586) to work on /home/airflow/.local/lib/python3.7/site-packages/airflow/example_dags/tutorial_dag.py
[2022-12-12T05:42:36.257+0000] {processor.py:743} INFO - Processing file /home/airflow/.local/lib/python3.7/site-packages/airflow/example_dags/tutorial_dag.py for tasks to queue
[2022-12-12T05:42:36.262+0000] {logging_mixin.py:137} INFO - [2022-12-12T05:42:36.262+0000] {dagbag.py:538} INFO - Filling up the DagBag from /home/airflow/.local/lib/python3.7/site-packages/airflow/example_dags/tutorial_dag.py
[2022-12-12T05:42:36.304+0000] {processor.py:753} INFO - DAG(s) dict_keys(['tutorial_dag']) retrieved from /home/airflow/.local/lib/python3.7/site-packages/airflow/example_dags/tutorial_dag.py
[2022-12-12T05:42:36.410+0000] {logging_mixin.py:137} INFO - [2022-12-12T05:42:36.409+0000] {dag.py:2676} INFO - Sync 1 DAGs
[2022-12-12T05:42:36.492+0000] {logging_mixin.py:137} INFO - [2022-12-12T05:42:36.492+0000] {dag.py:3427} INFO - Setting next_dagrun for tutorial_dag to None, run_after=None
[2022-12-12T05:42:36.552+0000] {processor.py:175} INFO - Processing /home/airflow/.local/lib/python3.7/site-packages/airflow/example_dags/tutorial_dag.py took 0.310 seconds
